mode: atomic
github.com/Sarwarhridoy4/FyClip---Advanced-Clipboard-Manager/internal/config/config.go:24.30,34.2 1 4
github.com/Sarwarhridoy4/FyClip---Advanced-Clipboard-Manager/internal/config/config.go:43.49,48.16 3 0
github.com/Sarwarhridoy4/FyClip---Advanced-Clipboard-Manager/internal/config/config.go:48.16,50.3 1 0
github.com/Sarwarhridoy4/FyClip---Advanced-Clipboard-Manager/internal/config/config.go:52.2,55.53 2 0
github.com/Sarwarhridoy4/FyClip---Advanced-Clipboard-Manager/internal/config/config.go:55.53,57.3 1 0
github.com/Sarwarhridoy4/FyClip---Advanced-Clipboard-Manager/internal/config/config.go:59.2,63.34 3 0
github.com/Sarwarhridoy4/FyClip---Advanced-Clipboard-Manager/internal/config/config.go:63.34,65.43 1 0
github.com/Sarwarhridoy4/FyClip---Advanced-Clipboard-Manager/internal/config/config.go:65.43,67.4 1 0
github.com/Sarwarhridoy4/FyClip---Advanced-Clipboard-Manager/internal/config/config.go:70.2,70.16 1 0
github.com/Sarwarhridoy4/FyClip---Advanced-Clipboard-Manager/internal/config/config.go:74.39,76.16 2 3
github.com/Sarwarhridoy4/FyClip---Advanced-Clipboard-Manager/internal/config/config.go:76.16,77.25 1 1
github.com/Sarwarhridoy4/FyClip---Advanced-Clipboard-Manager/internal/config/config.go:77.25,81.4 2 1
github.com/Sarwarhridoy4/FyClip---Advanced-Clipboard-Manager/internal/config/config.go:82.3,82.54 1 0
github.com/Sarwarhridoy4/FyClip---Advanced-Clipboard-Manager/internal/config/config.go:86.2,86.56 1 2
github.com/Sarwarhridoy4/FyClip---Advanced-Clipboard-Manager/internal/config/config.go:86.56,88.3 1 0
github.com/Sarwarhridoy4/FyClip---Advanced-Clipboard-Manager/internal/config/config.go:91.2,93.12 2 2
github.com/Sarwarhridoy4/FyClip---Advanced-Clipboard-Manager/internal/config/config.go:97.39,99.16 2 3
github.com/Sarwarhridoy4/FyClip---Advanced-Clipboard-Manager/internal/config/config.go:99.16,101.3 1 0
github.com/Sarwarhridoy4/FyClip---Advanced-Clipboard-Manager/internal/config/config.go:103.2,103.64 1 3
github.com/Sarwarhridoy4/FyClip---Advanced-Clipboard-Manager/internal/config/config.go:103.64,105.3 1 0
github.com/Sarwarhridoy4/FyClip---Advanced-Clipboard-Manager/internal/config/config.go:107.2,107.12 1 3
github.com/Sarwarhridoy4/FyClip---Advanced-Clipboard-Manager/internal/config/config.go:111.40,113.2 1 1
github.com/Sarwarhridoy4/FyClip---Advanced-Clipboard-Manager/internal/config/config.go:116.52,119.2 2 1
github.com/Sarwarhridoy4/FyClip---Advanced-Clipboard-Manager/internal/config/config.go:122.36,124.36 1 3
github.com/Sarwarhridoy4/FyClip---Advanced-Clipboard-Manager/internal/config/config.go:124.36,126.3 1 1
github.com/Sarwarhridoy4/FyClip---Advanced-Clipboard-Manager/internal/config/config.go:127.2,127.39 1 3
github.com/Sarwarhridoy4/FyClip---Advanced-Clipboard-Manager/internal/config/config.go:127.39,129.3 1 2
github.com/Sarwarhridoy4/FyClip---Advanced-Clipboard-Manager/internal/config/config.go:130.2,130.34 1 3
github.com/Sarwarhridoy4/FyClip---Advanced-Clipboard-Manager/internal/config/config.go:130.34,132.3 1 3
github.com/Sarwarhridoy4/FyClip---Advanced-Clipboard-Manager/internal/config/config.go:133.2,133.37 1 3
github.com/Sarwarhridoy4/FyClip---Advanced-Clipboard-Manager/internal/config/config.go:133.37,135.3 1 3
github.com/Sarwarhridoy4/FyClip---Advanced-Clipboard-Manager/internal/config/config.go:136.2,136.27 1 3
github.com/Sarwarhridoy4/FyClip---Advanced-Clipboard-Manager/internal/config/config.go:136.27,138.3 1 1
github.com/Sarwarhridoy4/FyClip---Advanced-Clipboard-Manager/internal/config/config.go:142.49,144.2 1 1
github.com/Sarwarhridoy4/FyClip---Advanced-Clipboard-Manager/internal/config/validation.go:23.35,25.57 1 12
github.com/Sarwarhridoy4/FyClip---Advanced-Clipboard-Manager/internal/config/validation.go:25.57,27.3 1 2
github.com/Sarwarhridoy4/FyClip---Advanced-Clipboard-Manager/internal/config/validation.go:30.2,30.90 1 10
github.com/Sarwarhridoy4/FyClip---Advanced-Clipboard-Manager/internal/config/validation.go:30.90,32.3 1 2
github.com/Sarwarhridoy4/FyClip---Advanced-Clipboard-Manager/internal/config/validation.go:35.2,35.71 1 8
github.com/Sarwarhridoy4/FyClip---Advanced-Clipboard-Manager/internal/config/validation.go:35.71,37.3 1 2
github.com/Sarwarhridoy4/FyClip---Advanced-Clipboard-Manager/internal/config/validation.go:40.2,40.78 1 6
github.com/Sarwarhridoy4/FyClip---Advanced-Clipboard-Manager/internal/config/validation.go:40.78,42.3 1 2
github.com/Sarwarhridoy4/FyClip---Advanced-Clipboard-Manager/internal/config/validation.go:45.2,50.27 2 4
github.com/Sarwarhridoy4/FyClip---Advanced-Clipboard-Manager/internal/config/validation.go:50.27,52.3 1 1
github.com/Sarwarhridoy4/FyClip---Advanced-Clipboard-Manager/internal/config/validation.go:54.2,54.12 1 3
github.com/Sarwarhridoy4/FyClip---Advanced-Clipboard-Manager/internal/config/validation.go:58.41,60.57 1 3
github.com/Sarwarhridoy4/FyClip---Advanced-Clipboard-Manager/internal/config/validation.go:60.57,62.3 1 1
github.com/Sarwarhridoy4/FyClip---Advanced-Clipboard-Manager/internal/config/validation.go:64.2,64.90 1 3
github.com/Sarwarhridoy4/FyClip---Advanced-Clipboard-Manager/internal/config/validation.go:64.90,66.3 1 1
github.com/Sarwarhridoy4/FyClip---Advanced-Clipboard-Manager/internal/config/validation.go:68.2,68.71 1 3
github.com/Sarwarhridoy4/FyClip---Advanced-Clipboard-Manager/internal/config/validation.go:68.71,70.3 1 0
github.com/Sarwarhridoy4/FyClip---Advanced-Clipboard-Manager/internal/config/validation.go:72.2,72.78 1 3
github.com/Sarwarhridoy4/FyClip---Advanced-Clipboard-Manager/internal/config/validation.go:72.78,74.3 1 0
github.com/Sarwarhridoy4/FyClip---Advanced-Clipboard-Manager/internal/config/validation.go:76.2,76.19 1 3
github.com/Sarwarhridoy4/FyClip---Advanced-Clipboard-Manager/internal/config/validation.go:76.19,78.3 1 1
github.com/Sarwarhridoy4/FyClip---Advanced-Clipboard-Manager/internal/errors/errors.go:60.41,61.18 1 2
github.com/Sarwarhridoy4/FyClip---Advanced-Clipboard-Manager/internal/errors/errors.go:61.18,63.3 1 1
github.com/Sarwarhridoy4/FyClip---Advanced-Clipboard-Manager/internal/errors/errors.go:64.2,64.49 1 1
github.com/Sarwarhridoy4/FyClip---Advanced-Clipboard-Manager/internal/errors/errors.go:68.41,70.2 1 1
github.com/Sarwarhridoy4/FyClip---Advanced-Clipboard-Manager/internal/errors/errors.go:73.63,79.2 1 1
github.com/Sarwarhridoy4/FyClip---Advanced-Clipboard-Manager/internal/errors/errors.go:82.72,88.2 1 2
github.com/Sarwarhridoy4/FyClip---Advanced-Clipboard-Manager/internal/errors/errors.go:91.75,92.16 1 2
github.com/Sarwarhridoy4/FyClip---Advanced-Clipboard-Manager/internal/errors/errors.go:92.16,94.3 1 1
github.com/Sarwarhridoy4/FyClip---Advanced-Clipboard-Manager/internal/errors/errors.go:95.2,99.3 1 1
github.com/Sarwarhridoy4/FyClip---Advanced-Clipboard-Manager/internal/errors/errors.go:103.48,104.43 1 3
github.com/Sarwarhridoy4/FyClip---Advanced-Clipboard-Manager/internal/errors/errors.go:104.43,106.3 1 2
github.com/Sarwarhridoy4/FyClip---Advanced-Clipboard-Manager/internal/errors/errors.go:107.2,107.14 1 1
github.com/Sarwarhridoy4/FyClip---Advanced-Clipboard-Manager/internal/errors/errors.go:111.54,113.2 1 2
github.com/Sarwarhridoy4/FyClip---Advanced-Clipboard-Manager/internal/errors/errors.go:116.48,121.2 1 1
github.com/Sarwarhridoy4/FyClip---Advanced-Clipboard-Manager/internal/errors/errors.go:124.71,129.2 1 1
github.com/Sarwarhridoy4/FyClip---Advanced-Clipboard-Manager/internal/clipboard/backup.go:31.56,35.2 1 18
github.com/Sarwarhridoy4/FyClip---Advanced-Clipboard-Manager/internal/clipboard/backup.go:38.72,41.16 2 0
github.com/Sarwarhridoy4/FyClip---Advanced-Clipboard-Manager/internal/clipboard/backup.go:41.16,43.3 1 0
github.com/Sarwarhridoy4/FyClip---Advanced-Clipboard-Manager/internal/clipboard/backup.go:46.2,54.16 3 0
github.com/Sarwarhridoy4/FyClip---Advanced-Clipboard-Manager/internal/clipboard/backup.go:54.16,56.3 1 0
github.com/Sarwarhridoy4/FyClip---Advanced-Clipboard-Manager/internal/clipboard/backup.go:57.2,62.16 4 0
github.com/Sarwarhridoy4/FyClip---Advanced-Clipboard-Manager/internal/clipboard/backup.go:62.16,64.3 1 0
github.com/Sarwarhridoy4/FyClip---Advanced-Clipboard-Manager/internal/clipboard/backup.go:67.2,67.20 1 0
github.com/Sarwarhridoy4/FyClip---Advanced-Clipboard-Manager/internal/clipboard/backup.go:67.20,69.3 1 0
github.com/Sarwarhridoy4/FyClip---Advanced-Clipboard-Manager/internal/clipboard/backup.go:72.2,72.24 1 0
github.com/Sarwarhridoy4/FyClip---Advanced-Clipboard-Manager/internal/clipboard/backup.go:76.75,78.16 2 0
github.com/Sarwarhridoy4/FyClip---Advanced-Clipboard-Manager/internal/clipboard/backup.go:78.16,80.3 1 0
github.com/Sarwarhridoy4/FyClip---Advanced-Clipboard-Manager/internal/clipboard/backup.go:82.2,82.45 1 0
github.com/Sarwarhridoy4/FyClip---Advanced-Clipboard-Manager/internal/clipboard/backup.go:86.87,89.16 2 0
github.com/Sarwarhridoy4/FyClip---Advanced-Clipboard-Manager/internal/clipboard/backup.go:89.16,91.3 1 0
github.com/Sarwarhridoy4/FyClip---Advanced-Clipboard-Manager/internal/clipboard/backup.go:93.2,96.20 2 0
github.com/Sarwarhridoy4/FyClip---Advanced-Clipboard-Manager/internal/clipboard/backup.go:96.20,98.17 2 0
github.com/Sarwarhridoy4/FyClip---Advanced-Clipboard-Manager/internal/clipboard/backup.go:98.17,100.4 1 0
github.com/Sarwarhridoy4/FyClip---Advanced-Clipboard-Manager/internal/clipboard/backup.go:101.8,104.3 1 0
github.com/Sarwarhridoy4/FyClip---Advanced-Clipboard-Manager/internal/clipboard/backup.go:107.2,108.60 2 0
github.com/Sarwarhridoy4/FyClip---Advanced-Clipboard-Manager/internal/clipboard/backup.go:108.60,110.3 1 0
github.com/Sarwarhridoy4/FyClip---Advanced-Clipboard-Manager/internal/clipboard/backup.go:113.2,114.16 2 0
github.com/Sarwarhridoy4/FyClip---Advanced-Clipboard-Manager/internal/clipboard/backup.go:114.16,116.3 1 0
github.com/Sarwarhridoy4/FyClip---Advanced-Clipboard-Manager/internal/clipboard/backup.go:117.2,120.43 3 0
github.com/Sarwarhridoy4/FyClip---Advanced-Clipboard-Manager/internal/clipboard/backup.go:120.43,122.3 1 0
github.com/Sarwarhridoy4/FyClip---Advanced-Clipboard-Manager/internal/clipboard/backup.go:124.2,124.11 1 0
github.com/Sarwarhridoy4/FyClip---Advanced-Clipboard-Manager/internal/clipboard/backup.go:124.11,127.17 2 0
github.com/Sarwarhridoy4/FyClip---Advanced-Clipboard-Manager/internal/clipboard/backup.go:127.17,129.4 1 0
github.com/Sarwarhridoy4/FyClip---Advanced-Clipboard-Manager/internal/clipboard/backup.go:132.3,133.33 2 0
github.com/Sarwarhridoy4/FyClip---Advanced-Clipboard-Manager/internal/clipboard/backup.go:133.33,135.4 1 0
github.com/Sarwarhridoy4/FyClip---Advanced-Clipboard-Manager/internal/clipboard/backup.go:138.3,138.37 1 0
github.com/Sarwarhridoy4/FyClip---Advanced-Clipboard-Manager/internal/clipboard/backup.go:138.37,139.50 1 0
github.com/Sarwarhridoy4/FyClip---Advanced-Clipboard-Manager/internal/clipboard/backup.go:139.50,141.5 1 0
github.com/Sarwarhridoy4/FyClip---Advanced-Clipboard-Manager/internal/clipboard/backup.go:144.3,144.35 1 0
github.com/Sarwarhridoy4/FyClip---Advanced-Clipboard-Manager/internal/clipboard/backup.go:148.2,148.38 1 0
github.com/Sarwarhridoy4/FyClip---Advanced-Clipboard-Manager/internal/clipboard/backup.go:152.92,157.16 3 0
github.com/Sarwarhridoy4/FyClip---Advanced-Clipboard-Manager/internal/clipboard/backup.go:157.16,159.3 1 0
github.com/Sarwarhridoy4/FyClip---Advanced-Clipboard-Manager/internal/clipboard/backup.go:161.2,162.16 2 0
github.com/Sarwarhridoy4/FyClip---Advanced-Clipboard-Manager/internal/clipboard/backup.go:162.16,164.3 1 0
github.com/Sarwarhridoy4/FyClip---Advanced-Clipboard-Manager/internal/clipboard/backup.go:166.2,167.59 2 0
github.com/Sarwarhridoy4/FyClip---Advanced-Clipboard-Manager/internal/clipboard/backup.go:167.59,169.3 1 0
github.com/Sarwarhridoy4/FyClip---Advanced-Clipboard-Manager/internal/clipboard/backup.go:171.2,172.24 2 0
github.com/Sarwarhridoy4/FyClip---Advanced-Clipboard-Manager/internal/clipboard/backup.go:176.92,181.16 3 0
github.com/Sarwarhridoy4/FyClip---Advanced-Clipboard-Manager/internal/clipboard/backup.go:181.16,183.3 1 0
github.com/Sarwarhridoy4/FyClip---Advanced-Clipboard-Manager/internal/clipboard/backup.go:185.2,186.16 2 0
github.com/Sarwarhridoy4/FyClip---Advanced-Clipboard-Manager/internal/clipboard/backup.go:186.16,188.3 1 0
github.com/Sarwarhridoy4/FyClip---Advanced-Clipboard-Manager/internal/clipboard/backup.go:190.2,191.27 2 0
github.com/Sarwarhridoy4/FyClip---Advanced-Clipboard-Manager/internal/clipboard/backup.go:191.27,193.3 1 0
github.com/Sarwarhridoy4/FyClip---Advanced-Clipboard-Manager/internal/clipboard/backup.go:195.2,197.16 3 0
github.com/Sarwarhridoy4/FyClip---Advanced-Clipboard-Manager/internal/clipboard/backup.go:197.16,199.3 1 0
github.com/Sarwarhridoy4/FyClip---Advanced-Clipboard-Manager/internal/clipboard/backup.go:201.2,201.23 1 0
github.com/Sarwarhridoy4/FyClip---Advanced-Clipboard-Manager/internal/clipboard/backup.go:205.69,209.16 3 0
github.com/Sarwarhridoy4/FyClip---Advanced-Clipboard-Manager/internal/clipboard/backup.go:209.16,211.3 1 0
github.com/Sarwarhridoy4/FyClip---Advanced-Clipboard-Manager/internal/clipboard/backup.go:214.2,214.54 1 0
github.com/Sarwarhridoy4/FyClip---Advanced-Clipboard-Manager/internal/clipboard/backup.go:214.54,220.3 1 0
github.com/Sarwarhridoy4/FyClip---Advanced-Clipboard-Manager/internal/clipboard/backup.go:222.2,222.20 1 0
github.com/Sarwarhridoy4/FyClip---Advanced-Clipboard-Manager/internal/clipboard/exclusion.go:34.46,38.2 1 29
github.com/Sarwarhridoy4/FyClip---Advanced-Clipboard-Manager/internal/clipboard/exclusion.go:41.62,42.18 1 9
github.com/Sarwarhridoy4/FyClip---Advanced-Clipboard-Manager/internal/clipboard/exclusion.go:42.18,44.3 1 1
github.com/Sarwarhridoy4/FyClip---Advanced-Clipboard-Manager/internal/clipboard/exclusion.go:44.8,46.3 1 8
github.com/Sarwarhridoy4/FyClip---Advanced-Clipboard-Manager/internal/clipboard/exclusion.go:50.56,52.2 1 7
github.com/Sarwarhridoy4/FyClip---Advanced-Clipboard-Manager/internal/clipboard/exclusion.go:55.57,57.2 1 7
github.com/Sarwarhridoy4/FyClip---Advanced-Clipboard-Manager/internal/clipboard/exclusion.go:60.51,61.29 1 1
github.com/Sarwarhridoy4/FyClip---Advanced-Clipboard-Manager/internal/clipboard/exclusion.go:61.29,62.17 1 1
github.com/Sarwarhridoy4/FyClip---Advanced-Clipboard-Manager/internal/clipboard/exclusion.go:62.17,65.4 2 1
github.com/Sarwarhridoy4/FyClip---Advanced-Clipboard-Manager/internal/clipboard/exclusion.go:70.60,71.29 1 1
github.com/Sarwarhridoy4/FyClip---Advanced-Clipboard-Manager/internal/clipboard/exclusion.go:71.29,72.22 1 1
github.com/Sarwarhridoy4/FyClip---Advanced-Clipboard-Manager/internal/clipboard/exclusion.go:72.22,75.4 2 1
github.com/Sarwarhridoy4/FyClip---Advanced-Clipboard-Manager/internal/clipboard/exclusion.go:80.107,81.32 1 7
github.com/Sarwarhridoy4/FyClip---Advanced-Clipboard-Manager/internal/clipboard/exclusion.go:81.32,82.20 1 7
github.com/Sarwarhridoy4/FyClip---Advanced-Clipboard-Manager/internal/clipboard/exclusion.go:82.20,83.12 1 1
github.com/Sarwarhridoy4/FyClip---Advanced-Clipboard-Manager/internal/clipboard/exclusion.go:86.3,86.20 1 6
github.com/Sarwarhridoy4/FyClip---Advanced-Clipboard-Manager/internal/clipboard/exclusion.go:87.27,88.21 1 2
github.com/Sarwarhridoy4/FyClip---Advanced-Clipboard-Manager/internal/clipboard/exclusion.go:88.21,89.13 1 0
github.com/Sarwarhridoy4/FyClip---Advanced-Clipboard-Manager/internal/clipboard/exclusion.go:92.4,93.18 2 2
github.com/Sarwarhridoy4/FyClip---Advanced-Clipboard-Manager/internal/clipboard/exclusion.go:93.18,94.13 1 0
github.com/Sarwarhridoy4/FyClip---Advanced-Clipboard-Manager/internal/clipboard/exclusion.go:96.4,96.31 1 2
github.com/Sarwarhridoy4/FyClip---Advanced-Clipboard-Manager/internal/clipboard/exclusion.go:96.31,98.5 1 1
github.com/Sarwarhridoy4/FyClip---Advanced-Clipboard-Manager/internal/clipboard/exclusion.go:100.25,101.21 1 2
github.com/Sarwarhridoy4/FyClip---Advanced-Clipboard-Manager/internal/clipboard/exclusion.go:101.21,102.13 1 0
github.com/Sarwarhridoy4/FyClip---Advanced-Clipboard-Manager/internal/clipboard/exclusion.go:105.4,105.81 1 2
github.com/Sarwarhridoy4/FyClip---Advanced-Clipboard-Manager/internal/clipboard/exclusion.go:105.81,107.5 1 1
github.com/Sarwarhridoy4/FyClip---Advanced-Clipboard-Manager/internal/clipboard/exclusion.go:109.26,111.18 2 2
github.com/Sarwarhridoy4/FyClip---Advanced-Clipboard-Manager/internal/clipboard/exclusion.go:111.18,112.13 1 0
github.com/Sarwarhridoy4/FyClip---Advanced-Clipboard-Manager/internal/clipboard/exclusion.go:114.4,115.27 2 2
github.com/Sarwarhridoy4/FyClip---Advanced-Clipboard-Manager/internal/clipboard/exclusion.go:115.27,117.5 1 1
github.com/Sarwarhridoy4/FyClip---Advanced-Clipboard-Manager/internal/clipboard/exclusion.go:121.2,121.18 1 4
github.com/Sarwarhridoy4/FyClip---Advanced-Clipboard-Manager/internal/clipboard/exclusion.go:125.49,156.2 1 30
github.com/Sarwarhridoy4/FyClip---Advanced-Clipboard-Manager/internal/clipboard/item.go:22.35,23.11 1 3
github.com/Sarwarhridoy4/FyClip---Advanced-Clipboard-Manager/internal/clipboard/item.go:24.16,25.16 1 1
github.com/Sarwarhridoy4/FyClip---Advanced-Clipboard-Manager/internal/clipboard/item.go:26.17,27.17 1 1
github.com/Sarwarhridoy4/FyClip---Advanced-Clipboard-Manager/internal/clipboard/item.go:28.16,29.16 1 0
github.com/Sarwarhridoy4/FyClip---Advanced-Clipboard-Manager/internal/clipboard/item.go:30.16,31.16 1 0
github.com/Sarwarhridoy4/FyClip---Advanced-Clipboard-Manager/internal/clipboard/item.go:32.10,33.19 1 1
github.com/Sarwarhridoy4/FyClip---Advanced-Clipboard-Manager/internal/clipboard/item.go:66.35,68.2 1 14
github.com/Sarwarhridoy4/FyClip---Advanced-Clipboard-Manager/internal/clipboard/item.go:71.39,73.2 1 24
github.com/Sarwarhridoy4/FyClip---Advanced-Clipboard-Manager/internal/clipboard/item.go:76.47,77.25 1 7
github.com/Sarwarhridoy4/FyClip---Advanced-Clipboard-Manager/internal/clipboard/item.go:77.25,81.3 1 1
github.com/Sarwarhridoy4/FyClip---Advanced-Clipboard-Manager/internal/clipboard/item.go:83.2,83.24 1 6
github.com/Sarwarhridoy4/FyClip---Advanced-Clipboard-Manager/internal/clipboard/item.go:83.24,84.24 1 0
github.com/Sarwarhridoy4/FyClip---Advanced-Clipboard-Manager/internal/clipboard/item.go:84.24,86.4 1 0
github.com/Sarwarhridoy4/FyClip---Advanced-Clipboard-Manager/internal/clipboard/item.go:87.3,87.65 1 0
github.com/Sarwarhridoy4/FyClip---Advanced-Clipboard-Manager/internal/clipboard/item.go:90.2,94.24 4 6
github.com/Sarwarhridoy4/FyClip---Advanced-Clipboard-Manager/internal/clipboard/item.go:94.24,96.3 1 2
github.com/Sarwarhridoy4/FyClip---Advanced-Clipboard-Manager/internal/clipboard/item.go:97.2,97.13 1 6
github.com/Sarwarhridoy4/FyClip---Advanced-Clipboard-Manager/internal/clipboard/item.go:101.27,102.25 1 5
github.com/Sarwarhridoy4/FyClip---Advanced-Clipboard-Manager/internal/clipboard/item.go:102.25,104.3 1 2
github.com/Sarwarhridoy4/FyClip---Advanced-Clipboard-Manager/internal/clipboard/item.go:105.2,105.45 1 3
github.com/Sarwarhridoy4/FyClip---Advanced-Clipboard-Manager/internal/clipboard/item.go:105.45,107.3 1 0
github.com/Sarwarhridoy4/FyClip---Advanced-Clipboard-Manager/internal/clipboard/item.go:108.2,108.23 1 3
github.com/Sarwarhridoy4/FyClip---Advanced-Clipboard-Manager/internal/clipboard/item.go:112.31,114.2 1 0
github.com/Sarwarhridoy4/FyClip---Advanced-Clipboard-Manager/internal/clipboard/item.go:117.30,119.2 1 0
github.com/Sarwarhridoy4/FyClip---Advanced-Clipboard-Manager/internal/clipboard/item.go:122.43,123.47 1 0
github.com/Sarwarhridoy4/FyClip---Advanced-Clipboard-Manager/internal/clipboard/item.go:123.47,126.3 1 0
github.com/Sarwarhridoy4/FyClip---Advanced-Clipboard-Manager/internal/clipboard/item.go:127.2,127.18 1 0
github.com/Sarwarhridoy4/FyClip---Advanced-Clipboard-Manager/internal/clipboard/item.go:131.40,134.25 3 0
github.com/Sarwarhridoy4/FyClip---Advanced-Clipboard-Manager/internal/clipboard/item.go:134.25,135.15 1 0
github.com/Sarwarhridoy4/FyClip---Advanced-Clipboard-Manager/internal/clipboard/item.go:135.15,137.4 1 0
github.com/Sarwarhridoy4/FyClip---Advanced-Clipboard-Manager/internal/clipboard/item.go:137.9,137.22 1 0
github.com/Sarwarhridoy4/FyClip---Advanced-Clipboard-Manager/internal/clipboard/item.go:137.22,139.4 1 0
github.com/Sarwarhridoy4/FyClip---Advanced-Clipboard-Manager/internal/clipboard/item.go:139.9,139.20 1 0
github.com/Sarwarhridoy4/FyClip---Advanced-Clipboard-Manager/internal/clipboard/item.go:139.20,141.4 1 0
github.com/Sarwarhridoy4/FyClip---Advanced-Clipboard-Manager/internal/clipboard/item.go:143.2,143.24 1 0
github.com/Sarwarhridoy4/FyClip---Advanced-Clipboard-Manager/internal/clipboard/item.go:147.41,149.18 2 0
github.com/Sarwarhridoy4/FyClip---Advanced-Clipboard-Manager/internal/clipboard/item.go:149.18,151.3 1 0
github.com/Sarwarhridoy4/FyClip---Advanced-Clipboard-Manager/internal/clipboard/item.go:152.2,153.46 2 0
github.com/Sarwarhridoy4/FyClip---Advanced-Clipboard-Manager/internal/clipboard/item.go:153.46,156.3 2 0
github.com/Sarwarhridoy4/FyClip---Advanced-Clipboard-Manager/internal/clipboard/item.go:157.2,158.75 2 0
github.com/Sarwarhridoy4/FyClip---Advanced-Clipboard-Manager/internal/clipboard/item.go:162.33,165.24 2 8
github.com/Sarwarhridoy4/FyClip---Advanced-Clipboard-Manager/internal/clipboard/item.go:165.24,167.3 1 1
github.com/Sarwarhridoy4/FyClip---Advanced-Clipboard-Manager/internal/clipboard/item.go:167.8,167.29 1 7
github.com/Sarwarhridoy4/FyClip---Advanced-Clipboard-Manager/internal/clipboard/item.go:167.29,170.3 2 2
github.com/Sarwarhridoy4/FyClip---Advanced-Clipboard-Manager/internal/clipboard/item.go:170.8,170.32 1 5
github.com/Sarwarhridoy4/FyClip---Advanced-Clipboard-Manager/internal/clipboard/item.go:170.32,173.3 2 2
github.com/Sarwarhridoy4/FyClip---Advanced-Clipboard-Manager/internal/clipboard/item.go:175.2,176.15 2 3
github.com/Sarwarhridoy4/FyClip---Advanced-Clipboard-Manager/internal/clipboard/item.go:176.15,178.3 1 2
github.com/Sarwarhridoy4/FyClip---Advanced-Clipboard-Manager/internal/clipboard/item.go:179.2,179.37 1 1
github.com/Sarwarhridoy4/FyClip---Advanced-Clipboard-Manager/internal/clipboard/item.go:183.37,184.22 1 23
github.com/Sarwarhridoy4/FyClip---Advanced-Clipboard-Manager/internal/clipboard/item.go:184.22,186.3 1 0
github.com/Sarwarhridoy4/FyClip---Advanced-Clipboard-Manager/internal/clipboard/item.go:188.2,191.20 2 23
github.com/Sarwarhridoy4/FyClip---Advanced-Clipboard-Manager/internal/clipboard/item.go:191.20,194.3 2 0
github.com/Sarwarhridoy4/FyClip---Advanced-Clipboard-Manager/internal/clipboard/item.go:197.2,197.22 1 23
github.com/Sarwarhridoy4/FyClip---Advanced-Clipboard-Manager/internal/clipboard/item.go:197.22,200.3 2 0
github.com/Sarwarhridoy4/FyClip---Advanced-Clipboard-Manager/internal/clipboard/item.go:203.2,203.28 1 23
github.com/Sarwarhridoy4/FyClip---Advanced-Clipboard-Manager/internal/clipboard/item.go:203.28,206.3 2 0
github.com/Sarwarhridoy4/FyClip---Advanced-Clipboard-Manager/internal/clipboard/item.go:209.2,209.28 1 23
github.com/Sarwarhridoy4/FyClip---Advanced-Clipboard-Manager/internal/clipboard/item.go:209.28,212.3 2 0
github.com/Sarwarhridoy4/FyClip---Advanced-Clipboard-Manager/internal/clipboard/item.go:215.2,215.32 1 23
github.com/Sarwarhridoy4/FyClip---Advanced-Clipboard-Manager/internal/clipboard/item.go:215.32,218.3 2 0
github.com/Sarwarhridoy4/FyClip---Advanced-Clipboard-Manager/internal/clipboard/item.go:221.2,221.21 1 23
github.com/Sarwarhridoy4/FyClip---Advanced-Clipboard-Manager/internal/clipboard/item.go:221.21,224.3 2 0
github.com/Sarwarhridoy4/FyClip---Advanced-Clipboard-Manager/internal/clipboard/item.go:227.2,227.16 1 23
github.com/Sarwarhridoy4/FyClip---Advanced-Clipboard-Manager/internal/clipboard/item.go:228.17,229.24 1 2
github.com/Sarwarhridoy4/FyClip---Advanced-Clipboard-Manager/internal/clipboard/item.go:230.16,231.23 1 0
github.com/Sarwarhridoy4/FyClip---Advanced-Clipboard-Manager/internal/clipboard/item.go:232.16,233.21 1 1
github.com/Sarwarhridoy4/FyClip---Advanced-Clipboard-Manager/internal/clipboard/item.go:234.10,235.22 1 20
github.com/Sarwarhridoy4/FyClip---Advanced-Clipboard-Manager/internal/clipboard/item.go:240.35,241.27 1 0
github.com/Sarwarhridoy4/FyClip---Advanced-Clipboard-Manager/internal/clipboard/item.go:241.27,242.15 1 0
github.com/Sarwarhridoy4/FyClip---Advanced-Clipboard-Manager/internal/clipboard/item.go:242.15,244.4 1 0
github.com/Sarwarhridoy4/FyClip---Advanced-Clipboard-Manager/internal/clipboard/item.go:246.2,246.30 1 0
github.com/Sarwarhridoy4/FyClip---Advanced-Clipboard-Manager/internal/clipboard/item.go:250.38,252.27 2 0
github.com/Sarwarhridoy4/FyClip---Advanced-Clipboard-Manager/internal/clipboard/item.go:252.27,253.15 1 0
github.com/Sarwarhridoy4/FyClip---Advanced-Clipboard-Manager/internal/clipboard/item.go:253.15,255.4 1 0
github.com/Sarwarhridoy4/FyClip---Advanced-Clipboard-Manager/internal/clipboard/item.go:257.2,257.18 1 0
github.com/Sarwarhridoy4/FyClip---Advanced-Clipboard-Manager/internal/clipboard/item.go:261.40,262.27 1 0
github.com/Sarwarhridoy4/FyClip---Advanced-Clipboard-Manager/internal/clipboard/item.go:262.27,263.15 1 0
github.com/Sarwarhridoy4/FyClip---Advanced-Clipboard-Manager/internal/clipboard/item.go:263.15,265.4 1 0
github.com/Sarwarhridoy4/FyClip---Advanced-Clipboard-Manager/internal/clipboard/item.go:267.2,267.14 1 0
github.com/Sarwarhridoy4/FyClip---Advanced-Clipboard-Manager/internal/clipboard/item.go:271.33,277.2 2 23
github.com/Sarwarhridoy4/FyClip---Advanced-Clipboard-Manager/internal/clipboard/item.go:280.35,284.2 3 23
github.com/Sarwarhridoy4/FyClip---Advanced-Clipboard-Manager/internal/clipboard/item.go:287.41,292.2 3 23
github.com/Sarwarhridoy4/FyClip---Advanced-Clipboard-Manager/internal/clipboard/item.go:295.41,303.43 3 23
github.com/Sarwarhridoy4/FyClip---Advanced-Clipboard-Manager/internal/clipboard/item.go:303.43,304.43 1 644
github.com/Sarwarhridoy4/FyClip---Advanced-Clipboard-Manager/internal/clipboard/item.go:304.43,306.18 2 0
github.com/Sarwarhridoy4/FyClip---Advanced-Clipboard-Manager/internal/clipboard/item.go:306.18,308.5 1 0
github.com/Sarwarhridoy4/FyClip---Advanced-Clipboard-Manager/internal/clipboard/item.go:311.2,311.14 1 23
github.com/Sarwarhridoy4/FyClip---Advanced-Clipboard-Manager/internal/clipboard/item.go:315.45,320.2 3 23
github.com/Sarwarhridoy4/FyClip---Advanced-Clipboard-Manager/internal/clipboard/item.go:323.34,326.72 2 23
github.com/Sarwarhridoy4/FyClip---Advanced-Clipboard-Manager/internal/clipboard/item.go:326.72,330.3 2 0
github.com/Sarwarhridoy4/FyClip---Advanced-Clipboard-Manager/internal/clipboard/item.go:331.2,331.14 1 23
github.com/Sarwarhridoy4/FyClip---Advanced-Clipboard-Manager/internal/clipboard/manager.go:84.47,88.16 3 18
github.com/Sarwarhridoy4/FyClip---Advanced-Clipboard-Manager/internal/clipboard/manager.go:88.16,91.3 2 0
github.com/Sarwarhridoy4/FyClip---Advanced-Clipboard-Manager/internal/clipboard/manager.go:93.2,94.16 2 18
github.com/Sarwarhridoy4/FyClip---Advanced-Clipboard-Manager/internal/clipboard/manager.go:94.16,97.3 2 0
github.com/Sarwarhridoy4/FyClip---Advanced-Clipboard-Manager/internal/clipboard/manager.go:99.2,122.50 2 18
github.com/Sarwarhridoy4/FyClip---Advanced-Clipboard-Manager/internal/clipboard/manager.go:122.50,124.25 1 0
github.com/Sarwarhridoy4/FyClip---Advanced-Clipboard-Manager/internal/clipboard/manager.go:124.25,126.4 1 0
github.com/Sarwarhridoy4/FyClip---Advanced-Clipboard-Manager/internal/clipboard/manager.go:130.2,130.40 1 18
github.com/Sarwarhridoy4/FyClip---Advanced-Clipboard-Manager/internal/clipboard/manager.go:130.40,132.3 1 0
github.com/Sarwarhridoy4/FyClip---Advanced-Clipboard-Manager/internal/clipboard/manager.go:135.2,142.15 5 18
github.com/Sarwarhridoy4/FyClip---Advanced-Clipboard-Manager/internal/clipboard/manager.go:146.39,148.16 2 18
github.com/Sarwarhridoy4/FyClip---Advanced-Clipboard-Manager/internal/clipboard/manager.go:148.16,150.3 1 0
github.com/Sarwarhridoy4/FyClip---Advanced-Clipboard-Manager/internal/clipboard/manager.go:152.2,158.12 6 18
github.com/Sarwarhridoy4/FyClip---Advanced-Clipboard-Manager/internal/clipboard/manager.go:162.36,165.33 3 18
github.com/Sarwarhridoy4/FyClip---Advanced-Clipboard-Manager/internal/clipboard/manager.go:165.33,170.3 3 0
github.com/Sarwarhridoy4/FyClip---Advanced-Clipboard-Manager/internal/clipboard/manager.go:174.38,175.16 1 1
github.com/Sarwarhridoy4/FyClip---Advanced-Clipboard-Manager/internal/clipboard/manager.go:175.16,177.3 1 0
github.com/Sarwarhridoy4/FyClip---Advanced-Clipboard-Manager/internal/clipboard/manager.go:179.2,179.9 1 1
github.com/Sarwarhridoy4/FyClip---Advanced-Clipboard-Manager/internal/clipboard/manager.go:180.32,180.32 0 1
github.com/Sarwarhridoy4/FyClip---Advanced-Clipboard-Manager/internal/clipboard/manager.go:181.10,181.10 0 0
github.com/Sarwarhridoy4/FyClip---Advanced-Clipboard-Manager/internal/clipboard/manager.go:187.33,189.2 1 1
github.com/Sarwarhridoy4/FyClip---Advanced-Clipboard-Manager/internal/clipboard/manager.go:192.36,198.46 5 19
github.com/Sarwarhridoy4/FyClip---Advanced-Clipboard-Manager/internal/clipboard/manager.go:198.46,199.23 1 1
github.com/Sarwarhridoy4/FyClip---Advanced-Clipboard-Manager/internal/clipboard/manager.go:199.23,201.4 1 1
github.com/Sarwarhridoy4/FyClip---Advanced-Clipboard-Manager/internal/clipboard/manager.go:206.33,208.2 1 0
github.com/Sarwarhridoy4/FyClip---Advanced-Clipboard-Manager/internal/clipboard/manager.go:211.41,213.2 1 0
github.com/Sarwarhridoy4/FyClip---Advanced-Clipboard-Manager/internal/clipboard/manager.go:216.52,217.48 1 25
github.com/Sarwarhridoy4/FyClip---Advanced-Clipboard-Manager/internal/clipboard/manager.go:217.48,219.3 1 1
github.com/Sarwarhridoy4/FyClip---Advanced-Clipboard-Manager/internal/clipboard/manager.go:222.2,222.21 1 24
github.com/Sarwarhridoy4/FyClip---Advanced-Clipboard-Manager/internal/clipboard/manager.go:222.21,223.28 1 24
github.com/Sarwarhridoy4/FyClip---Advanced-Clipboard-Manager/internal/clipboard/manager.go:223.28,226.4 2 21
github.com/Sarwarhridoy4/FyClip---Advanced-Clipboard-Manager/internal/clipboard/manager.go:226.9,229.4 2 3
github.com/Sarwarhridoy4/FyClip---Advanced-Clipboard-Manager/internal/clipboard/manager.go:232.2,239.24 4 24
github.com/Sarwarhridoy4/FyClip---Advanced-Clipboard-Manager/internal/clipboard/manager.go:239.24,242.29 3 14
github.com/Sarwarhridoy4/FyClip---Advanced-Clipboard-Manager/internal/clipboard/manager.go:242.29,244.4 1 1
github.com/Sarwarhridoy4/FyClip---Advanced-Clipboard-Manager/internal/clipboard/manager.go:248.2,249.52 2 23
github.com/Sarwarhridoy4/FyClip---Advanced-Clipboard-Manager/internal/clipboard/manager.go:249.52,253.3 2 0
github.com/Sarwarhridoy4/FyClip---Advanced-Clipboard-Manager/internal/clipboard/manager.go:256.2,275.3 10 23
github.com/Sarwarhridoy4/FyClip---Advanced-Clipboard-Manager/internal/clipboard/manager.go:280.42,281.38 1 1
github.com/Sarwarhridoy4/FyClip---Advanced-Clipboard-Manager/internal/clipboard/manager.go:281.38,283.3 1 0
github.com/Sarwarhridoy4/FyClip---Advanced-Clipboard-Manager/internal/clipboard/manager.go:285.2,297.29 6 1
github.com/Sarwarhridoy4/FyClip---Advanced-Clipboard-Manager/internal/clipboard/manager.go:302.54,303.45 1 1
github.com/Sarwarhridoy4/FyClip---Advanced-Clipboard-Manager/internal/clipboard/manager.go:303.45,308.3 4 1
github.com/Sarwarhridoy4/FyClip---Advanced-Clipboard-Manager/internal/clipboard/manager.go:312.33,314.43 2 24
github.com/Sarwarhridoy4/FyClip---Advanced-Clipboard-Manager/internal/clipboard/manager.go:314.43,315.27 1 43
github.com/Sarwarhridoy4/FyClip---Advanced-Clipboard-Manager/internal/clipboard/manager.go:315.27,317.41 2 43
github.com/Sarwarhridoy4/FyClip---Advanced-Clipboard-Manager/internal/clipboard/manager.go:317.41,319.5 1 0
github.com/Sarwarhridoy4/FyClip---Advanced-Clipboard-Manager/internal/clipboard/manager.go:325.36,329.38 3 75
github.com/Sarwarhridoy4/FyClip---Advanced-Clipboard-Manager/internal/clipboard/manager.go:329.38,331.3 1 23
github.com/Sarwarhridoy4/FyClip---Advanced-Clipboard-Manager/internal/clipboard/manager.go:331.8,333.3 1 52
github.com/Sarwarhridoy4/FyClip---Advanced-Clipboard-Manager/internal/clipboard/manager.go:335.2,338.33 3 75
github.com/Sarwarhridoy4/FyClip---Advanced-Clipboard-Manager/internal/clipboard/manager.go:338.33,339.18 1 64
github.com/Sarwarhridoy4/FyClip---Advanced-Clipboard-Manager/internal/clipboard/manager.go:339.18,341.4 1 55
github.com/Sarwarhridoy4/FyClip---Advanced-Clipboard-Manager/internal/clipboard/manager.go:342.3,342.45 1 9
github.com/Sarwarhridoy4/FyClip---Advanced-Clipboard-Manager/internal/clipboard/manager.go:346.2,346.27 1 75
github.com/Sarwarhridoy4/FyClip---Advanced-Clipboard-Manager/internal/clipboard/manager.go:346.27,348.19 2 64
github.com/Sarwarhridoy4/FyClip---Advanced-Clipboard-Manager/internal/clipboard/manager.go:348.19,349.12 1 63
github.com/Sarwarhridoy4/FyClip---Advanced-Clipboard-Manager/internal/clipboard/manager.go:351.3,351.18 1 1
github.com/Sarwarhridoy4/FyClip---Advanced-Clipboard-Manager/internal/clipboard/manager.go:351.18,353.4 1 1
github.com/Sarwarhridoy4/FyClip---Advanced-Clipboard-Manager/internal/clipboard/manager.go:355.2,355.27 1 75
github.com/Sarwarhridoy4/FyClip---Advanced-Clipboard-Manager/internal/clipboard/manager.go:355.27,357.18 2 64
github.com/Sarwarhridoy4/FyClip---Advanced-Clipboard-Manager/internal/clipboard/manager.go:357.18,358.12 1 1
github.com/Sarwarhridoy4/FyClip---Advanced-Clipboard-Manager/internal/clipboard/manager.go:360.3,360.23 1 63
github.com/Sarwarhridoy4/FyClip---Advanced-Clipboard-Manager/internal/clipboard/manager.go:360.23,361.12 1 0
github.com/Sarwarhridoy4/FyClip---Advanced-Clipboard-Manager/internal/clipboard/manager.go:363.3,363.18 1 63
github.com/Sarwarhridoy4/FyClip---Advanced-Clipboard-Manager/internal/clipboard/manager.go:363.18,365.4 1 59
github.com/Sarwarhridoy4/FyClip---Advanced-Clipboard-Manager/internal/clipboard/manager.go:368.2,368.22 1 75
github.com/Sarwarhridoy4/FyClip---Advanced-Clipboard-Manager/internal/clipboard/manager.go:372.47,379.2 5 0
github.com/Sarwarhridoy4/FyClip---Advanced-Clipboard-Manager/internal/clipboard/manager.go:382.43,391.2 7 2
github.com/Sarwarhridoy4/FyClip---Advanced-Clipboard-Manager/internal/clipboard/manager.go:394.39,398.2 3 3
github.com/Sarwarhridoy4/FyClip---Advanced-Clipboard-Manager/internal/clipboard/manager.go:401.49,402.16 1 3
github.com/Sarwarhridoy4/FyClip---Advanced-Clipboard-Manager/internal/clipboard/manager.go:402.16,404.3 1 2
github.com/Sarwarhridoy4/FyClip---Advanced-Clipboard-Manager/internal/clipboard/manager.go:406.2,414.13 8 1
github.com/Sarwarhridoy4/FyClip---Advanced-Clipboard-Manager/internal/clipboard/manager.go:418.39,422.2 3 1
github.com/Sarwarhridoy4/FyClip---Advanced-Clipboard-Manager/internal/clipboard/manager.go:425.55,426.22 1 1
github.com/Sarwarhridoy4/FyClip---Advanced-Clipboard-Manager/internal/clipboard/manager.go:426.22,428.3 1 0
github.com/Sarwarhridoy4/FyClip---Advanced-Clipboard-Manager/internal/clipboard/manager.go:429.2,429.23 1 1
github.com/Sarwarhridoy4/FyClip---Advanced-Clipboard-Manager/internal/clipboard/manager.go:433.38,434.22 1 1
github.com/Sarwarhridoy4/FyClip---Advanced-Clipboard-Manager/internal/clipboard/manager.go:434.22,436.3 1 0
github.com/Sarwarhridoy4/FyClip---Advanced-Clipboard-Manager/internal/clipboard/manager.go:437.2,437.20 1 1
github.com/Sarwarhridoy4/FyClip---Advanced-Clipboard-Manager/internal/clipboard/manager.go:441.45,442.22 1 2
github.com/Sarwarhridoy4/FyClip---Advanced-Clipboard-Manager/internal/clipboard/manager.go:442.22,444.3 1 0
github.com/Sarwarhridoy4/FyClip---Advanced-Clipboard-Manager/internal/clipboard/manager.go:445.2,445.29 1 2
github.com/Sarwarhridoy4/FyClip---Advanced-Clipboard-Manager/internal/clipboard/manager.go:449.53,451.2 1 0
github.com/Sarwarhridoy4/FyClip---Advanced-Clipboard-Manager/internal/clipboard/manager.go:454.43,461.2 5 16
github.com/Sarwarhridoy4/FyClip---Advanced-Clipboard-Manager/internal/clipboard/manager.go:464.57,471.2 5 0
github.com/Sarwarhridoy4/FyClip---Advanced-Clipboard-Manager/internal/clipboard/manager.go:474.53,478.2 3 0
github.com/Sarwarhridoy4/FyClip---Advanced-Clipboard-Manager/internal/clipboard/manager.go:481.44,490.2 7 0
github.com/Sarwarhridoy4/FyClip---Advanced-Clipboard-Manager/internal/clipboard/manager.go:493.46,502.2 7 0
github.com/Sarwarhridoy4/FyClip---Advanced-Clipboard-Manager/internal/clipboard/manager.go:505.44,514.2 7 0
github.com/Sarwarhridoy4/FyClip---Advanced-Clipboard-Manager/internal/clipboard/manager.go:517.40,524.2 5 14
github.com/Sarwarhridoy4/FyClip---Advanced-Clipboard-Manager/internal/clipboard/manager.go:527.42,531.2 3 23
github.com/Sarwarhridoy4/FyClip---Advanced-Clipboard-Manager/internal/clipboard/manager.go:534.51,538.43 3 3
github.com/Sarwarhridoy4/FyClip---Advanced-Clipboard-Manager/internal/clipboard/manager.go:538.43,540.3 1 2
github.com/Sarwarhridoy4/FyClip---Advanced-Clipboard-Manager/internal/clipboard/manager.go:541.2,541.32 1 1
github.com/Sarwarhridoy4/FyClip---Advanced-Clipboard-Manager/internal/clipboard/manager.go:545.46,549.63 3 2
github.com/Sarwarhridoy4/FyClip---Advanced-Clipboard-Manager/internal/clipboard/manager.go:549.63,551.3 1 1
github.com/Sarwarhridoy4/FyClip---Advanced-Clipboard-Manager/internal/clipboard/manager.go:552.2,552.42 1 1
github.com/Sarwarhridoy4/FyClip---Advanced-Clipboard-Manager/internal/clipboard/manager.go:556.42,560.2 3 1
github.com/Sarwarhridoy4/FyClip---Advanced-Clipboard-Manager/internal/clipboard/manager.go:563.42,567.2 3 1
github.com/Sarwarhridoy4/FyClip---Advanced-Clipboard-Manager/internal/clipboard/manager.go:570.45,573.43 2 3
github.com/Sarwarhridoy4/FyClip---Advanced-Clipboard-Manager/internal/clipboard/manager.go:573.43,576.3 2 1
github.com/Sarwarhridoy4/FyClip---Advanced-Clipboard-Manager/internal/clipboard/manager.go:578.2,582.13 3 2
github.com/Sarwarhridoy4/FyClip---Advanced-Clipboard-Manager/internal/clipboard/manager.go:582.13,585.3 2 0
github.com/Sarwarhridoy4/FyClip---Advanced-Clipboard-Manager/internal/clipboard/manager.go:587.2,594.13 5 2
github.com/Sarwarhridoy4/FyClip---Advanced-Clipboard-Manager/internal/clipboard/manager.go:598.48,602.34 3 0
github.com/Sarwarhridoy4/FyClip---Advanced-Clipboard-Manager/internal/clipboard/manager.go:602.34,603.20 1 0
github.com/Sarwarhridoy4/FyClip---Advanced-Clipboard-Manager/internal/clipboard/manager.go:603.20,605.4 1 0
github.com/Sarwarhridoy4/FyClip---Advanced-Clipboard-Manager/internal/clipboard/manager.go:607.2,607.11 1 0
github.com/Sarwarhridoy4/FyClip---Advanced-Clipboard-Manager/internal/clipboard/manager.go:611.43,614.43 2 2
github.com/Sarwarhridoy4/FyClip---Advanced-Clipboard-Manager/internal/clipboard/manager.go:614.43,617.3 2 1
github.com/Sarwarhridoy4/FyClip---Advanced-Clipboard-Manager/internal/clipboard/manager.go:619.2,620.23 2 1
github.com/Sarwarhridoy4/FyClip---Advanced-Clipboard-Manager/internal/clipboard/manager.go:620.23,623.3 2 0
github.com/Sarwarhridoy4/FyClip---Advanced-Clipboard-Manager/internal/clipboard/manager.go:626.2,627.13 2 1
github.com/Sarwarhridoy4/FyClip---Advanced-Clipboard-Manager/internal/clipboard/manager.go:627.13,630.3 2 0
github.com/Sarwarhridoy4/FyClip---Advanced-Clipboard-Manager/internal/clipboard/manager.go:632.2,640.12 6 1
github.com/Sarwarhridoy4/FyClip---Advanced-Clipboard-Manager/internal/clipboard/manager.go:644.35,648.33 3 0
github.com/Sarwarhridoy4/FyClip---Advanced-Clipboard-Manager/internal/clipboard/manager.go:648.33,649.18 1 0
github.com/Sarwarhridoy4/FyClip---Advanced-Clipboard-Manager/internal/clipboard/manager.go:649.18,651.4 1 0
github.com/Sarwarhridoy4/FyClip---Advanced-Clipboard-Manager/internal/clipboard/manager.go:654.2,660.19 6 0
github.com/Sarwarhridoy4/FyClip---Advanced-Clipboard-Manager/internal/clipboard/manager.go:665.48,669.25 3 0
github.com/Sarwarhridoy4/FyClip---Advanced-Clipboard-Manager/internal/clipboard/manager.go:669.25,672.14 2 0
github.com/Sarwarhridoy4/FyClip---Advanced-Clipboard-Manager/internal/clipboard/manager.go:672.14,673.12 1 0
github.com/Sarwarhridoy4/FyClip---Advanced-Clipboard-Manager/internal/clipboard/manager.go:677.3,677.28 1 0
github.com/Sarwarhridoy4/FyClip---Advanced-Clipboard-Manager/internal/clipboard/manager.go:677.28,678.12 1 0
github.com/Sarwarhridoy4/FyClip---Advanced-Clipboard-Manager/internal/clipboard/manager.go:681.3,682.12 2 0
github.com/Sarwarhridoy4/FyClip---Advanced-Clipboard-Manager/internal/clipboard/manager.go:685.2,688.17 3 0
github.com/Sarwarhridoy4/FyClip---Advanced-Clipboard-Manager/internal/clipboard/manager.go:688.17,691.3 2 0
github.com/Sarwarhridoy4/FyClip---Advanced-Clipboard-Manager/internal/clipboard/manager.go:693.2,693.16 1 0
github.com/Sarwarhridoy4/FyClip---Advanced-Clipboard-Manager/internal/clipboard/manager.go:698.45,702.25 3 0
github.com/Sarwarhridoy4/FyClip---Advanced-Clipboard-Manager/internal/clipboard/manager.go:702.25,705.14 2 0
github.com/Sarwarhridoy4/FyClip---Advanced-Clipboard-Manager/internal/clipboard/manager.go:705.14,706.12 1 0
github.com/Sarwarhridoy4/FyClip---Advanced-Clipboard-Manager/internal/clipboard/manager.go:709.3,709.29 1 0
github.com/Sarwarhridoy4/FyClip---Advanced-Clipboard-Manager/internal/clipboard/manager.go:709.29,712.4 2 0
github.com/Sarwarhridoy4/FyClip---Advanced-Clipboard-Manager/internal/clipboard/manager.go:715.2,717.16 2 0
github.com/Sarwarhridoy4/FyClip---Advanced-Clipboard-Manager/internal/clipboard/manager.go:717.16,720.3 2 0
github.com/Sarwarhridoy4/FyClip---Advanced-Clipboard-Manager/internal/clipboard/manager.go:722.2,722.15 1 0
github.com/Sarwarhridoy4/FyClip---Advanced-Clipboard-Manager/internal/clipboard/manager.go:727.47,731.25 3 0
github.com/Sarwarhridoy4/FyClip---Advanced-Clipboard-Manager/internal/clipboard/manager.go:731.25,734.14 2 0
github.com/Sarwarhridoy4/FyClip---Advanced-Clipboard-Manager/internal/clipboard/manager.go:734.14,735.12 1 0
github.com/Sarwarhridoy4/FyClip---Advanced-Clipboard-Manager/internal/clipboard/manager.go:738.3,738.28 1 0
github.com/Sarwarhridoy4/FyClip---Advanced-Clipboard-Manager/internal/clipboard/manager.go:738.28,741.4 2 0
github.com/Sarwarhridoy4/FyClip---Advanced-Clipboard-Manager/internal/clipboard/manager.go:744.2,746.18 2 0
github.com/Sarwarhridoy4/FyClip---Advanced-Clipboard-Manager/internal/clipboard/manager.go:746.18,749.3 2 0
github.com/Sarwarhridoy4/FyClip---Advanced-Clipboard-Manager/internal/clipboard/manager.go:751.2,751.17 1 0
github.com/Sarwarhridoy4/FyClip---Advanced-Clipboard-Manager/internal/clipboard/manager.go:756.51,760.25 3 0
github.com/Sarwarhridoy4/FyClip---Advanced-Clipboard-Manager/internal/clipboard/manager.go:760.25,763.14 2 0
github.com/Sarwarhridoy4/FyClip---Advanced-Clipboard-Manager/internal/clipboard/manager.go:763.14,764.12 1 0
github.com/Sarwarhridoy4/FyClip---Advanced-Clipboard-Manager/internal/clipboard/manager.go:767.3,768.12 2 0
github.com/Sarwarhridoy4/FyClip---Advanced-Clipboard-Manager/internal/clipboard/manager.go:771.2,773.17 2 0
github.com/Sarwarhridoy4/FyClip---Advanced-Clipboard-Manager/internal/clipboard/manager.go:773.17,776.3 2 0
github.com/Sarwarhridoy4/FyClip---Advanced-Clipboard-Manager/internal/clipboard/manager.go:778.2,778.16 1 0
github.com/Sarwarhridoy4/FyClip---Advanced-Clipboard-Manager/internal/clipboard/manager.go:783.47,786.32 2 0
github.com/Sarwarhridoy4/FyClip---Advanced-Clipboard-Manager/internal/clipboard/manager.go:786.32,787.50 1 0
github.com/Sarwarhridoy4/FyClip---Advanced-Clipboard-Manager/internal/clipboard/manager.go:787.50,789.4 1 0
github.com/Sarwarhridoy4/FyClip---Advanced-Clipboard-Manager/internal/clipboard/manager.go:792.2,792.15 1 0
github.com/Sarwarhridoy4/FyClip---Advanced-Clipboard-Manager/internal/clipboard/manager.go:796.52,798.9 2 0
github.com/Sarwarhridoy4/FyClip---Advanced-Clipboard-Manager/internal/clipboard/manager.go:798.9,800.3 1 0
github.com/Sarwarhridoy4/FyClip---Advanced-Clipboard-Manager/internal/clipboard/manager.go:802.2,802.44 1 0
github.com/Sarwarhridoy4/FyClip---Advanced-Clipboard-Manager/internal/clipboard/manager.go:806.58,808.9 2 0
github.com/Sarwarhridoy4/FyClip---Advanced-Clipboard-Manager/internal/clipboard/manager.go:808.9,810.3 1 0
github.com/Sarwarhridoy4/FyClip---Advanced-Clipboard-Manager/internal/clipboard/manager.go:812.2,812.43 1 0
github.com/Sarwarhridoy4/FyClip---Advanced-Clipboard-Manager/internal/clipboard/manager.go:816.63,818.9 2 0
github.com/Sarwarhridoy4/FyClip---Advanced-Clipboard-Manager/internal/clipboard/manager.go:818.9,820.3 1 0
github.com/Sarwarhridoy4/FyClip---Advanced-Clipboard-Manager/internal/clipboard/manager.go:822.2,822.44 1 0
github.com/Sarwarhridoy4/FyClip---Advanced-Clipboard-Manager/internal/clipboard/manager.go:826.70,828.22 1 0
github.com/Sarwarhridoy4/FyClip---Advanced-Clipboard-Manager/internal/clipboard/manager.go:828.22,829.53 1 0
github.com/Sarwarhridoy4/FyClip---Advanced-Clipboard-Manager/internal/clipboard/manager.go:829.53,831.4 1 0
github.com/Sarwarhridoy4/FyClip---Advanced-Clipboard-Manager/internal/clipboard/manager.go:831.9,831.36 1 0
github.com/Sarwarhridoy4/FyClip---Advanced-Clipboard-Manager/internal/clipboard/manager.go:831.36,832.84 1 0
github.com/Sarwarhridoy4/FyClip---Advanced-Clipboard-Manager/internal/clipboard/manager.go:832.84,834.5 1 0
github.com/Sarwarhridoy4/FyClip---Advanced-Clipboard-Manager/internal/clipboard/manager.go:834.10,836.5 1 0
github.com/Sarwarhridoy4/FyClip---Advanced-Clipboard-Manager/internal/clipboard/manager.go:837.9,837.59 1 0
github.com/Sarwarhridoy4/FyClip---Advanced-Clipboard-Manager/internal/clipboard/manager.go:837.59,839.4 1 0
github.com/Sarwarhridoy4/FyClip---Advanced-Clipboard-Manager/internal/clipboard/manager.go:842.2,846.19 4 0
github.com/Sarwarhridoy4/FyClip---Advanced-Clipboard-Manager/internal/clipboard/manager.go:847.16,848.66 1 0
github.com/Sarwarhridoy4/FyClip---Advanced-Clipboard-Manager/internal/clipboard/manager.go:848.66,850.4 1 0
github.com/Sarwarhridoy4/FyClip---Advanced-Clipboard-Manager/internal/clipboard/manager.go:851.16,853.31 1 0
github.com/Sarwarhridoy4/FyClip---Advanced-Clipboard-Manager/internal/clipboard/manager.go:853.31,854.77 1 0
github.com/Sarwarhridoy4/FyClip---Advanced-Clipboard-Manager/internal/clipboard/manager.go:854.77,856.5 1 0
github.com/Sarwarhridoy4/FyClip---Advanced-Clipboard-Manager/internal/clipboard/manager.go:857.9,859.67 1 0
github.com/Sarwarhridoy4/FyClip---Advanced-Clipboard-Manager/internal/clipboard/manager.go:859.67,861.5 1 0
github.com/Sarwarhridoy4/FyClip---Advanced-Clipboard-Manager/internal/clipboard/manager.go:863.17,864.61 1 0
github.com/Sarwarhridoy4/FyClip---Advanced-Clipboard-Manager/internal/clipboard/manager.go:864.61,866.4 1 0
github.com/Sarwarhridoy4/FyClip---Advanced-Clipboard-Manager/internal/clipboard/manager.go:867.16,868.27 1 0
github.com/Sarwarhridoy4/FyClip---Advanced-Clipboard-Manager/internal/clipboard/manager.go:868.27,870.73 1 0
github.com/Sarwarhridoy4/FyClip---Advanced-Clipboard-Manager/internal/clipboard/manager.go:870.73,872.5 1 0
github.com/Sarwarhridoy4/FyClip---Advanced-Clipboard-Manager/internal/clipboard/manager.go:874.10,875.45 1 0
github.com/Sarwarhridoy4/FyClip---Advanced-Clipboard-Manager/internal/clipboard/manager.go:878.2,881.12 4 0
github.com/Sarwarhridoy4/FyClip---Advanced-Clipboard-Manager/internal/clipboard/manager.go:885.53,887.9 2 0
github.com/Sarwarhridoy4/FyClip---Advanced-Clipboard-Manager/internal/clipboard/manager.go:887.9,889.3 1 0
github.com/Sarwarhridoy4/FyClip---Advanced-Clipboard-Manager/internal/clipboard/manager.go:891.2,891.44 1 0
github.com/Sarwarhridoy4/FyClip---Advanced-Clipboard-Manager/internal/clipboard/manager.go:891.44,893.3 1 0
github.com/Sarwarhridoy4/FyClip---Advanced-Clipboard-Manager/internal/clipboard/manager.go:895.2,898.32 3 0
github.com/Sarwarhridoy4/FyClip---Advanced-Clipboard-Manager/internal/clipboard/manager.go:898.32,901.20 2 0
github.com/Sarwarhridoy4/FyClip---Advanced-Clipboard-Manager/internal/clipboard/manager.go:901.20,903.4 1 0
github.com/Sarwarhridoy4/FyClip---Advanced-Clipboard-Manager/internal/clipboard/manager.go:906.2,907.22 2 0
github.com/Sarwarhridoy4/FyClip---Advanced-Clipboard-Manager/internal/clipboard/manager.go:908.15,909.42 1 0
github.com/Sarwarhridoy4/FyClip---Advanced-Clipboard-Manager/internal/clipboard/manager.go:910.16,911.38 1 0
github.com/Sarwarhridoy4/FyClip---Advanced-Clipboard-Manager/internal/clipboard/manager.go:912.17,913.42 1 0
github.com/Sarwarhridoy4/FyClip---Advanced-Clipboard-Manager/internal/clipboard/manager.go:914.10,915.44 1 0
github.com/Sarwarhridoy4/FyClip---Advanced-Clipboard-Manager/internal/clipboard/manager.go:918.2,918.20 1 0
github.com/Sarwarhridoy4/FyClip---Advanced-Clipboard-Manager/internal/clipboard/manager.go:922.82,930.33 6 11
github.com/Sarwarhridoy4/FyClip---Advanced-Clipboard-Manager/internal/clipboard/manager.go:930.33,931.18 1 3
github.com/Sarwarhridoy4/FyClip---Advanced-Clipboard-Manager/internal/clipboard/manager.go:931.18,933.4 1 0
github.com/Sarwarhridoy4/FyClip---Advanced-Clipboard-Manager/internal/clipboard/manager.go:936.2,936.8 1 11
github.com/Sarwarhridoy4/FyClip---Advanced-Clipboard-Manager/internal/clipboard/manager.go:940.35,941.16 1 22
github.com/Sarwarhridoy4/FyClip---Advanced-Clipboard-Manager/internal/clipboard/manager.go:941.16,943.3 1 0
github.com/Sarwarhridoy4/FyClip---Advanced-Clipboard-Manager/internal/clipboard/manager.go:945.2,945.9 1 22
github.com/Sarwarhridoy4/FyClip---Advanced-Clipboard-Manager/internal/clipboard/manager.go:946.34,946.34 0 22
github.com/Sarwarhridoy4/FyClip---Advanced-Clipboard-Manager/internal/clipboard/manager.go:947.10,947.10 0 0
github.com/Sarwarhridoy4/FyClip---Advanced-Clipboard-Manager/internal/clipboard/manager.go:953.38,956.6 2 18
github.com/Sarwarhridoy4/FyClip---Advanced-Clipboard-Manager/internal/clipboard/manager.go:956.6,957.10 1 27
github.com/Sarwarhridoy4/FyClip---Advanced-Clipboard-Manager/internal/clipboard/manager.go:958.23,960.30 1 9
github.com/Sarwarhridoy4/FyClip---Advanced-Clipboard-Manager/internal/clipboard/manager.go:960.30,962.5 1 10
github.com/Sarwarhridoy4/FyClip---Advanced-Clipboard-Manager/internal/clipboard/manager.go:965.4,965.20 1 9
github.com/Sarwarhridoy4/FyClip---Advanced-Clipboard-Manager/internal/clipboard/manager.go:965.20,967.5 1 2
github.com/Sarwarhridoy4/FyClip---Advanced-Clipboard-Manager/internal/clipboard/manager.go:968.4,968.50 1 9
github.com/Sarwarhridoy4/FyClip---Advanced-Clipboard-Manager/internal/clipboard/manager.go:968.50,969.39 1 0
github.com/Sarwarhridoy4/FyClip---Advanced-Clipboard-Manager/internal/clipboard/manager.go:969.39,971.6 1 0
github.com/Sarwarhridoy4/FyClip---Advanced-Clipboard-Manager/internal/clipboard/manager.go:974.25,975.20 1 18
github.com/Sarwarhridoy4/FyClip---Advanced-Clipboard-Manager/internal/clipboard/manager.go:975.20,977.5 1 7
github.com/Sarwarhridoy4/FyClip---Advanced-Clipboard-Manager/internal/clipboard/manager.go:978.4,978.10 1 18
github.com/Sarwarhridoy4/FyClip---Advanced-Clipboard-Manager/internal/clipboard/manager.go:984.36,990.23 2 18
github.com/Sarwarhridoy4/FyClip---Advanced-Clipboard-Manager/internal/clipboard/manager.go:990.23,991.19 1 0
github.com/Sarwarhridoy4/FyClip---Advanced-Clipboard-Manager/internal/clipboard/manager.go:991.19,995.4 3 0
github.com/Sarwarhridoy4/FyClip---Advanced-Clipboard-Manager/internal/clipboard/manager.go:996.3,996.20 1 0
github.com/Sarwarhridoy4/FyClip---Advanced-Clipboard-Manager/internal/clipboard/manager.go:996.20,997.11 1 0
github.com/Sarwarhridoy4/FyClip---Advanced-Clipboard-Manager/internal/clipboard/manager.go:998.19,998.19 0 0
github.com/Sarwarhridoy4/FyClip---Advanced-Clipboard-Manager/internal/clipboard/manager.go:999.12,999.12 0 0
github.com/Sarwarhridoy4/FyClip---Advanced-Clipboard-Manager/internal/clipboard/manager.go:1002.3,1003.19 2 0
github.com/Sarwarhridoy4/FyClip---Advanced-Clipboard-Manager/internal/clipboard/manager.go:1006.2,1006.6 1 18
github.com/Sarwarhridoy4/FyClip---Advanced-Clipboard-Manager/internal/clipboard/manager.go:1006.6,1007.10 1 18
github.com/Sarwarhridoy4/FyClip---Advanced-Clipboard-Manager/internal/clipboard/manager.go:1008.21,1009.28 1 0
github.com/Sarwarhridoy4/FyClip---Advanced-Clipboard-Manager/internal/clipboard/manager.go:1009.28,1011.5 1 0
github.com/Sarwarhridoy4/FyClip---Advanced-Clipboard-Manager/internal/clipboard/manager.go:1012.4,1012.16 1 0
github.com/Sarwarhridoy4/FyClip---Advanced-Clipboard-Manager/internal/clipboard/manager.go:1014.17,1016.16 2 0
github.com/Sarwarhridoy4/FyClip---Advanced-Clipboard-Manager/internal/clipboard/manager.go:1018.25,1019.20 1 18
github.com/Sarwarhridoy4/FyClip---Advanced-Clipboard-Manager/internal/clipboard/manager.go:1019.20,1020.22 1 0
github.com/Sarwarhridoy4/FyClip---Advanced-Clipboard-Manager/internal/clipboard/manager.go:1020.22,1021.13 1 0
github.com/Sarwarhridoy4/FyClip---Advanced-Clipboard-Manager/internal/clipboard/manager.go:1022.21,1022.21 0 0
github.com/Sarwarhridoy4/FyClip---Advanced-Clipboard-Manager/internal/clipboard/manager.go:1023.14,1023.14 0 0
github.com/Sarwarhridoy4/FyClip---Advanced-Clipboard-Manager/internal/clipboard/manager.go:1027.4,1028.11 2 18
github.com/Sarwarhridoy4/FyClip---Advanced-Clipboard-Manager/internal/clipboard/manager.go:1029.22,1030.17 1 1
github.com/Sarwarhridoy4/FyClip---Advanced-Clipboard-Manager/internal/clipboard/manager.go:1031.12,1031.12 0 17
github.com/Sarwarhridoy4/FyClip---Advanced-Clipboard-Manager/internal/clipboard/manager.go:1033.4,1033.28 1 18
github.com/Sarwarhridoy4/FyClip---Advanced-Clipboard-Manager/internal/clipboard/manager.go:1033.28,1036.5 2 0
github.com/Sarwarhridoy4/FyClip---Advanced-Clipboard-Manager/internal/clipboard/manager.go:1037.4,1037.13 1 18
github.com/Sarwarhridoy4/FyClip---Advanced-Clipboard-Manager/internal/clipboard/manager.go:1037.13,1039.5 1 1
github.com/Sarwarhridoy4/FyClip---Advanced-Clipboard-Manager/internal/clipboard/manager.go:1040.4,1040.10 1 18
github.com/Sarwarhridoy4/FyClip---Advanced-Clipboard-Manager/internal/clipboard/manager.go:1046.30,1052.21 4 18
github.com/Sarwarhridoy4/FyClip---Advanced-Clipboard-Manager/internal/clipboard/manager.go:1052.21,1054.3 1 18
github.com/Sarwarhridoy4/FyClip---Advanced-Clipboard-Manager/internal/clipboard/manager.go:1057.2,1057.22 1 18
github.com/Sarwarhridoy4/FyClip---Advanced-Clipboard-Manager/internal/clipboard/manager.go:1057.22,1059.3 1 18
github.com/Sarwarhridoy4/FyClip---Advanced-Clipboard-Manager/internal/clipboard/manager.go:1062.2,1071.20 5 18
github.com/Sarwarhridoy4/FyClip---Advanced-Clipboard-Manager/internal/clipboard/manager.go:1075.57,1081.29 5 18
github.com/Sarwarhridoy4/FyClip---Advanced-Clipboard-Manager/internal/clipboard/manager.go:1081.29,1082.18 1 0
github.com/Sarwarhridoy4/FyClip---Advanced-Clipboard-Manager/internal/clipboard/manager.go:1082.18,1083.12 1 0
github.com/Sarwarhridoy4/FyClip---Advanced-Clipboard-Manager/internal/clipboard/manager.go:1085.3,1085.35 1 0
github.com/Sarwarhridoy4/FyClip---Advanced-Clipboard-Manager/internal/clipboard/manager.go:1085.35,1087.24 1 0
github.com/Sarwarhridoy4/FyClip---Advanced-Clipboard-Manager/internal/clipboard/manager.go:1087.24,1089.5 1 0
github.com/Sarwarhridoy4/FyClip---Advanced-Clipboard-Manager/internal/clipboard/manager.go:1095.54,1099.2 3 0
github.com/Sarwarhridoy4/FyClip---Advanced-Clipboard-Manager/internal/clipboard/manager.go:1102.49,1105.48 3 0
github.com/Sarwarhridoy4/FyClip---Advanced-Clipboard-Manager/internal/clipboard/manager.go:1105.48,1107.3 1 0
github.com/Sarwarhridoy4/FyClip---Advanced-Clipboard-Manager/internal/clipboard/manager.go:1111.40,1115.2 3 0
github.com/Sarwarhridoy4/FyClip---Advanced-Clipboard-Manager/internal/clipboard/manager.go:1118.48,1120.2 1 0
github.com/Sarwarhridoy4/FyClip---Advanced-Clipboard-Manager/internal/clipboard/manager.go:1122.53,1127.49 3 0
github.com/Sarwarhridoy4/FyClip---Advanced-Clipboard-Manager/internal/clipboard/manager.go:1127.49,1129.3 1 0
github.com/Sarwarhridoy4/FyClip---Advanced-Clipboard-Manager/internal/clipboard/manager.go:1132.46,1133.21 1 0
github.com/Sarwarhridoy4/FyClip---Advanced-Clipboard-Manager/internal/clipboard/manager.go:1133.21,1135.3 1 0
github.com/Sarwarhridoy4/FyClip---Advanced-Clipboard-Manager/internal/clipboard/manager.go:1139.43,1143.2 3 0
github.com/Sarwarhridoy4/FyClip---Advanced-Clipboard-Manager/internal/clipboard/manager.go:1146.73,1150.2 3 0
github.com/Sarwarhridoy4/FyClip---Advanced-Clipboard-Manager/internal/clipboard/manager.go:1153.53,1157.2 3 0
github.com/Sarwarhridoy4/FyClip---Advanced-Clipboard-Manager/internal/clipboard/manager.go:1160.56,1164.2 3 0
github.com/Sarwarhridoy4/FyClip---Advanced-Clipboard-Manager/internal/clipboard/manager.go:1167.50,1171.2 3 0
github.com/Sarwarhridoy4/FyClip---Advanced-Clipboard-Manager/internal/clipboard/manager.go:1174.56,1180.24 4 0
github.com/Sarwarhridoy4/FyClip---Advanced-Clipboard-Manager/internal/clipboard/manager.go:1180.24,1182.3 1 0
github.com/Sarwarhridoy4/FyClip---Advanced-Clipboard-Manager/internal/clipboard/manager.go:1183.2,1183.55 1 0
github.com/Sarwarhridoy4/FyClip---Advanced-Clipboard-Manager/internal/clipboard/manager.go:1187.94,1192.2 3 0
github.com/Sarwarhridoy4/FyClip---Advanced-Clipboard-Manager/internal/clipboard/manager.go:1195.55,1199.2 3 0
github.com/Sarwarhridoy4/FyClip---Advanced-Clipboard-Manager/internal/clipboard/manager.go:1202.56,1206.2 3 0
github.com/Sarwarhridoy4/FyClip---Advanced-Clipboard-Manager/internal/clipboard/manager.go:1209.50,1213.2 3 0
github.com/Sarwarhridoy4/FyClip---Advanced-Clipboard-Manager/internal/clipboard/manager.go:1216.59,1220.2 3 0
github.com/Sarwarhridoy4/FyClip---Advanced-Clipboard-Manager/internal/clipboard/manager.go:1223.104,1227.2 3 0
github.com/Sarwarhridoy4/FyClip---Advanced-Clipboard-Manager/internal/clipboard/manager.go:1231.53,1235.23 3 0
github.com/Sarwarhridoy4/FyClip---Advanced-Clipboard-Manager/internal/clipboard/manager.go:1235.23,1237.3 1 0
github.com/Sarwarhridoy4/FyClip---Advanced-Clipboard-Manager/internal/clipboard/manager.go:1241.2,1243.44 3 0
github.com/Sarwarhridoy4/FyClip---Advanced-Clipboard-Manager/internal/clipboard/manager.go:1243.44,1244.47 1 0
github.com/Sarwarhridoy4/FyClip---Advanced-Clipboard-Manager/internal/clipboard/manager.go:1244.47,1245.43 1 0
github.com/Sarwarhridoy4/FyClip---Advanced-Clipboard-Manager/internal/clipboard/manager.go:1245.43,1247.5 1 0
github.com/Sarwarhridoy4/FyClip---Advanced-Clipboard-Manager/internal/clipboard/manager.go:1251.2,1253.36 3 0
github.com/Sarwarhridoy4/FyClip---Advanced-Clipboard-Manager/internal/clipboard/manager.go:1253.36,1255.16 1 0
github.com/Sarwarhridoy4/FyClip---Advanced-Clipboard-Manager/internal/clipboard/manager.go:1255.16,1256.12 1 0
github.com/Sarwarhridoy4/FyClip---Advanced-Clipboard-Manager/internal/clipboard/manager.go:1258.3,1260.40 2 0
github.com/Sarwarhridoy4/FyClip---Advanced-Clipboard-Manager/internal/clipboard/manager.go:1260.40,1261.12 1 0
github.com/Sarwarhridoy4/FyClip---Advanced-Clipboard-Manager/internal/clipboard/manager.go:1264.3,1265.24 2 0
github.com/Sarwarhridoy4/FyClip---Advanced-Clipboard-Manager/internal/clipboard/manager.go:1265.24,1266.12 1 0
github.com/Sarwarhridoy4/FyClip---Advanced-Clipboard-Manager/internal/clipboard/manager.go:1270.3,1271.14 2 0
github.com/Sarwarhridoy4/FyClip---Advanced-Clipboard-Manager/internal/clipboard/manager.go:1271.14,1272.12 1 0
github.com/Sarwarhridoy4/FyClip---Advanced-Clipboard-Manager/internal/clipboard/manager.go:1275.3,1276.12 2 0
github.com/Sarwarhridoy4/FyClip---Advanced-Clipboard-Manager/internal/clipboard/manager.go:1279.2,1281.17 2 0
github.com/Sarwarhridoy4/FyClip---Advanced-Clipboard-Manager/internal/clipboard/manager.go:1281.17,1283.3 1 0
github.com/Sarwarhridoy4/FyClip---Advanced-Clipboard-Manager/internal/clipboard/manager.go:1285.2,1285.16 1 0
github.com/Sarwarhridoy4/FyClip---Advanced-Clipboard-Manager/internal/clipboard/manager.go:1290.56,1294.23 3 0
github.com/Sarwarhridoy4/FyClip---Advanced-Clipboard-Manager/internal/clipboard/manager.go:1294.23,1296.3 1 0
github.com/Sarwarhridoy4/FyClip---Advanced-Clipboard-Manager/internal/clipboard/manager.go:1298.2,1300.30 3 0
github.com/Sarwarhridoy4/FyClip---Advanced-Clipboard-Manager/internal/clipboard/manager.go:1300.30,1302.16 1 0
github.com/Sarwarhridoy4/FyClip---Advanced-Clipboard-Manager/internal/clipboard/manager.go:1302.16,1303.12 1 0
github.com/Sarwarhridoy4/FyClip---Advanced-Clipboard-Manager/internal/clipboard/manager.go:1305.3,1307.40 2 0
github.com/Sarwarhridoy4/FyClip---Advanced-Clipboard-Manager/internal/clipboard/manager.go:1307.40,1308.12 1 0
github.com/Sarwarhridoy4/FyClip---Advanced-Clipboard-Manager/internal/clipboard/manager.go:1311.3,1312.14 2 0
github.com/Sarwarhridoy4/FyClip---Advanced-Clipboard-Manager/internal/clipboard/manager.go:1312.14,1313.12 1 0
github.com/Sarwarhridoy4/FyClip---Advanced-Clipboard-Manager/internal/clipboard/manager.go:1316.3,1317.12 2 0
github.com/Sarwarhridoy4/FyClip---Advanced-Clipboard-Manager/internal/clipboard/manager.go:1320.2,1320.17 1 0
github.com/Sarwarhridoy4/FyClip---Advanced-Clipboard-Manager/internal/clipboard/manager.go:1320.17,1322.3 1 0
github.com/Sarwarhridoy4/FyClip---Advanced-Clipboard-Manager/internal/clipboard/manager.go:1324.2,1324.16 1 0
github.com/Sarwarhridoy4/FyClip---Advanced-Clipboard-Manager/internal/clipboard/manager.go:1328.50,1330.2 1 0
github.com/Sarwarhridoy4/FyClip---Advanced-Clipboard-Manager/internal/clipboard/monitor.go:40.69,45.103 2 18
github.com/Sarwarhridoy4/FyClip---Advanced-Clipboard-Manager/internal/clipboard/monitor.go:45.103,47.3 1 0
github.com/Sarwarhridoy4/FyClip---Advanced-Clipboard-Manager/internal/clipboard/monitor.go:49.2,54.3 1 18
github.com/Sarwarhridoy4/FyClip---Advanced-Clipboard-Manager/internal/clipboard/monitor.go:58.27,60.15 2 18
github.com/Sarwarhridoy4/FyClip---Advanced-Clipboard-Manager/internal/clipboard/monitor.go:60.15,63.3 2 0
github.com/Sarwarhridoy4/FyClip---Advanced-Clipboard-Manager/internal/clipboard/monitor.go:64.2,67.20 3 18
github.com/Sarwarhridoy4/FyClip---Advanced-Clipboard-Manager/internal/clipboard/monitor.go:71.26,75.16 3 18
github.com/Sarwarhridoy4/FyClip---Advanced-Clipboard-Manager/internal/clipboard/monitor.go:75.16,77.3 1 0
github.com/Sarwarhridoy4/FyClip---Advanced-Clipboard-Manager/internal/clipboard/monitor.go:79.2,80.9 2 18
github.com/Sarwarhridoy4/FyClip---Advanced-Clipboard-Manager/internal/clipboard/monitor.go:81.20,81.20 0 0
github.com/Sarwarhridoy4/FyClip---Advanced-Clipboard-Manager/internal/clipboard/monitor.go:82.10,83.20 1 18
github.com/Sarwarhridoy4/FyClip---Advanced-Clipboard-Manager/internal/clipboard/monitor.go:88.36,92.2 3 0
github.com/Sarwarhridoy4/FyClip---Advanced-Clipboard-Manager/internal/clipboard/monitor.go:95.45,96.12 1 1
github.com/Sarwarhridoy4/FyClip---Advanced-Clipboard-Manager/internal/clipboard/monitor.go:96.12,98.3 1 0
github.com/Sarwarhridoy4/FyClip---Advanced-Clipboard-Manager/internal/clipboard/monitor.go:99.2,101.15 3 1
github.com/Sarwarhridoy4/FyClip---Advanced-Clipboard-Manager/internal/clipboard/monitor.go:105.28,109.2 3 1
github.com/Sarwarhridoy4/FyClip---Advanced-Clipboard-Manager/internal/clipboard/monitor.go:112.35,116.2 3 2
github.com/Sarwarhridoy4/FyClip---Advanced-Clipboard-Manager/internal/clipboard/monitor.go:119.52,128.46 6 0
github.com/Sarwarhridoy4/FyClip---Advanced-Clipboard-Manager/internal/clipboard/monitor.go:128.46,133.3 4 0
github.com/Sarwarhridoy4/FyClip---Advanced-Clipboard-Manager/internal/clipboard/monitor.go:137.33,138.15 1 18
github.com/Sarwarhridoy4/FyClip---Advanced-Clipboard-Manager/internal/clipboard/monitor.go:138.15,139.31 1 18
github.com/Sarwarhridoy4/FyClip---Advanced-Clipboard-Manager/internal/clipboard/monitor.go:139.31,146.15 6 0
github.com/Sarwarhridoy4/FyClip---Advanced-Clipboard-Manager/internal/clipboard/monitor.go:146.15,148.5 1 0
github.com/Sarwarhridoy4/FyClip---Advanced-Clipboard-Manager/internal/clipboard/monitor.go:152.2,155.6 3 18
github.com/Sarwarhridoy4/FyClip---Advanced-Clipboard-Manager/internal/clipboard/monitor.go:155.6,156.10 1 18
github.com/Sarwarhridoy4/FyClip---Advanced-Clipboard-Manager/internal/clipboard/monitor.go:157.19,158.22 1 0
github.com/Sarwarhridoy4/FyClip---Advanced-Clipboard-Manager/internal/clipboard/monitor.go:160.21,161.10 1 18
github.com/Sarwarhridoy4/FyClip---Advanced-Clipboard-Manager/internal/clipboard/monitor.go:167.36,174.20 6 0
github.com/Sarwarhridoy4/FyClip---Advanced-Clipboard-Manager/internal/clipboard/monitor.go:174.20,176.3 1 0
github.com/Sarwarhridoy4/FyClip---Advanced-Clipboard-Manager/internal/clipboard/monitor.go:178.2,178.27 1 0
github.com/Sarwarhridoy4/FyClip---Advanced-Clipboard-Manager/internal/clipboard/monitor.go:178.27,179.37 1 0
github.com/Sarwarhridoy4/FyClip---Advanced-Clipboard-Manager/internal/clipboard/monitor.go:179.37,181.4 1 0
github.com/Sarwarhridoy4/FyClip---Advanced-Clipboard-Manager/internal/clipboard/monitor.go:182.3,184.16 3 0
github.com/Sarwarhridoy4/FyClip---Advanced-Clipboard-Manager/internal/clipboard/monitor.go:188.2,188.56 1 0
github.com/Sarwarhridoy4/FyClip---Advanced-Clipboard-Manager/internal/clipboard/monitor.go:188.56,191.3 2 0
github.com/Sarwarhridoy4/FyClip---Advanced-Clipboard-Manager/internal/clipboard/monitor.go:194.2,194.70 1 0
github.com/Sarwarhridoy4/FyClip---Advanced-Clipboard-Manager/internal/clipboard/monitor.go:194.70,197.3 2 0
github.com/Sarwarhridoy4/FyClip---Advanced-Clipboard-Manager/internal/clipboard/monitor.go:200.2,200.56 1 0
github.com/Sarwarhridoy4/FyClip---Advanced-Clipboard-Manager/internal/clipboard/monitor.go:200.56,203.3 2 0
github.com/Sarwarhridoy4/FyClip---Advanced-Clipboard-Manager/internal/clipboard/monitor.go:206.2,206.63 1 0
github.com/Sarwarhridoy4/FyClip---Advanced-Clipboard-Manager/internal/clipboard/monitor.go:206.63,208.3 1 0
github.com/Sarwarhridoy4/FyClip---Advanced-Clipboard-Manager/internal/clipboard/monitor.go:212.68,214.23 2 0
github.com/Sarwarhridoy4/FyClip---Advanced-Clipboard-Manager/internal/clipboard/monitor.go:214.23,216.3 1 0
github.com/Sarwarhridoy4/FyClip---Advanced-Clipboard-Manager/internal/clipboard/monitor.go:218.2,225.56 6 0
github.com/Sarwarhridoy4/FyClip---Advanced-Clipboard-Manager/internal/clipboard/monitor.go:225.56,227.3 1 0
github.com/Sarwarhridoy4/FyClip---Advanced-Clipboard-Manager/internal/clipboard/monitor.go:229.2,241.18 7 0
github.com/Sarwarhridoy4/FyClip---Advanced-Clipboard-Manager/internal/clipboard/monitor.go:241.18,242.28 1 0
github.com/Sarwarhridoy4/FyClip---Advanced-Clipboard-Manager/internal/clipboard/monitor.go:242.28,244.4 1 0
github.com/Sarwarhridoy4/FyClip---Advanced-Clipboard-Manager/internal/clipboard/monitor.go:245.3,247.28 3 0
github.com/Sarwarhridoy4/FyClip---Advanced-Clipboard-Manager/internal/clipboard/monitor.go:252.80,253.20 1 0
github.com/Sarwarhridoy4/FyClip---Advanced-Clipboard-Manager/internal/clipboard/monitor.go:253.20,255.3 1 0
github.com/Sarwarhridoy4/FyClip---Advanced-Clipboard-Manager/internal/clipboard/monitor.go:257.2,264.56 6 0
github.com/Sarwarhridoy4/FyClip---Advanced-Clipboard-Manager/internal/clipboard/monitor.go:264.56,266.3 1 0
github.com/Sarwarhridoy4/FyClip---Advanced-Clipboard-Manager/internal/clipboard/monitor.go:268.2,284.18 9 0
github.com/Sarwarhridoy4/FyClip---Advanced-Clipboard-Manager/internal/clipboard/monitor.go:284.18,285.28 1 0
github.com/Sarwarhridoy4/FyClip---Advanced-Clipboard-Manager/internal/clipboard/monitor.go:285.28,287.4 1 0
github.com/Sarwarhridoy4/FyClip---Advanced-Clipboard-Manager/internal/clipboard/monitor.go:288.3,290.28 3 0
github.com/Sarwarhridoy4/FyClip---Advanced-Clipboard-Manager/internal/clipboard/monitor.go:295.68,296.20 1 0
github.com/Sarwarhridoy4/FyClip---Advanced-Clipboard-Manager/internal/clipboard/monitor.go:296.20,298.3 1 0
github.com/Sarwarhridoy4/FyClip---Advanced-Clipboard-Manager/internal/clipboard/monitor.go:300.2,309.56 7 0
github.com/Sarwarhridoy4/FyClip---Advanced-Clipboard-Manager/internal/clipboard/monitor.go:309.56,311.3 1 0
github.com/Sarwarhridoy4/FyClip---Advanced-Clipboard-Manager/internal/clipboard/monitor.go:313.2,331.18 10 0
github.com/Sarwarhridoy4/FyClip---Advanced-Clipboard-Manager/internal/clipboard/monitor.go:331.18,332.28 1 0
github.com/Sarwarhridoy4/FyClip---Advanced-Clipboard-Manager/internal/clipboard/monitor.go:332.28,334.4 1 0
github.com/Sarwarhridoy4/FyClip---Advanced-Clipboard-Manager/internal/clipboard/monitor.go:335.3,337.28 3 0
github.com/Sarwarhridoy4/FyClip---Advanced-Clipboard-Manager/internal/clipboard/monitor.go:342.76,343.25 1 0
github.com/Sarwarhridoy4/FyClip---Advanced-Clipboard-Manager/internal/clipboard/monitor.go:343.25,345.3 1 0
github.com/Sarwarhridoy4/FyClip---Advanced-Clipboard-Manager/internal/clipboard/monitor.go:348.2,356.56 7 0
github.com/Sarwarhridoy4/FyClip---Advanced-Clipboard-Manager/internal/clipboard/monitor.go:356.56,358.3 1 0
github.com/Sarwarhridoy4/FyClip---Advanced-Clipboard-Manager/internal/clipboard/monitor.go:360.2,369.16 8 0
github.com/Sarwarhridoy4/FyClip---Advanced-Clipboard-Manager/internal/clipboard/monitor.go:369.16,372.3 2 0
github.com/Sarwarhridoy4/FyClip---Advanced-Clipboard-Manager/internal/clipboard/monitor.go:375.2,376.25 2 0
github.com/Sarwarhridoy4/FyClip---Advanced-Clipboard-Manager/internal/clipboard/monitor.go:376.25,378.3 1 0
github.com/Sarwarhridoy4/FyClip---Advanced-Clipboard-Manager/internal/clipboard/monitor.go:380.2,388.18 3 0
github.com/Sarwarhridoy4/FyClip---Advanced-Clipboard-Manager/internal/clipboard/monitor.go:388.18,389.28 1 0
github.com/Sarwarhridoy4/FyClip---Advanced-Clipboard-Manager/internal/clipboard/monitor.go:389.28,391.4 1 0
github.com/Sarwarhridoy4/FyClip---Advanced-Clipboard-Manager/internal/clipboard/monitor.go:392.3,394.28 3 0
github.com/Sarwarhridoy4/FyClip---Advanced-Clipboard-Manager/internal/clipboard/monitor.go:399.45,402.25 3 0
github.com/Sarwarhridoy4/FyClip---Advanced-Clipboard-Manager/internal/clipboard/monitor.go:402.25,403.15 1 0
github.com/Sarwarhridoy4/FyClip---Advanced-Clipboard-Manager/internal/clipboard/monitor.go:403.15,405.4 1 0
github.com/Sarwarhridoy4/FyClip---Advanced-Clipboard-Manager/internal/clipboard/monitor.go:405.9,405.22 1 0
github.com/Sarwarhridoy4/FyClip---Advanced-Clipboard-Manager/internal/clipboard/monitor.go:405.22,408.4 2 0
github.com/Sarwarhridoy4/FyClip---Advanced-Clipboard-Manager/internal/clipboard/monitor.go:408.9,408.20 1 0
github.com/Sarwarhridoy4/FyClip---Advanced-Clipboard-Manager/internal/clipboard/monitor.go:408.20,410.4 1 0
github.com/Sarwarhridoy4/FyClip---Advanced-Clipboard-Manager/internal/clipboard/monitor.go:412.2,412.43 1 0
github.com/Sarwarhridoy4/FyClip---Advanced-Clipboard-Manager/internal/clipboard/native.go:27.53,33.16 3 22
github.com/Sarwarhridoy4/FyClip---Advanced-Clipboard-Manager/internal/clipboard/native.go:33.16,34.30 1 0
github.com/Sarwarhridoy4/FyClip---Advanced-Clipboard-Manager/internal/clipboard/native.go:34.30,36.4 1 0
github.com/Sarwarhridoy4/FyClip---Advanced-Clipboard-Manager/internal/clipboard/native.go:36.9,38.4 1 0
github.com/Sarwarhridoy4/FyClip---Advanced-Clipboard-Manager/internal/clipboard/native.go:41.2,41.16 1 22
github.com/Sarwarhridoy4/FyClip---Advanced-Clipboard-Manager/internal/clipboard/native.go:45.49,48.51 2 0
github.com/Sarwarhridoy4/FyClip---Advanced-Clipboard-Manager/internal/clipboard/native.go:48.51,49.54 1 0
github.com/Sarwarhridoy4/FyClip---Advanced-Clipboard-Manager/internal/clipboard/native.go:49.54,53.4 3 0
github.com/Sarwarhridoy4/FyClip---Advanced-Clipboard-Manager/internal/clipboard/native.go:54.3,54.61 1 0
github.com/Sarwarhridoy4/FyClip---Advanced-Clipboard-Manager/internal/clipboard/native.go:57.2,57.50 1 0
github.com/Sarwarhridoy4/FyClip---Advanced-Clipboard-Manager/internal/clipboard/native.go:57.50,61.3 3 0
github.com/Sarwarhridoy4/FyClip---Advanced-Clipboard-Manager/internal/clipboard/native.go:63.2,64.22 2 0
github.com/Sarwarhridoy4/FyClip---Advanced-Clipboard-Manager/internal/clipboard/native.go:68.46,69.19 1 1
github.com/Sarwarhridoy4/FyClip---Advanced-Clipboard-Manager/internal/clipboard/native.go:69.19,71.3 1 0
github.com/Sarwarhridoy4/FyClip---Advanced-Clipboard-Manager/internal/clipboard/native.go:73.2,73.15 1 1
github.com/Sarwarhridoy4/FyClip---Advanced-Clipboard-Manager/internal/clipboard/native.go:73.15,74.31 1 1
github.com/Sarwarhridoy4/FyClip---Advanced-Clipboard-Manager/internal/clipboard/native.go:74.31,76.4 1 0
github.com/Sarwarhridoy4/FyClip---Advanced-Clipboard-Manager/internal/clipboard/native.go:79.2,79.18 1 1
github.com/Sarwarhridoy4/FyClip---Advanced-Clipboard-Manager/internal/clipboard/native.go:79.18,81.3 1 0
github.com/Sarwarhridoy4/FyClip---Advanced-Clipboard-Manager/internal/clipboard/native.go:81.8,81.24 1 1
github.com/Sarwarhridoy4/FyClip---Advanced-Clipboard-Manager/internal/clipboard/native.go:81.24,83.3 1 0
github.com/Sarwarhridoy4/FyClip---Advanced-Clipboard-Manager/internal/clipboard/native.go:85.2,85.42 1 1
github.com/Sarwarhridoy4/FyClip---Advanced-Clipboard-Manager/internal/clipboard/native.go:89.57,90.19 1 1
github.com/Sarwarhridoy4/FyClip---Advanced-Clipboard-Manager/internal/clipboard/native.go:90.19,92.3 1 0
github.com/Sarwarhridoy4/FyClip---Advanced-Clipboard-Manager/internal/clipboard/native.go:94.2,94.15 1 1
github.com/Sarwarhridoy4/FyClip---Advanced-Clipboard-Manager/internal/clipboard/native.go:94.15,95.31 1 1
github.com/Sarwarhridoy4/FyClip---Advanced-Clipboard-Manager/internal/clipboard/native.go:95.31,97.4 1 0
github.com/Sarwarhridoy4/FyClip---Advanced-Clipboard-Manager/internal/clipboard/native.go:100.2,100.18 1 1
github.com/Sarwarhridoy4/FyClip---Advanced-Clipboard-Manager/internal/clipboard/native.go:100.18,102.3 1 0
github.com/Sarwarhridoy4/FyClip---Advanced-Clipboard-Manager/internal/clipboard/native.go:102.8,102.24 1 1
github.com/Sarwarhridoy4/FyClip---Advanced-Clipboard-Manager/internal/clipboard/native.go:102.24,104.3 1 0
github.com/Sarwarhridoy4/FyClip---Advanced-Clipboard-Manager/internal/clipboard/native.go:106.2,107.22 2 1
github.com/Sarwarhridoy4/FyClip---Advanced-Clipboard-Manager/internal/clipboard/native.go:107.22,109.3 1 0
github.com/Sarwarhridoy4/FyClip---Advanced-Clipboard-Manager/internal/clipboard/native.go:111.2,111.16 1 1
github.com/Sarwarhridoy4/FyClip---Advanced-Clipboard-Manager/internal/clipboard/native.go:115.57,116.19 1 1
github.com/Sarwarhridoy4/FyClip---Advanced-Clipboard-Manager/internal/clipboard/native.go:116.19,118.3 1 0
github.com/Sarwarhridoy4/FyClip---Advanced-Clipboard-Manager/internal/clipboard/native.go:120.2,120.15 1 1
github.com/Sarwarhridoy4/FyClip---Advanced-Clipboard-Manager/internal/clipboard/native.go:120.15,121.31 1 1
github.com/Sarwarhridoy4/FyClip---Advanced-Clipboard-Manager/internal/clipboard/native.go:121.31,123.4 1 0
github.com/Sarwarhridoy4/FyClip---Advanced-Clipboard-Manager/internal/clipboard/native.go:126.2,126.18 1 1
github.com/Sarwarhridoy4/FyClip---Advanced-Clipboard-Manager/internal/clipboard/native.go:126.18,128.3 1 0
github.com/Sarwarhridoy4/FyClip---Advanced-Clipboard-Manager/internal/clipboard/native.go:128.8,128.24 1 1
github.com/Sarwarhridoy4/FyClip---Advanced-Clipboard-Manager/internal/clipboard/native.go:128.24,130.3 1 0
github.com/Sarwarhridoy4/FyClip---Advanced-Clipboard-Manager/internal/clipboard/native.go:132.2,133.12 2 1
github.com/Sarwarhridoy4/FyClip---Advanced-Clipboard-Manager/internal/clipboard/native.go:137.64,138.19 1 1
github.com/Sarwarhridoy4/FyClip---Advanced-Clipboard-Manager/internal/clipboard/native.go:138.19,140.3 1 0
github.com/Sarwarhridoy4/FyClip---Advanced-Clipboard-Manager/internal/clipboard/native.go:142.2,143.16 2 1
github.com/Sarwarhridoy4/FyClip---Advanced-Clipboard-Manager/internal/clipboard/native.go:143.16,145.3 1 0
github.com/Sarwarhridoy4/FyClip---Advanced-Clipboard-Manager/internal/clipboard/native.go:147.2,147.15 1 1
github.com/Sarwarhridoy4/FyClip---Advanced-Clipboard-Manager/internal/clipboard/native.go:147.15,148.31 1 1
github.com/Sarwarhridoy4/FyClip---Advanced-Clipboard-Manager/internal/clipboard/native.go:148.31,150.4 1 0
github.com/Sarwarhridoy4/FyClip---Advanced-Clipboard-Manager/internal/clipboard/native.go:153.2,153.18 1 1
github.com/Sarwarhridoy4/FyClip---Advanced-Clipboard-Manager/internal/clipboard/native.go:153.18,155.3 1 0
github.com/Sarwarhridoy4/FyClip---Advanced-Clipboard-Manager/internal/clipboard/native.go:155.8,155.24 1 1
github.com/Sarwarhridoy4/FyClip---Advanced-Clipboard-Manager/internal/clipboard/native.go:155.24,157.3 1 0
github.com/Sarwarhridoy4/FyClip---Advanced-Clipboard-Manager/internal/clipboard/native.go:159.2,160.12 2 1
github.com/Sarwarhridoy4/FyClip---Advanced-Clipboard-Manager/internal/clipboard/native.go:164.46,165.19 1 0
github.com/Sarwarhridoy4/FyClip---Advanced-Clipboard-Manager/internal/clipboard/native.go:165.19,167.3 1 0
github.com/Sarwarhridoy4/FyClip---Advanced-Clipboard-Manager/internal/clipboard/native.go:169.2,169.15 1 0
github.com/Sarwarhridoy4/FyClip---Advanced-Clipboard-Manager/internal/clipboard/native.go:169.15,170.31 1 0
github.com/Sarwarhridoy4/FyClip---Advanced-Clipboard-Manager/internal/clipboard/native.go:170.31,172.4 1 0
github.com/Sarwarhridoy4/FyClip---Advanced-Clipboard-Manager/internal/clipboard/native.go:176.2,176.17 1 0
github.com/Sarwarhridoy4/FyClip---Advanced-Clipboard-Manager/internal/clipboard/native.go:176.17,182.33 5 0
github.com/Sarwarhridoy4/FyClip---Advanced-Clipboard-Manager/internal/clipboard/native.go:182.33,184.4 1 0
github.com/Sarwarhridoy4/FyClip---Advanced-Clipboard-Manager/internal/clipboard/native.go:188.2,188.18 1 0
github.com/Sarwarhridoy4/FyClip---Advanced-Clipboard-Manager/internal/clipboard/native.go:188.18,194.33 5 0
github.com/Sarwarhridoy4/FyClip---Advanced-Clipboard-Manager/internal/clipboard/native.go:194.33,196.4 1 0
github.com/Sarwarhridoy4/FyClip---Advanced-Clipboard-Manager/internal/clipboard/native.go:199.2,199.12 1 0
github.com/Sarwarhridoy4/FyClip---Advanced-Clipboard-Manager/internal/clipboard/native.go:203.75,204.19 1 0
github.com/Sarwarhridoy4/FyClip---Advanced-Clipboard-Manager/internal/clipboard/native.go:204.19,206.3 1 0
github.com/Sarwarhridoy4/FyClip---Advanced-Clipboard-Manager/internal/clipboard/native.go:208.2,208.15 1 0
github.com/Sarwarhridoy4/FyClip---Advanced-Clipboard-Manager/internal/clipboard/native.go:208.15,209.31 1 0
github.com/Sarwarhridoy4/FyClip---Advanced-Clipboard-Manager/internal/clipboard/native.go:209.31,211.4 1 0
github.com/Sarwarhridoy4/FyClip---Advanced-Clipboard-Manager/internal/clipboard/native.go:215.2,215.56 1 0
github.com/Sarwarhridoy4/FyClip---Advanced-Clipboard-Manager/internal/clipboard/native.go:215.56,217.3 1 0
github.com/Sarwarhridoy4/FyClip---Advanced-Clipboard-Manager/internal/clipboard/native.go:221.2,222.12 2 0
github.com/Sarwarhridoy4/FyClip---Advanced-Clipboard-Manager/internal/clipboard/native.go:226.53,227.19 1 0
github.com/Sarwarhridoy4/FyClip---Advanced-Clipboard-Manager/internal/clipboard/native.go:227.19,229.3 1 0
github.com/Sarwarhridoy4/FyClip---Advanced-Clipboard-Manager/internal/clipboard/native.go:231.2,231.15 1 0
github.com/Sarwarhridoy4/FyClip---Advanced-Clipboard-Manager/internal/clipboard/native.go:231.15,232.31 1 0
github.com/Sarwarhridoy4/FyClip---Advanced-Clipboard-Manager/internal/clipboard/native.go:232.31,234.4 1 0
github.com/Sarwarhridoy4/FyClip---Advanced-Clipboard-Manager/internal/clipboard/native.go:238.2,239.23 2 0
github.com/Sarwarhridoy4/FyClip---Advanced-Clipboard-Manager/internal/clipboard/native.go:239.23,242.23 2 0
github.com/Sarwarhridoy4/FyClip---Advanced-Clipboard-Manager/internal/clipboard/native.go:242.23,244.4 1 0
github.com/Sarwarhridoy4/FyClip---Advanced-Clipboard-Manager/internal/clipboard/native.go:248.2,248.17 1 0
github.com/Sarwarhridoy4/FyClip---Advanced-Clipboard-Manager/internal/clipboard/native.go:248.17,254.33 5 0
github.com/Sarwarhridoy4/FyClip---Advanced-Clipboard-Manager/internal/clipboard/native.go:254.33,256.4 1 0
github.com/Sarwarhridoy4/FyClip---Advanced-Clipboard-Manager/internal/clipboard/native.go:260.2,260.18 1 0
github.com/Sarwarhridoy4/FyClip---Advanced-Clipboard-Manager/internal/clipboard/native.go:260.18,266.33 5 0
github.com/Sarwarhridoy4/FyClip---Advanced-Clipboard-Manager/internal/clipboard/native.go:266.33,268.4 1 0
github.com/Sarwarhridoy4/FyClip---Advanced-Clipboard-Manager/internal/clipboard/native.go:271.2,271.12 1 0
github.com/Sarwarhridoy4/FyClip---Advanced-Clipboard-Manager/internal/clipboard/native.go:275.44,278.29 3 0
[...]
github.com/Sarwarhridoy4/FyClip---Advanced-Clipboard-Manager/internal/ui/window.go:123.49,150.2 6 0
github.com/Sarwarhridoy4/FyClip---Advanced-Clipboard-Manager/internal/ui/window.go:153.41,163.12 5 0
github.com/Sarwarhridoy4/FyClip---Advanced-Clipboard-Manager/internal/ui/window.go:163.12,166.22 3 0
github.com/Sarwarhridoy4/FyClip---Advanced-Clipboard-Manager/internal/ui/window.go:166.22,167.24 1 0
github.com/Sarwarhridoy4/FyClip---Advanced-Clipboard-Manager/internal/ui/window.go:167.24,169.5 1 0
github.com/Sarwarhridoy4/FyClip---Advanced-Clipboard-Manager/internal/ui/window.go:170.4,171.21 2 0
github.com/Sarwarhridoy4/FyClip---Advanced-Clipboard-Manager/internal/ui/window.go:171.21,173.5 1 0
github.com/Sarwarhridoy4/FyClip---Advanced-Clipboard-Manager/internal/ui/window.go:175.4,176.28 2 0
github.com/Sarwarhridoy4/FyClip---Advanced-Clipboard-Manager/internal/ui/window.go:176.28,178.5 1 0
github.com/Sarwarhridoy4/FyClip---Advanced-Clipboard-Manager/internal/ui/window.go:184.40,186.46 1 0
github.com/Sarwarhridoy4/FyClip---Advanced-Clipboard-Manager/internal/ui/window.go:186.46,187.24 1 0
github.com/Sarwarhridoy4/FyClip---Advanced-Clipboard-Manager/internal/ui/window.go:187.24,189.4 1 0
github.com/Sarwarhridoy4/FyClip---Advanced-Clipboard-Manager/internal/ui/window.go:192.2,192.50 1 0
github.com/Sarwarhridoy4/FyClip---Advanced-Clipboard-Manager/internal/ui/window.go:192.50,193.24 1 0
github.com/Sarwarhridoy4/FyClip---Advanced-Clipboard-Manager/internal/ui/window.go:193.24,195.4 1 0
github.com/Sarwarhridoy4/FyClip---Advanced-Clipboard-Manager/internal/ui/window.go:198.2,198.50 1 0
github.com/Sarwarhridoy4/FyClip---Advanced-Clipboard-Manager/internal/ui/window.go:198.50,199.23 1 0
github.com/Sarwarhridoy4/FyClip---Advanced-Clipboard-Manager/internal/ui/window.go:199.23,201.4 1 0
github.com/Sarwarhridoy4/FyClip---Advanced-Clipboard-Manager/internal/ui/window.go:204.2,204.50 1 0
github.com/Sarwarhridoy4/FyClip---Advanced-Clipboard-Manager/internal/ui/window.go:204.50,205.24 1 0
github.com/Sarwarhridoy4/FyClip---Advanced-Clipboard-Manager/internal/ui/window.go:205.24,207.4 1 0
github.com/Sarwarhridoy4/FyClip---Advanced-Clipboard-Manager/internal/ui/window.go:210.2,210.52 1 0
github.com/Sarwarhridoy4/FyClip---Advanced-Clipboard-Manager/internal/ui/window.go:210.52,211.24 1 0
github.com/Sarwarhridoy4/FyClip---Advanced-Clipboard-Manager/internal/ui/window.go:211.24,213.4 1 0
github.com/Sarwarhridoy4/FyClip---Advanced-Clipboard-Manager/internal/ui/window.go:216.2,219.59 2 0
github.com/Sarwarhridoy4/FyClip---Advanced-Clipboard-Manager/internal/ui/window.go:219.59,220.27 1 0
github.com/Sarwarhridoy4/FyClip---Advanced-Clipboard-Manager/internal/ui/window.go:220.27,222.4 1 0
github.com/Sarwarhridoy4/FyClip---Advanced-Clipboard-Manager/internal/ui/window.go:224.2,227.54 2 0
github.com/Sarwarhridoy4/FyClip---Advanced-Clipboard-Manager/internal/ui/window.go:227.54,229.3 1 0
github.com/Sarwarhridoy4/FyClip---Advanced-Clipboard-Manager/internal/ui/window.go:231.2,231.48 1 0
github.com/Sarwarhridoy4/FyClip---Advanced-Clipboard-Manager/internal/ui/window.go:231.48,233.3 1 0
github.com/Sarwarhridoy4/FyClip---Advanced-Clipboard-Manager/internal/ui/window.go:235.2,238.33 3 0
github.com/Sarwarhridoy4/FyClip---Advanced-Clipboard-Manager/internal/ui/window.go:242.52,245.16 3 0
github.com/Sarwarhridoy4/FyClip---Advanced-Clipboard-Manager/internal/ui/window.go:245.16,247.3 1 0
github.com/Sarwarhridoy4/FyClip---Advanced-Clipboard-Manager/internal/ui/window.go:249.2,250.18 2 0
github.com/Sarwarhridoy4/FyClip---Advanced-Clipboard-Manager/internal/ui/window.go:250.18,252.3 1 0
github.com/Sarwarhridoy4/FyClip---Advanced-Clipboard-Manager/internal/ui/window.go:252.8,252.30 1 0
github.com/Sarwarhridoy4/FyClip---Advanced-Clipboard-Manager/internal/ui/window.go:252.30,254.3 1 0
github.com/Sarwarhridoy4/FyClip---Advanced-Clipboard-Manager/internal/ui/window.go:256.2,257.20 2 0
github.com/Sarwarhridoy4/FyClip---Advanced-Clipboard-Manager/internal/ui/window.go:257.20,259.3 1 0
github.com/Sarwarhridoy4/FyClip---Advanced-Clipboard-Manager/internal/ui/window.go:260.2,260.23 1 0
github.com/Sarwarhridoy4/FyClip---Advanced-Clipboard-Manager/internal/ui/window.go:260.23,262.3 1 0
github.com/Sarwarhridoy4/FyClip---Advanced-Clipboard-Manager/internal/ui/window.go:266.35,268.20 2 0
github.com/Sarwarhridoy4/FyClip---Advanced-Clipboard-Manager/internal/ui/window.go:268.20,270.3 1 0
github.com/Sarwarhridoy4/FyClip---Advanced-Clipboard-Manager/internal/ui/window.go:271.2,271.23 1 0
github.com/Sarwarhridoy4/FyClip---Advanced-Clipboard-Manager/internal/ui/window.go:271.23,273.3 1 0
github.com/Sarwarhridoy4/FyClip---Advanced-Clipboard-Manager/internal/ui/window.go:277.38,279.15 2 0
github.com/Sarwarhridoy4/FyClip---Advanced-Clipboard-Manager/internal/ui/window.go:279.15,281.21 2 0
github.com/Sarwarhridoy4/FyClip---Advanced-Clipboard-Manager/internal/ui/window.go:281.21,283.4 1 0
github.com/Sarwarhridoy4/FyClip---Advanced-Clipboard-Manager/internal/ui/window.go:284.3,284.24 1 0
github.com/Sarwarhridoy4/FyClip---Advanced-Clipboard-Manager/internal/ui/window.go:284.24,286.4 1 0
github.com/Sarwarhridoy4/FyClip---Advanced-Clipboard-Manager/internal/ui/window.go:291.33,292.20 1 0
github.com/Sarwarhridoy4/FyClip---Advanced-Clipboard-Manager/internal/ui/window.go:292.20,294.3 1 0
github.com/Sarwarhridoy4/FyClip---Advanced-Clipboard-Manager/internal/ui/window.go:295.2,295.23 1 0
github.com/Sarwarhridoy4/FyClip---Advanced-Clipboard-Manager/internal/ui/window.go:295.23,297.3 1 0
github.com/Sarwarhridoy4/FyClip---Advanced-Clipboard-Manager/internal/ui/window.go:298.2,298.23 1 0
github.com/Sarwarhridoy4/FyClip---Advanced-Clipboard-Manager/internal/ui/window.go:298.23,300.3 1 0
github.com/Sarwarhridoy4/FyClip---Advanced-Clipboard-Manager/internal/ui/window.go:301.2,301.22 1 0
github.com/Sarwarhridoy4/FyClip---Advanced-Clipboard-Manager/internal/ui/window.go:301.22,303.3 1 0
github.com/Sarwarhridoy4/FyClip---Advanced-Clipboard-Manager/internal/ui/window.go:307.49,309.23 2 0
github.com/Sarwarhridoy4/FyClip---Advanced-Clipboard-Manager/internal/ui/window.go:309.23,311.3 1 0
github.com/Sarwarhridoy4/FyClip---Advanced-Clipboard-Manager/internal/ui/window.go:315.57,318.27 2 0
github.com/Sarwarhridoy4/FyClip---Advanced-Clipboard-Manager/internal/ui/window.go:318.27,319.23 1 0
github.com/Sarwarhridoy4/FyClip---Advanced-Clipboard-Manager/internal/ui/window.go:319.23,321.9 2 0
github.com/Sarwarhridoy4/FyClip---Advanced-Clipboard-Manager/internal/ui/window.go:327.40,328.26 1 0
github.com/Sarwarhridoy4/FyClip---Advanced-Clipboard-Manager/internal/ui/window.go:328.26,330.3 1 0
github.com/Sarwarhridoy4/FyClip---Advanced-Clipboard-Manager/internal/app/app.go:37.17,43.16 4 0
github.com/Sarwarhridoy4/FyClip---Advanced-Clipboard-Manager/internal/app/app.go:43.16,45.3 1 0
github.com/Sarwarhridoy4/FyClip---Advanced-Clipboard-Manager/internal/app/app.go:48.2,49.22 2 0
github.com/Sarwarhridoy4/FyClip---Advanced-Clipboard-Manager/internal/app/app.go:49.22,51.3 1 0
github.com/Sarwarhridoy4/FyClip---Advanced-Clipboard-Manager/internal/app/app.go:54.2,54.24 1 0
github.com/Sarwarhridoy4/FyClip---Advanced-Clipboard-Manager/internal/app/app.go:54.24,56.27 2 0
github.com/Sarwarhridoy4/FyClip---Advanced-Clipboard-Manager/internal/app/app.go:56.27,58.4 1 0
github.com/Sarwarhridoy4/FyClip---Advanced-Clipboard-Manager/internal/app/app.go:58.9,60.4 1 0
github.com/Sarwarhridoy4/FyClip---Advanced-Clipboard-Manager/internal/app/app.go:61.8,63.3 1 0
github.com/Sarwarhridoy4/FyClip---Advanced-Clipboard-Manager/internal/app/app.go:65.2,78.20 6 0
github.com/Sarwarhridoy4/FyClip---Advanced-Clipboard-Manager/internal/app/app.go:78.20,79.19 1 0
github.com/Sarwarhridoy4/FyClip---Advanced-Clipboard-Manager/internal/app/app.go:79.19,80.24 1 0
github.com/Sarwarhridoy4/FyClip---Advanced-Clipboard-Manager/internal/app/app.go:80.24,82.6 1 0
github.com/Sarwarhridoy4/FyClip---Advanced-Clipboard-Manager/internal/app/app.go:85.28,87.19 2 0
github.com/Sarwarhridoy4/FyClip---Advanced-Clipboard-Manager/internal/app/app.go:87.19,92.5 1 0
github.com/Sarwarhridoy4/FyClip---Advanced-Clipboard-Manager/internal/app/app.go:94.32,95.19 1 0
github.com/Sarwarhridoy4/FyClip---Advanced-Clipboard-Manager/internal/app/app.go:95.19,100.5 1 0
github.com/Sarwarhridoy4/FyClip---Advanced-Clipboard-Manager/internal/app/app.go:103.2,103.16 1 0
github.com/Sarwarhridoy4/FyClip---Advanced-Clipboard-Manager/internal/app/app.go:103.16,106.3 2 0
github.com/Sarwarhridoy4/FyClip---Advanced-Clipboard-Manager/internal/app/app.go:109.2,117.36 5 0
github.com/Sarwarhridoy4/FyClip---Advanced-Clipboard-Manager/internal/app/app.go:117.36,119.3 1 0
github.com/Sarwarhridoy4/FyClip---Advanced-Clipboard-Manager/internal/app/app.go:121.2,121.10 1 0
github.com/Sarwarhridoy4/FyClip---Advanced-Clipboard-Manager/internal/app/app.go:125.27,126.33 1 0
github.com/Sarwarhridoy4/FyClip---Advanced-Clipboard-Manager/internal/app/app.go:126.33,128.3 1 0
github.com/Sarwarhridoy4/FyClip---Advanced-Clipboard-Manager/internal/app/app.go:130.2,130.15 1 0
github.com/Sarwarhridoy4/FyClip---Advanced-Clipboard-Manager/internal/app/app.go:130.15,131.23 1 0
github.com/Sarwarhridoy4/FyClip---Advanced-Clipboard-Manager/internal/app/app.go:131.23,133.4 1 0
github.com/Sarwarhridoy4/FyClip---Advanced-Clipboard-Manager/internal/app/app.go:136.2,137.12 2 0
github.com/Sarwarhridoy4/FyClip---Advanced-Clipboard-Manager/internal/app/app.go:141.40,142.22 1 0
github.com/Sarwarhridoy4/FyClip---Advanced-Clipboard-Manager/internal/app/app.go:143.17,144.23 1 0
github.com/Sarwarhridoy4/FyClip---Advanced-Clipboard-Manager/internal/app/app.go:144.23,146.4 1 0
github.com/Sarwarhridoy4/FyClip---Advanced-Clipboard-Manager/internal/app/app.go:147.10,148.23 1 0
github.com/Sarwarhridoy4/FyClip---Advanced-Clipboard-Manager/internal/app/app.go:148.23,150.4 1 0
github.com/Sarwarhridoy4/FyClip---Advanced-Clipboard-Manager/internal/app/app.go:152.2,152.33 1 0
github.com/Sarwarhridoy4/FyClip---Advanced-Clipboard-Manager/main.go:17.13,21.75 2 0
github.com/Sarwarhridoy4/FyClip---Advanced-Clipboard-Manager/main.go:21.75,24.3 2 0
github.com/Sarwarhridoy4/FyClip---Advanced-Clipboard-Manager/main.go:27.2,27.48 1 0
github.com/Sarwarhridoy4/FyClip---Advanced-Clipboard-Manager/main.go:27.48,35.3 7 0
github.com/Sarwarhridoy4/FyClip---Advanced-Clipboard-Manager/main.go:37.2,37.15 1 0
github.com/Sarwarhridoy4/FyClip---Advanced-Clipboard-Manager/main.go:37.15,38.31 1 0
github.com/Sarwarhridoy4/FyClip---Advanced-Clipboard-Manager/main.go:38.31,40.4 1 0
github.com/Sarwarhridoy4/FyClip---Advanced-Clipboard-Manager/main.go:43.2,44.24 2 0
github.com/Sarwarhridoy4/FyClip---Advanced-Clipboard-Manager/main.go:44.24,47.3 2 0
github.com/Sarwarhridoy4/FyClip---Advanced-Clipboard-Manager/main.go:49.2,49.42 1 0
github.com/Sarwarhridoy4/FyClip---Advanced-Clipboard-Manager/main.go:49.42,52.3 2 0
github.com/Sarwarhridoy4/FyClip---Advanced-Clipboard-Manager/internal/testutil/testutil.go:15.54,23.28 4 0
github.com/Sarwarhridoy4/FyClip---Advanced-Clipboard-Manager/internal/testutil/testutil.go:23.28,25.4 1 0
github.com/Sarwarhridoy4/FyClip---Advanced-Clipboard-Manager/internal/testutil/testutil.go:26.28,28.4 1 0
github.com/Sarwarhridoy4/FyClip---Advanced-Clipboard-Manager/internal/testutil/testutil.go:30.2,30.16 1 0
github.com/Sarwarhridoy4/FyClip---Advanced-Clipboard-Manager/internal/testutil/testutil.go:30.16,32.3 1 0
github.com/Sarwarhridoy4/FyClip---Advanced-Clipboard-Manager/internal/testutil/testutil.go:35.2,35.19 1 0
github.com/Sarwarhridoy4/FyClip---Advanced-Clipboard-Manager/internal/testutil/testutil.go:35.19,36.21 1 0
github.com/Sarwarhridoy4/FyClip---Advanced-Clipboard-Manager/internal/testutil/testutil.go:36.21,38.4 1 0
github.com/Sarwarhridoy4/FyClip---Advanced-Clipboard-Manager/internal/testutil/testutil.go:41.2,41.16 1 0
github.com/Sarwarhridoy4/FyClip---Advanced-Clipboard-Manager/internal/testutil/testutil.go:45.52,54.2 1 0
github.com/Sarwarhridoy4/FyClip---Advanced-Clipboard-Manager/internal/testutil/testutil.go:57.70,67.2 1 0
github.com/Sarwarhridoy4/FyClip---Advanced-Clipboard-Manager/internal/testutil/testutil.go:70.71,85.2 1 0
github.com/Sarwarhridoy4/FyClip---Advanced-Clipboard-Manager/internal/testutil/testutil.go:88.69,98.2 1 0
github.com/Sarwarhridoy4/FyClip---Advanced-Clipboard-Manager/internal/testutil/testutil.go:101.50,103.29 2 0
github.com/Sarwarhridoy4/FyClip---Advanced-Clipboard-Manager/internal/testutil/testutil.go:103.29,105.3 1 0
github.com/Sarwarhridoy4/FyClip---Advanced-Clipboard-Manager/internal/testutil/testutil.go:106.2,106.14 1 0
github.com/Sarwarhridoy4/FyClip---Advanced-Clipboard-Manager/internal/testutil/testutil.go:110.78,114.28 3 0
github.com/Sarwarhridoy4/FyClip---Advanced-Clipboard-Manager/internal/testutil/testutil.go:114.28,116.3 1 0
github.com/Sarwarhridoy4/FyClip---Advanced-Clipboard-Manager/internal/testutil/testutil.go:120.84,123.17 2 0
github.com/Sarwarhridoy4/FyClip---Advanced-Clipboard-Manager/internal/testutil/testutil.go:123.17,125.3 1 0
github.com/Sarwarhridoy4/FyClip---Advanced-Clipboard-Manager/internal/testutil/testutil.go:126.2,126.37 1 0
github.com/Sarwarhridoy4/FyClip---Advanced-Clipboard-Manager/internal/testutil/testutil.go:126.37,128.3 1 0
github.com/Sarwarhridoy4/FyClip---Advanced-Clipboard-Manager/internal/testutil/testutil.go:132.90,135.17 2 0
github.com/Sarwarhridoy4/FyClip---Advanced-Clipboard-Manager/internal/testutil/testutil.go:135.17,137.3 1 0
github.com/Sarwarhridoy4/FyClip---Advanced-Clipboard-Manager/internal/testutil/testutil.go:138.2,138.31 1 0
github.com/Sarwarhridoy4/FyClip---Advanced-Clipboard-Manager/internal/testutil/testutil.go:138.31,140.3 1 0
github.com/Sarwarhridoy4/FyClip---Advanced-Clipboard-Manager/internal/logger/logger.go:27.32,28.11 1 5
github.com/Sarwarhridoy4/FyClip---Advanced-Clipboard-Manager/internal/logger/logger.go:29.18,30.17 1 1
github.com/Sarwarhridoy4/FyClip---Advanced-Clipboard-Manager/internal/logger/logger.go:31.17,32.16 1 1
github.com/Sarwarhridoy4/FyClip---Advanced-Clipboard-Manager/internal/logger/logger.go:33.17,34.16 1 1
github.com/Sarwarhridoy4/FyClip---Advanced-Clipboard-Manager/internal/logger/logger.go:35.18,36.17 1 1
github.com/Sarwarhridoy4/FyClip---Advanced-Clipboard-Manager/internal/logger/logger.go:37.10,38.19 1 1
github.com/Sarwarhridoy4/FyClip---Advanced-Clipboard-Manager/internal/logger/logger.go:56.20,57.17 1 13
github.com/Sarwarhridoy4/FyClip---Advanced-Clipboard-Manager/internal/logger/logger.go:57.17,63.3 2 1
github.com/Sarwarhridoy4/FyClip---Advanced-Clipboard-Manager/internal/logger/logger.go:64.2,64.22 1 13
github.com/Sarwarhridoy4/FyClip---Advanced-Clipboard-Manager/internal/logger/logger.go:68.38,77.2 3 16
github.com/Sarwarhridoy4/FyClip---Advanced-Clipboard-Manager/internal/logger/logger.go:80.40,85.2 4 2
github.com/Sarwarhridoy4/FyClip---Advanced-Clipboard-Manager/internal/logger/logger.go:88.41,93.2 4 4
github.com/Sarwarhridoy4/FyClip---Advanced-Clipboard-Manager/internal/logger/logger.go:96.57,98.2 1 3
github.com/Sarwarhridoy4/FyClip---Advanced-Clipboard-Manager/internal/logger/logger.go:101.85,103.2 1 2
github.com/Sarwarhridoy4/FyClip---Advanced-Clipboard-Manager/internal/logger/logger.go:106.56,108.2 1 4
github.com/Sarwarhridoy4/FyClip---Advanced-Clipboard-Manager/internal/logger/logger.go:111.84,113.2 1 2
github.com/Sarwarhridoy4/FyClip---Advanced-Clipboard-Manager/internal/logger/logger.go:116.56,118.2 1 3
github.com/Sarwarhridoy4/FyClip---Advanced-Clipboard-Manager/internal/logger/logger.go:121.84,123.2 1 2
github.com/Sarwarhridoy4/FyClip---Advanced-Clipboard-Manager/internal/logger/logger.go:126.57,128.2 1 3
github.com/Sarwarhridoy4/FyClip---Advanced-Clipboard-Manager/internal/logger/logger.go:131.85,133.2 1 2
github.com/Sarwarhridoy4/FyClip---Advanced-Clipboard-Manager/internal/logger/logger.go:136.68,137.15 1 4
github.com/Sarwarhridoy4/FyClip---Advanced-Clipboard-Manager/internal/logger/logger.go:138.18,139.24 1 1
github.com/Sarwarhridoy4/FyClip---Advanced-Clipboard-Manager/internal/logger/logger.go:140.17,141.23 1 1
github.com/Sarwarhridoy4/FyClip---Advanced-Clipboard-Manager/internal/logger/logger.go:142.17,143.23 1 1
github.com/Sarwarhridoy4/FyClip---Advanced-Clipboard-Manager/internal/logger/logger.go:144.18,145.24 1 1
github.com/Sarwarhridoy4/FyClip---Advanced-Clipboard-Manager/internal/logger/logger.go:150.57,152.2 1 1
github.com/Sarwarhridoy4/FyClip---Advanced-Clipboard-Manager/internal/logger/logger.go:157.45,159.2 1 1
github.com/Sarwarhridoy4/FyClip---Advanced-Clipboard-Manager/internal/logger/logger.go:162.73,164.2 1 1
github.com/Sarwarhridoy4/FyClip---Advanced-Clipboard-Manager/internal/logger/logger.go:167.44,169.2 1 1
github.com/Sarwarhridoy4/FyClip---Advanced-Clipboard-Manager/internal/logger/logger.go:172.72,174.2 1 1
github.com/Sarwarhridoy4/FyClip---Advanced-Clipboard-Manager/internal/logger/logger.go:177.44,179.2 1 1
github.com/Sarwarhridoy4/FyClip---Advanced-Clipboard-Manager/internal/logger/logger.go:182.72,184.2 1 1
github.com/Sarwarhridoy4/FyClip---Advanced-Clipboard-Manager/internal/logger/logger.go:187.45,189.2 1 1
github.com/Sarwarhridoy4/FyClip---Advanced-Clipboard-Manager/internal/logger/logger.go:192.73,194.2 1 1
github.com/Sarwarhridoy4/FyClip---Advanced-Clipboard-Manager/internal/logger/logger.go:206.102,209.47 2 3
github.com/Sarwarhridoy4/FyClip---Advanced-Clipboard-Manager/internal/logger/logger.go:209.47,211.3 1 0
github.com/Sarwarhridoy4/FyClip---Advanced-Clipboard-Manager/internal/logger/logger.go:213.2,223.16 3 3
github.com/Sarwarhridoy4/FyClip---Advanced-Clipboard-Manager/internal/logger/logger.go:223.16,225.3 1 0
github.com/Sarwarhridoy4/FyClip---Advanced-Clipboard-Manager/internal/logger/logger.go:227.2,228.15 2 3
github.com/Sarwarhridoy4/FyClip---Advanced-Clipboard-Manager/internal/logger/logger.go:232.37,238.16 4 2
github.com/Sarwarhridoy4/FyClip---Advanced-Clipboard-Manager/internal/logger/logger.go:238.16,239.25 1 0
github.com/Sarwarhridoy4/FyClip---Advanced-Clipboard-Manager/internal/logger/logger.go:239.25,241.4 1 0
github.com/Sarwarhridoy4/FyClip---Advanced-Clipboard-Manager/internal/logger/logger.go:242.3,242.13 1 0
github.com/Sarwarhridoy4/FyClip---Advanced-Clipboard-Manager/internal/logger/logger.go:246.2,246.30 1 2
github.com/Sarwarhridoy4/FyClip---Advanced-Clipboard-Manager/internal/logger/logger.go:246.30,251.56 3 0
github.com/Sarwarhridoy4/FyClip---Advanced-Clipboard-Manager/internal/logger/logger.go:251.56,253.4 1 0
github.com/Sarwarhridoy4/FyClip---Advanced-Clipboard-Manager/internal/logger/logger.go:256.3,257.17 2 0
github.com/Sarwarhridoy4/FyClip---Advanced-Clipboard-Manager/internal/logger/logger.go:257.17,259.4 1 0
github.com/Sarwarhridoy4/FyClip---Advanced-Clipboard-Manager/internal/logger/logger.go:261.3,264.22 2 0
github.com/Sarwarhridoy4/FyClip---Advanced-Clipboard-Manager/internal/logger/logger.go:267.2,267.12 1 2
github.com/Sarwarhridoy4/FyClip---Advanced-Clipboard-Manager/internal/logger/logger.go:271.40,272.24 1 0
github.com/Sarwarhridoy4/FyClip---Advanced-Clipboard-Manager/internal/logger/logger.go:272.24,274.3 1 0
github.com/Sarwarhridoy4/FyClip---Advanced-Clipboard-Manager/internal/logger/logger.go:276.2,280.16 4 0
github.com/Sarwarhridoy4/FyClip---Advanced-Clipboard-Manager/internal/logger/logger.go:280.16,282.3 1 0
github.com/Sarwarhridoy4/FyClip---Advanced-Clipboard-Manager/internal/logger/logger.go:286.2,286.34 1 0
github.com/Sarwarhridoy4/FyClip---Advanced-Clipboard-Manager/internal/logger/logger.go:286.34,287.49 1 0
github.com/Sarwarhridoy4/FyClip---Advanced-Clipboard-Manager/internal/logger/logger.go:287.49,289.4 1 0
github.com/Sarwarhridoy4/FyClip---Advanced-Clipboard-Manager/internal/logger/logger.go:294.36,295.38 1 3
github.com/Sarwarhridoy4/FyClip---Advanced-Clipboard-Manager/internal/logger/logger.go:295.38,297.3 1 3
github.com/Sarwarhridoy4/FyClip---Advanced-Clipboard-Manager/internal/logger/logger.go:298.2,298.12 1 0
github.com/Sarwarhridoy4/FyClip---Advanced-Clipboard-Manager/internal/logger/logger.go:302.13,306.2 2 1
