mode: set
github.com/Sarwarhridoy4/FyClip---Advanced-Clipboard-Manager/internal/clipboard/backup.go:31.56,35.2 1 0
github.com/Sarwarhridoy4/FyClip---Advanced-Clipboard-Manager/internal/clipboard/backup.go:38.72,41.16 2 0
github.com/Sarwarhridoy4/FyClip---Advanced-Clipboard-Manager/internal/clipboard/backup.go:41.16,43.3 1 0
github.com/Sarwarhridoy4/FyClip---Advanced-Clipboard-Manager/internal/clipboard/backup.go:46.2,54.16 3 0
github.com/Sarwarhridoy4/FyClip---Advanced-Clipboard-Manager/internal/clipboard/backup.go:54.16,56.3 1 0
github.com/Sarwarhridoy4/FyClip---Advanced-Clipboard-Manager/internal/clipboard/backup.go:57.2,62.16 4 0
github.com/Sarwarhridoy4/FyClip---Advanced-Clipboard-Manager/internal/clipboard/backup.go:62.16,64.3 1 0
github.com/Sarwarhridoy4/FyClip---Advanced-Clipboard-Manager/internal/clipboard/backup.go:67.2,67.20 1 0
github.com/Sarwarhridoy4/FyClip---Advanced-Clipboard-Manager/internal/clipboard/backup.go:67.20,69.3 1 0
github.com/Sarwarhridoy4/FyClip---Advanced-Clipboard-Manager/internal/clipboard/backup.go:72.2,72.24 1 0
github.com/Sarwarhridoy4/FyClip---Advanced-Clipboard-Manager/internal/clipboard/backup.go:76.75,78.16 2 0
github.com/Sarwarhridoy4/FyClip---Advanced-Clipboard-Manager/internal/clipboard/backup.go:78.16,80.3 1 0
github.com/Sarwarhridoy4/FyClip---Advanced-Clipboard-Manager/internal/clipboard/backup.go:82.2,82.45 1 0
github.com/Sarwarhridoy4/FyClip---Advanced-Clipboard-Manager/internal/clipboard/backup.go:86.87,89.16 2 0
github.com/Sarwarhridoy4/FyClip---Advanced-Clipboard-Manager/internal/clipboard/backup.go:89.16,91.3 1 0
github.com/Sarwarhridoy4/FyClip---Advanced-Clipboard-Manager/internal/clipboard/backup.go:93.2,96.20 2 0
github.com/Sarwarhridoy4/FyClip---Advanced-Clipboard-Manager/internal/clipboard/backup.go:96.20,98.17 2 0
github.com/Sarwarhridoy4/FyClip---Advanced-Clipboard-Manager/internal/clipboard/backup.go:98.17,100.4 1 0
github.com/Sarwarhridoy4/FyClip---Advanced-Clipboard-Manager/internal/clipboard/backup.go:101.8,104.3 1 0
github.com/Sarwarhridoy4/FyClip---Advanced-Clipboard-Manager/internal/clipboard/backup.go:107.2,108.60 2 0
github.com/Sarwarhridoy4/FyClip---Advanced-Clipboard-Manager/internal/clipboard/backup.go:108.60,110.3 1 0
github.com/Sarwarhridoy4/FyClip---Advanced-Clipboard-Manager/internal/clipboard/backup.go:113.2,114.16 2 0
github.com/Sarwarhridoy4/FyClip---Advanced-Clipboard-Manager/internal/clipboard/backup.go:114.16,116.3 1 0
github.com/Sarwarhridoy4/FyClip---Advanced-Clipboard-Manager/internal/clipboard/backup.go:117.2,120.43 3 0
github.com/Sarwarhridoy4/FyClip---Advanced-Clipboard-Manager/internal/clipboard/backup.go:120.43,122.3 1 0
github.com/Sarwarhridoy4/FyClip---Advanced-Clipboard-Manager/internal/clipboard/backup.go:124.2,124.11 1 0
github.com/Sarwarhridoy4/FyClip---Advanced-Clipboard-Manager/internal/clipboard/backup.go:124.11,127.17 2 0
github.com/Sarwarhridoy4/FyClip---Advanced-Clipboard-Manager/internal/clipboard/backup.go:127.17,129.4 1 0
github.com/Sarwarhridoy4/FyClip---Advanced-Clipboard-Manager/internal/clipboard/backup.go:132.3,133.33 2 0
github.com/Sarwarhridoy4/FyClip---Advanced-Clipboard-Manager/internal/clipboard/backup.go:133.33,135.4 1 0
github.com/Sarwarhridoy4/FyClip---Advanced-Clipboard-Manager/internal/clipboard/backup.go:138.3,138.37 1 0
github.com/Sarwarhridoy4/FyClip---Advanced-Clipboard-Manager/internal/clipboard/backup.go:138.37,139.50 1 0
github.com/Sarwarhridoy4/FyClip---Advanced-Clipboard-Manager/internal/clipboard/backup.go:139.50,141.5 1 0
github.com/Sarwarhridoy4/FyClip---Advanced-Clipboard-Manager/internal/clipboard/backup.go:144.3,144.35 1 0
github.com/Sarwarhridoy4/FyClip---Advanced-Clipboard-Manager/internal/clipboard/backup.go:148.2,148.38 1 0
github.com/Sarwarhridoy4/FyClip---Advanced-Clipboard-Manager/internal/clipboard/backup.go:152.92,157.16 3 0
github.com/Sarwarhridoy4/FyClip---Advanced-Clipboard-Manager/internal/clipboard/backup.go:157.16,159.3 1 0
github.com/Sarwarhridoy4/FyClip---Advanced-Clipboard-Manager/internal/clipboard/backup.go:161.2,162.16 2 0
github.com/Sarwarhridoy4/FyClip---Advanced-Clipboard-Manager/internal/clipboard/backup.go:162.16,164.3 1 0
github.com/Sarwarhridoy4/FyClip---Advanced-Clipboard-Manager/internal/clipboard/backup.go:166.2,167.59 2 0
github.com/Sarwarhridoy4/FyClip---Advanced-Clipboard-Manager/internal/clipboard/backup.go:167.59,169.3 1 0
github.com/Sarwarhridoy4/FyClip---Advanced-Clipboard-Manager/internal/clipboard/backup.go:171.2,172.24 2 0
github.com/Sarwarhridoy4/FyClip---Advanced-Clipboard-Manager/internal/clipboard/backup.go:176.92,181.16 3 0
github.com/Sarwarhridoy4/FyClip---Advanced-Clipboard-Manager/internal/clipboard/backup.go:181.16,183.3 1 0
github.com/Sarwarhridoy4/FyClip---Advanced-Clipboard-Manager/internal/clipboard/backup.go:185.2,186.16 2 0
github.com/Sarwarhridoy4/FyClip---Advanced-Clipboard-Manager/internal/clipboard/backup.go:186.16,188.3 1 0
github.com/Sarwarhridoy4/FyClip---Advanced-Clipboard-Manager/internal/clipboard/backup.go:190.2,191.27 2 0
github.com/Sarwarhridoy4/FyClip---Advanced-Clipboard-Manager/internal/clipboard/backup.go:191.27,193.3 1 0
github.com/Sarwarhridoy4/FyClip---Advanced-Clipboard-Manager/internal/clipboard/backup.go:195.2,197.16 3 0
github.com/Sarwarhridoy4/FyClip---Advanced-Clipboard-Manager/internal/clipboard/backup.go:197.16,199.3 1 0
github.com/Sarwarhridoy4/FyClip---Advanced-Clipboard-Manager/internal/clipboard/backup.go:201.2,201.23 1 0
github.com/Sarwarhridoy4/FyClip---Advanced-Clipboard-Manager/internal/clipboard/backup.go:205.69,209.16 3 0
github.com/Sarwarhridoy4/FyClip---Advanced-Clipboard-Manager/internal/clipboard/backup.go:209.16,211.3 1 0
github.com/Sarwarhridoy4/FyClip---Advanced-Clipboard-Manager/internal/clipboard/backup.go:214.2,214.54 1 0
github.com/Sarwarhridoy4/FyClip---Advanced-Clipboard-Manager/internal/clipboard/backup.go:214.54,220.3 1 0
github.com/Sarwarhridoy4/FyClip---Advanced-Clipboard-Manager/internal/clipboard/backup.go:222.2,222.20 1 0
github.com/Sarwarhridoy4/FyClip---Advanced-Clipboard-Manager/internal/clipboard/exclusion.go:34.46,38.2 1 1
github.com/Sarwarhridoy4/FyClip---Advanced-Clipboard-Manager/internal/clipboard/exclusion.go:41.62,42.21 1 0
github.com/Sarwarhridoy4/FyClip---Advanced-Clipboard-Manager/internal/clipboard/exclusion.go:42.21,44.3 1 0
github.com/Sarwarhridoy4/FyClip---Advanced-Clipboard-Manager/internal/clipboard/exclusion.go:44.8,46.3 1 0
github.com/Sarwarhridoy4/FyClip---Advanced-Clipboard-Manager/internal/clipboard/exclusion.go:50.56,52.2 1 0
github.com/Sarwarhridoy4/FyClip---Advanced-Clipboard-Manager/internal/clipboard/exclusion.go:55.57,57.2 1 0
github.com/Sarwarhridoy4/FyClip---Advanced-Clipboard-Manager/internal/clipboard/exclusion.go:60.51,61.29 1 0
github.com/Sarwarhridoy4/FyClip---Advanced-Clipboard-Manager/internal/clipboard/exclusion.go:61.29,62.17 1 0
github.com/Sarwarhridoy4/FyClip---Advanced-Clipboard-Manager/internal/clipboard/exclusion.go:62.17,65.4 2 0
github.com/Sarwarhridoy4/FyClip---Advanced-Clipboard-Manager/internal/clipboard/exclusion.go:70.60,71.29 1 0
github.com/Sarwarhridoy4/FyClip---Advanced-Clipboard-Manager/internal/clipboard/exclusion.go:71.29,72.22 1 0
github.com/Sarwarhridoy4/FyClip---Advanced-Clipboard-Manager/internal/clipboard/exclusion.go:72.22,75.4 2 0
github.com/Sarwarhridoy4/FyClip---Advanced-Clipboard-Manager/internal/clipboard/exclusion.go:80.107,81.32 1 0
github.com/Sarwarhridoy4/FyClip---Advanced-Clipboard-Manager/internal/clipboard/exclusion.go:81.32,82.20 1 0
github.com/Sarwarhridoy4/FyClip---Advanced-Clipboard-Manager/internal/clipboard/exclusion.go:82.20,83.12 1 0
github.com/Sarwarhridoy4/FyClip---Advanced-Clipboard-Manager/internal/clipboard/exclusion.go:86.3,86.20 1 0
github.com/Sarwarhridoy4/FyClip---Advanced-Clipboard-Manager/internal/clipboard/exclusion.go:87.27,88.21 1 0
github.com/Sarwarhridoy4/FyClip---Advanced-Clipboard-Manager/internal/clipboard/exclusion.go:88.21,89.13 1 0
github.com/Sarwarhridoy4/FyClip---Advanced-Clipboard-Manager/internal/clipboard/exclusion.go:92.4,93.18 2 0
github.com/Sarwarhridoy4/FyClip---Advanced-Clipboard-Manager/internal/clipboard/exclusion.go:93.18,94.13 1 0
github.com/Sarwarhridoy4/FyClip---Advanced-Clipboard-Manager/internal/clipboard/exclusion.go:96.4,96.31 1 0
github.com/Sarwarhridoy4/FyClip---Advanced-Clipboard-Manager/internal/clipboard/exclusion.go:96.31,98.5 1 0
github.com/Sarwarhridoy4/FyClip---Advanced-Clipboard-Manager/internal/clipboard/exclusion.go:100.25,101.21 1 0
github.com/Sarwarhridoy4/FyClip---Advanced-Clipboard-Manager/internal/clipboard/exclusion.go:101.21,102.13 1 0
github.com/Sarwarhridoy4/FyClip---Advanced-Clipboard-Manager/internal/clipboard/exclusion.go:105.4,105.81 1 0
github.com/Sarwarhridoy4/FyClip---Advanced-Clipboard-Manager/internal/clipboard/exclusion.go:105.81,107.5 1 0
github.com/Sarwarhridoy4/FyClip---Advanced-Clipboard-Manager/internal/clipboard/exclusion.go:109.26,111.18 2 0
github.com/Sarwarhridoy4/FyClip---Advanced-Clipboard-Manager/internal/clipboard/exclusion.go:111.18,112.13 1 0
github.com/Sarwarhridoy4/FyClip---Advanced-Clipboard-Manager/internal/clipboard/exclusion.go:114.4,115.27 2 0
github.com/Sarwarhridoy4/FyClip---Advanced-Clipboard-Manager/internal/clipboard/exclusion.go:115.27,117.5 1 0
github.com/Sarwarhridoy4/FyClip---Advanced-Clipboard-Manager/internal/clipboard/exclusion.go:121.2,121.18 1 0
github.com/Sarwarhridoy4/FyClip---Advanced-Clipboard-Manager/internal/clipboard/exclusion.go:125.49,156.2 1 1
github.com/Sarwarhridoy4/FyClip---Advanced-Clipboard-Manager/internal/clipboard/item.go:20.35,21.11 1 1
github.com/Sarwarhridoy4/FyClip---Advanced-Clipboard-Manager/internal/clipboard/item.go:22.16,23.16 1 1
github.com/Sarwarhridoy4/FyClip---Advanced-Clipboard-Manager/internal/clipboard/item.go:24.17,25.17 1 1
github.com/Sarwarhridoy4/FyClip---Advanced-Clipboard-Manager/internal/clipboard/item.go:26.16,27.16 1 0
github.com/Sarwarhridoy4/FyClip---Advanced-Clipboard-Manager/internal/clipboard/item.go:28.16,29.16 1 0
github.com/Sarwarhridoy4/FyClip---Advanced-Clipboard-Manager/internal/clipboard/item.go:30.10,31.19 1 1
github.com/Sarwarhridoy4/FyClip---Advanced-Clipboard-Manager/internal/clipboard/item.go:62.35,64.2 1 1
github.com/Sarwarhridoy4/FyClip---Advanced-Clipboard-Manager/internal/clipboard/item.go:67.39,69.2 1 1
github.com/Sarwarhridoy4/FyClip---Advanced-Clipboard-Manager/internal/clipboard/item.go:72.47,73.25 1 1
github.com/Sarwarhridoy4/FyClip---Advanced-Clipboard-Manager/internal/clipboard/item.go:73.25,77.3 1 1
github.com/Sarwarhridoy4/FyClip---Advanced-Clipboard-Manager/internal/clipboard/item.go:79.2,79.24 1 1
github.com/Sarwarhridoy4/FyClip---Advanced-Clipboard-Manager/internal/clipboard/item.go:79.24,80.24 1 0
github.com/Sarwarhridoy4/FyClip---Advanced-Clipboard-Manager/internal/clipboard/item.go:80.24,82.4 1 0
github.com/Sarwarhridoy4/FyClip---Advanced-Clipboard-Manager/internal/clipboard/item.go:83.3,83.65 1 0
github.com/Sarwarhridoy4/FyClip---Advanced-Clipboard-Manager/internal/clipboard/item.go:86.2,90.24 4 1
github.com/Sarwarhridoy4/FyClip---Advanced-Clipboard-Manager/internal/clipboard/item.go:90.24,92.3 1 1
github.com/Sarwarhridoy4/FyClip---Advanced-Clipboard-Manager/internal/clipboard/item.go:93.2,93.13 1 1
github.com/Sarwarhridoy4/FyClip---Advanced-Clipboard-Manager/internal/clipboard/item.go:97.27,98.25 1 1
github.com/Sarwarhridoy4/FyClip---Advanced-Clipboard-Manager/internal/clipboard/item.go:98.25,100.3 1 1
github.com/Sarwarhridoy4/FyClip---Advanced-Clipboard-Manager/internal/clipboard/item.go:101.2,101.45 1 1
github.com/Sarwarhridoy4/FyClip---Advanced-Clipboard-Manager/internal/clipboard/item.go:101.45,103.3 1 0
github.com/Sarwarhridoy4/FyClip---Advanced-Clipboard-Manager/internal/clipboard/item.go:104.2,104.23 1 1
github.com/Sarwarhridoy4/FyClip---Advanced-Clipboard-Manager/internal/clipboard/item.go:108.31,110.2 1 0
github.com/Sarwarhridoy4/FyClip---Advanced-Clipboard-Manager/internal/clipboard/item.go:113.30,115.2 1 0
github.com/Sarwarhridoy4/FyClip---Advanced-Clipboard-Manager/internal/clipboard/item.go:118.43,119.47 1 0
github.com/Sarwarhridoy4/FyClip---Advanced-Clipboard-Manager/internal/clipboard/item.go:119.47,122.3 1 0
github.com/Sarwarhridoy4/FyClip---Advanced-Clipboard-Manager/internal/clipboard/item.go:123.2,123.18 1 0
github.com/Sarwarhridoy4/FyClip---Advanced-Clipboard-Manager/internal/clipboard/item.go:127.40,130.25 3 0
github.com/Sarwarhridoy4/FyClip---Advanced-Clipboard-Manager/internal/clipboard/item.go:130.25,131.15 1 0
github.com/Sarwarhridoy4/FyClip---Advanced-Clipboard-Manager/internal/clipboard/item.go:131.15,133.4 1 0
github.com/Sarwarhridoy4/FyClip---Advanced-Clipboard-Manager/internal/clipboard/item.go:133.9,133.22 1 0
github.com/Sarwarhridoy4/FyClip---Advanced-Clipboard-Manager/internal/clipboard/item.go:133.22,135.4 1 0
github.com/Sarwarhridoy4/FyClip---Advanced-Clipboard-Manager/internal/clipboard/item.go:135.9,135.20 1 0
github.com/Sarwarhridoy4/FyClip---Advanced-Clipboard-Manager/internal/clipboard/item.go:135.20,137.4 1 0
github.com/Sarwarhridoy4/FyClip---Advanced-Clipboard-Manager/internal/clipboard/item.go:139.2,139.24 1 0
github.com/Sarwarhridoy4/FyClip---Advanced-Clipboard-Manager/internal/clipboard/item.go:143.41,145.18 2 0
github.com/Sarwarhridoy4/FyClip---Advanced-Clipboard-Manager/internal/clipboard/item.go:145.18,147.3 1 0
github.com/Sarwarhridoy4/FyClip---Advanced-Clipboard-Manager/internal/clipboard/item.go:148.2,149.46 2 0
github.com/Sarwarhridoy4/FyClip---Advanced-Clipboard-Manager/internal/clipboard/item.go:149.46,152.3 2 0
github.com/Sarwarhridoy4/FyClip---Advanced-Clipboard-Manager/internal/clipboard/item.go:153.2,154.75 2 0
github.com/Sarwarhridoy4/FyClip---Advanced-Clipboard-Manager/internal/clipboard/item.go:158.33,161.24 2 1
github.com/Sarwarhridoy4/FyClip---Advanced-Clipboard-Manager/internal/clipboard/item.go:161.24,163.3 1 1
github.com/Sarwarhridoy4/FyClip---Advanced-Clipboard-Manager/internal/clipboard/item.go:163.8,163.29 1 1
github.com/Sarwarhridoy4/FyClip---Advanced-Clipboard-Manager/internal/clipboard/item.go:163.29,166.3 2 1
github.com/Sarwarhridoy4/FyClip---Advanced-Clipboard-Manager/internal/clipboard/item.go:166.8,166.32 1 1
github.com/Sarwarhridoy4/FyClip---Advanced-Clipboard-Manager/internal/clipboard/item.go:166.32,169.3 2 1
github.com/Sarwarhridoy4/FyClip---Advanced-Clipboard-Manager/internal/clipboard/item.go:171.2,172.15 2 1
github.com/Sarwarhridoy4/FyClip---Advanced-Clipboard-Manager/internal/clipboard/item.go:172.15,174.3 1 1
github.com/Sarwarhridoy4/FyClip---Advanced-Clipboard-Manager/internal/clipboard/item.go:175.2,175.37 1 1
github.com/Sarwarhridoy4/FyClip---Advanced-Clipboard-Manager/internal/clipboard/manager.go:83.47,87.16 3 1
github.com/Sarwarhridoy4/FyClip---Advanced-Clipboard-Manager/internal/clipboard/manager.go:87.16,90.3 2 0
github.com/Sarwarhridoy4/FyClip---Advanced-Clipboard-Manager/internal/clipboard/manager.go:92.2,93.16 2 1
github.com/Sarwarhridoy4/FyClip---Advanced-Clipboard-Manager/internal/clipboard/manager.go:93.16,96.3 2 0
github.com/Sarwarhridoy4/FyClip---Advanced-Clipboard-Manager/internal/clipboard/manager.go:98.2,120.50 2 1
github.com/Sarwarhridoy4/FyClip---Advanced-Clipboard-Manager/internal/clipboard/manager.go:120.50,122.25 1 0
github.com/Sarwarhridoy4/FyClip---Advanced-Clipboard-Manager/internal/clipboard/manager.go:122.25,124.4 1 0
github.com/Sarwarhridoy4/FyClip---Advanced-Clipboard-Manager/internal/clipboard/manager.go:128.2,128.40 1 1
github.com/Sarwarhridoy4/FyClip---Advanced-Clipboard-Manager/internal/clipboard/manager.go:128.40,130.3 1 0
github.com/Sarwarhridoy4/FyClip---Advanced-Clipboard-Manager/internal/clipboard/manager.go:133.2,140.15 5 1
github.com/Sarwarhridoy4/FyClip---Advanced-Clipboard-Manager/internal/clipboard/manager.go:144.39,146.16 2 1
github.com/Sarwarhridoy4/FyClip---Advanced-Clipboard-Manager/internal/clipboard/manager.go:146.16,148.3 1 0
github.com/Sarwarhridoy4/FyClip---Advanced-Clipboard-Manager/internal/clipboard/manager.go:150.2,156.12 6 1
github.com/Sarwarhridoy4/FyClip---Advanced-Clipboard-Manager/internal/clipboard/manager.go:160.36,163.33 3 1
github.com/Sarwarhridoy4/FyClip---Advanced-Clipboard-Manager/internal/clipboard/manager.go:163.33,168.3 3 0
github.com/Sarwarhridoy4/FyClip---Advanced-Clipboard-Manager/internal/clipboard/manager.go:172.38,173.16 1 1
github.com/Sarwarhridoy4/FyClip---Advanced-Clipboard-Manager/internal/clipboard/manager.go:173.16,175.3 1 0
github.com/Sarwarhridoy4/FyClip---Advanced-Clipboard-Manager/internal/clipboard/manager.go:177.2,177.9 1 1
github.com/Sarwarhridoy4/FyClip---Advanced-Clipboard-Manager/internal/clipboard/manager.go:178.32,178.32 0 1
github.com/Sarwarhridoy4/FyClip---Advanced-Clipboard-Manager/internal/clipboard/manager.go:179.10,179.10 0 0
github.com/Sarwarhridoy4/FyClip---Advanced-Clipboard-Manager/internal/clipboard/manager.go:185.33,187.2 1 1
github.com/Sarwarhridoy4/FyClip---Advanced-Clipboard-Manager/internal/clipboard/manager.go:190.36,196.46 5 1
github.com/Sarwarhridoy4/FyClip---Advanced-Clipboard-Manager/internal/clipboard/manager.go:196.46,197.23 1 0
github.com/Sarwarhridoy4/FyClip---Advanced-Clipboard-Manager/internal/clipboard/manager.go:197.23,199.4 1 0
github.com/Sarwarhridoy4/FyClip---Advanced-Clipboard-Manager/internal/clipboard/manager.go:204.33,206.2 1 0
github.com/Sarwarhridoy4/FyClip---Advanced-Clipboard-Manager/internal/clipboard/manager.go:209.52,210.48 1 1
github.com/Sarwarhridoy4/FyClip---Advanced-Clipboard-Manager/internal/clipboard/manager.go:210.48,212.3 1 1
github.com/Sarwarhridoy4/FyClip---Advanced-Clipboard-Manager/internal/clipboard/manager.go:215.2,215.21 1 1
github.com/Sarwarhridoy4/FyClip---Advanced-Clipboard-Manager/internal/clipboard/manager.go:215.21,216.28 1 1
github.com/Sarwarhridoy4/FyClip---Advanced-Clipboard-Manager/internal/clipboard/manager.go:216.28,219.4 2 1
github.com/Sarwarhridoy4/FyClip---Advanced-Clipboard-Manager/internal/clipboard/manager.go:219.9,222.4 2 1
github.com/Sarwarhridoy4/FyClip---Advanced-Clipboard-Manager/internal/clipboard/manager.go:225.2,232.24 4 1
github.com/Sarwarhridoy4/FyClip---Advanced-Clipboard-Manager/internal/clipboard/manager.go:232.24,235.29 3 1
github.com/Sarwarhridoy4/FyClip---Advanced-Clipboard-Manager/internal/clipboard/manager.go:235.29,237.4 1 0
github.com/Sarwarhridoy4/FyClip---Advanced-Clipboard-Manager/internal/clipboard/manager.go:241.2,242.52 2 1
github.com/Sarwarhridoy4/FyClip---Advanced-Clipboard-Manager/internal/clipboard/manager.go:242.52,246.3 2 0
github.com/Sarwarhridoy4/FyClip---Advanced-Clipboard-Manager/internal/clipboard/manager.go:249.2,265.3 9 1
github.com/Sarwarhridoy4/FyClip---Advanced-Clipboard-Manager/internal/clipboard/manager.go:270.42,271.38 1 0
github.com/Sarwarhridoy4/FyClip---Advanced-Clipboard-Manager/internal/clipboard/manager.go:271.38,273.3 1 0
github.com/Sarwarhridoy4/FyClip---Advanced-Clipboard-Manager/internal/clipboard/manager.go:275.2,287.29 6 0
github.com/Sarwarhridoy4/FyClip---Advanced-Clipboard-Manager/internal/clipboard/manager.go:292.54,293.45 1 0
github.com/Sarwarhridoy4/FyClip---Advanced-Clipboard-Manager/internal/clipboard/manager.go:293.45,298.3 4 0
github.com/Sarwarhridoy4/FyClip---Advanced-Clipboard-Manager/internal/clipboard/manager.go:302.33,304.43 2 1
github.com/Sarwarhridoy4/FyClip---Advanced-Clipboard-Manager/internal/clipboard/manager.go:304.43,305.27 1 1
github.com/Sarwarhridoy4/FyClip---Advanced-Clipboard-Manager/internal/clipboard/manager.go:305.27,307.41 2 1
github.com/Sarwarhridoy4/FyClip---Advanced-Clipboard-Manager/internal/clipboard/manager.go:307.41,309.5 1 0
github.com/Sarwarhridoy4/FyClip---Advanced-Clipboard-Manager/internal/clipboard/manager.go:315.36,319.38 3 1
github.com/Sarwarhridoy4/FyClip---Advanced-Clipboard-Manager/internal/clipboard/manager.go:319.38,321.3 1 1
github.com/Sarwarhridoy4/FyClip---Advanced-Clipboard-Manager/internal/clipboard/manager.go:321.8,323.3 1 1
github.com/Sarwarhridoy4/FyClip---Advanced-Clipboard-Manager/internal/clipboard/manager.go:325.2,328.33 3 1
github.com/Sarwarhridoy4/FyClip---Advanced-Clipboard-Manager/internal/clipboard/manager.go:328.33,329.18 1 1
github.com/Sarwarhridoy4/FyClip---Advanced-Clipboard-Manager/internal/clipboard/manager.go:329.18,331.4 1 1
github.com/Sarwarhridoy4/FyClip---Advanced-Clipboard-Manager/internal/clipboard/manager.go:332.3,332.45 1 1
github.com/Sarwarhridoy4/FyClip---Advanced-Clipboard-Manager/internal/clipboard/manager.go:336.2,336.27 1 1
github.com/Sarwarhridoy4/FyClip---Advanced-Clipboard-Manager/internal/clipboard/manager.go:336.27,338.19 2 1
github.com/Sarwarhridoy4/FyClip---Advanced-Clipboard-Manager/internal/clipboard/manager.go:338.19,339.12 1 1
github.com/Sarwarhridoy4/FyClip---Advanced-Clipboard-Manager/internal/clipboard/manager.go:341.3,341.18 1 0
github.com/Sarwarhridoy4/FyClip---Advanced-Clipboard-Manager/internal/clipboard/manager.go:341.18,343.4 1 0
github.com/Sarwarhridoy4/FyClip---Advanced-Clipboard-Manager/internal/clipboard/manager.go:345.2,345.27 1 1
github.com/Sarwarhridoy4/FyClip---Advanced-Clipboard-Manager/internal/clipboard/manager.go:345.27,347.18 2 1
github.com/Sarwarhridoy4/FyClip---Advanced-Clipboard-Manager/internal/clipboard/manager.go:347.18,348.12 1 0
github.com/Sarwarhridoy4/FyClip---Advanced-Clipboard-Manager/internal/clipboard/manager.go:350.3,350.23 1 1
github.com/Sarwarhridoy4/FyClip---Advanced-Clipboard-Manager/internal/clipboard/manager.go:350.23,351.12 1 0
github.com/Sarwarhridoy4/FyClip---Advanced-Clipboard-Manager/internal/clipboard/manager.go:353.3,353.18 1 1
github.com/Sarwarhridoy4/FyClip---Advanced-Clipboard-Manager/internal/clipboard/manager.go:353.18,355.4 1 1
github.com/Sarwarhridoy4/FyClip---Advanced-Clipboard-Manager/internal/clipboard/manager.go:358.2,358.22 1 1
github.com/Sarwarhridoy4/FyClip---Advanced-Clipboard-Manager/internal/clipboard/manager.go:362.47,369.2 5 0
github.com/Sarwarhridoy4/FyClip---Advanced-Clipboard-Manager/internal/clipboard/manager.go:372.43,381.2 7 1
github.com/Sarwarhridoy4/FyClip---Advanced-Clipboard-Manager/internal/clipboard/manager.go:384.39,388.2 3 1
github.com/Sarwarhridoy4/FyClip---Advanced-Clipboard-Manager/internal/clipboard/manager.go:391.49,392.16 1 1
github.com/Sarwarhridoy4/FyClip---Advanced-Clipboard-Manager/internal/clipboard/manager.go:392.16,394.3 1 1
github.com/Sarwarhridoy4/FyClip---Advanced-Clipboard-Manager/internal/clipboard/manager.go:396.2,404.13 8 1
github.com/Sarwarhridoy4/FyClip---Advanced-Clipboard-Manager/internal/clipboard/manager.go:408.39,412.2 3 1
github.com/Sarwarhridoy4/FyClip---Advanced-Clipboard-Manager/internal/clipboard/manager.go:415.55,416.22 1 1
github.com/Sarwarhridoy4/FyClip---Advanced-Clipboard-Manager/internal/clipboard/manager.go:416.22,418.3 1 0
github.com/Sarwarhridoy4/FyClip---Advanced-Clipboard-Manager/internal/clipboard/manager.go:419.2,419.23 1 1
github.com/Sarwarhridoy4/FyClip---Advanced-Clipboard-Manager/internal/clipboard/manager.go:423.38,424.22 1 1
github.com/Sarwarhridoy4/FyClip---Advanced-Clipboard-Manager/internal/clipboard/manager.go:424.22,426.3 1 0
github.com/Sarwarhridoy4/FyClip---Advanced-Clipboard-Manager/internal/clipboard/manager.go:427.2,427.20 1 1
github.com/Sarwarhridoy4/FyClip---Advanced-Clipboard-Manager/internal/clipboard/manager.go:431.45,432.22 1 1
github.com/Sarwarhridoy4/FyClip---Advanced-Clipboard-Manager/internal/clipboard/manager.go:432.22,434.3 1 0
github.com/Sarwarhridoy4/FyClip---Advanced-Clipboard-Manager/internal/clipboard/manager.go:435.2,435.29 1 1
github.com/Sarwarhridoy4/FyClip---Advanced-Clipboard-Manager/internal/clipboard/manager.go:439.43,446.2 5 1
github.com/Sarwarhridoy4/FyClip---Advanced-Clipboard-Manager/internal/clipboard/manager.go:449.57,456.2 5 0
github.com/Sarwarhridoy4/FyClip---Advanced-Clipboard-Manager/internal/clipboard/manager.go:459.53,463.2 3 0
github.com/Sarwarhridoy4/FyClip---Advanced-Clipboard-Manager/internal/clipboard/manager.go:466.44,475.2 7 0
github.com/Sarwarhridoy4/FyClip---Advanced-Clipboard-Manager/internal/clipboard/manager.go:478.46,487.2 7 0
github.com/Sarwarhridoy4/FyClip---Advanced-Clipboard-Manager/internal/clipboard/manager.go:490.44,499.2 7 0
github.com/Sarwarhridoy4/FyClip---Advanced-Clipboard-Manager/internal/clipboard/manager.go:502.40,509.2 5 1
github.com/Sarwarhridoy4/FyClip---Advanced-Clipboard-Manager/internal/clipboard/manager.go:512.42,516.2 3 1
github.com/Sarwarhridoy4/FyClip---Advanced-Clipboard-Manager/internal/clipboard/manager.go:519.51,523.43 3 1
github.com/Sarwarhridoy4/FyClip---Advanced-Clipboard-Manager/internal/clipboard/manager.go:523.43,525.3 1 1
github.com/Sarwarhridoy4/FyClip---Advanced-Clipboard-Manager/internal/clipboard/manager.go:526.2,526.32 1 0
github.com/Sarwarhridoy4/FyClip---Advanced-Clipboard-Manager/internal/clipboard/manager.go:530.46,534.63 3 1
github.com/Sarwarhridoy4/FyClip---Advanced-Clipboard-Manager/internal/clipboard/manager.go:534.63,536.3 1 1
github.com/Sarwarhridoy4/FyClip---Advanced-Clipboard-Manager/internal/clipboard/manager.go:537.2,537.42 1 1
github.com/Sarwarhridoy4/FyClip---Advanced-Clipboard-Manager/internal/clipboard/manager.go:541.42,545.2 3 1
github.com/Sarwarhridoy4/FyClip---Advanced-Clipboard-Manager/internal/clipboard/manager.go:548.42,552.2 3 1
github.com/Sarwarhridoy4/FyClip---Advanced-Clipboard-Manager/internal/clipboard/manager.go:555.45,558.43 2 1
github.com/Sarwarhridoy4/FyClip---Advanced-Clipboard-Manager/internal/clipboard/manager.go:558.43,561.3 2 1
github.com/Sarwarhridoy4/FyClip---Advanced-Clipboard-Manager/internal/clipboard/manager.go:563.2,567.13 3 0
github.com/Sarwarhridoy4/FyClip---Advanced-Clipboard-Manager/internal/clipboard/manager.go:567.13,570.3 2 0
github.com/Sarwarhridoy4/FyClip---Advanced-Clipboard-Manager/internal/clipboard/manager.go:572.2,579.13 5 0
github.com/Sarwarhridoy4/FyClip---Advanced-Clipboard-Manager/internal/clipboard/manager.go:583.43,586.43 2 1
github.com/Sarwarhridoy4/FyClip---Advanced-Clipboard-Manager/internal/clipboard/manager.go:586.43,589.3 2 1
github.com/Sarwarhridoy4/FyClip---Advanced-Clipboard-Manager/internal/clipboard/manager.go:591.2,592.23 2 0
github.com/Sarwarhridoy4/FyClip---Advanced-Clipboard-Manager/internal/clipboard/manager.go:592.23,595.3 2 0
github.com/Sarwarhridoy4/FyClip---Advanced-Clipboard-Manager/internal/clipboard/manager.go:598.2,599.13 2 0
github.com/Sarwarhridoy4/FyClip---Advanced-Clipboard-Manager/internal/clipboard/manager.go:599.13,602.3 2 0
github.com/Sarwarhridoy4/FyClip---Advanced-Clipboard-Manager/internal/clipboard/manager.go:604.2,612.12 6 0
github.com/Sarwarhridoy4/FyClip---Advanced-Clipboard-Manager/internal/clipboard/manager.go:616.35,620.33 3 0
github.com/Sarwarhridoy4/FyClip---Advanced-Clipboard-Manager/internal/clipboard/manager.go:620.33,621.18 1 0
github.com/Sarwarhridoy4/FyClip---Advanced-Clipboard-Manager/internal/clipboard/manager.go:621.18,623.4 1 0
github.com/Sarwarhridoy4/FyClip---Advanced-Clipboard-Manager/internal/clipboard/manager.go:626.2,632.19 6 0
github.com/Sarwarhridoy4/FyClip---Advanced-Clipboard-Manager/internal/clipboard/manager.go:636.52,638.9 2 0
github.com/Sarwarhridoy4/FyClip---Advanced-Clipboard-Manager/internal/clipboard/manager.go:638.9,640.3 1 0
github.com/Sarwarhridoy4/FyClip---Advanced-Clipboard-Manager/internal/clipboard/manager.go:642.2,642.44 1 0
github.com/Sarwarhridoy4/FyClip---Advanced-Clipboard-Manager/internal/clipboard/manager.go:646.58,648.9 2 0
github.com/Sarwarhridoy4/FyClip---Advanced-Clipboard-Manager/internal/clipboard/manager.go:648.9,650.3 1 0
github.com/Sarwarhridoy4/FyClip---Advanced-Clipboard-Manager/internal/clipboard/manager.go:652.2,652.43 1 0
github.com/Sarwarhridoy4/FyClip---Advanced-Clipboard-Manager/internal/clipboard/manager.go:656.63,658.9 2 0
github.com/Sarwarhridoy4/FyClip---Advanced-Clipboard-Manager/internal/clipboard/manager.go:658.9,660.3 1 0
github.com/Sarwarhridoy4/FyClip---Advanced-Clipboard-Manager/internal/clipboard/manager.go:662.2,662.44 1 0
github.com/Sarwarhridoy4/FyClip---Advanced-Clipboard-Manager/internal/clipboard/manager.go:666.70,668.22 1 0
github.com/Sarwarhridoy4/FyClip---Advanced-Clipboard-Manager/internal/clipboard/manager.go:668.22,669.53 1 0
github.com/Sarwarhridoy4/FyClip---Advanced-Clipboard-Manager/internal/clipboard/manager.go:669.53,671.4 1 0
github.com/Sarwarhridoy4/FyClip---Advanced-Clipboard-Manager/internal/clipboard/manager.go:671.9,671.36 1 0
github.com/Sarwarhridoy4/FyClip---Advanced-Clipboard-Manager/internal/clipboard/manager.go:671.36,672.84 1 0
github.com/Sarwarhridoy4/FyClip---Advanced-Clipboard-Manager/internal/clipboard/manager.go:672.84,674.5 1 0
github.com/Sarwarhridoy4/FyClip---Advanced-Clipboard-Manager/internal/clipboard/manager.go:674.10,676.5 1 0
github.com/Sarwarhridoy4/FyClip---Advanced-Clipboard-Manager/internal/clipboard/manager.go:677.9,677.59 1 0
github.com/Sarwarhridoy4/FyClip---Advanced-Clipboard-Manager/internal/clipboard/manager.go:677.59,679.4 1 0
github.com/Sarwarhridoy4/FyClip---Advanced-Clipboard-Manager/internal/clipboard/manager.go:682.2,686.19 4 0
github.com/Sarwarhridoy4/FyClip---Advanced-Clipboard-Manager/internal/clipboard/manager.go:687.16,688.66 1 0
github.com/Sarwarhridoy4/FyClip---Advanced-Clipboard-Manager/internal/clipboard/manager.go:688.66,690.4 1 0
github.com/Sarwarhridoy4/FyClip---Advanced-Clipboard-Manager/internal/clipboard/manager.go:691.16,693.31 1 0
github.com/Sarwarhridoy4/FyClip---Advanced-Clipboard-Manager/internal/clipboard/manager.go:693.31,694.77 1 0
github.com/Sarwarhridoy4/FyClip---Advanced-Clipboard-Manager/internal/clipboard/manager.go:694.77,696.5 1 0
github.com/Sarwarhridoy4/FyClip---Advanced-Clipboard-Manager/internal/clipboard/manager.go:697.9,699.67 1 0
github.com/Sarwarhridoy4/FyClip---Advanced-Clipboard-Manager/internal/clipboard/manager.go:699.67,701.5 1 0
github.com/Sarwarhridoy4/FyClip---Advanced-Clipboard-Manager/internal/clipboard/manager.go:703.17,704.61 1 0
github.com/Sarwarhridoy4/FyClip---Advanced-Clipboard-Manager/internal/clipboard/manager.go:704.61,706.4 1 0
github.com/Sarwarhridoy4/FyClip---Advanced-Clipboard-Manager/internal/clipboard/manager.go:707.16,708.27 1 0
github.com/Sarwarhridoy4/FyClip---Advanced-Clipboard-Manager/internal/clipboard/manager.go:708.27,710.73 1 0
github.com/Sarwarhridoy4/FyClip---Advanced-Clipboard-Manager/internal/clipboard/manager.go:710.73,712.5 1 0
github.com/Sarwarhridoy4/FyClip---Advanced-Clipboard-Manager/internal/clipboard/manager.go:714.10,715.45 1 0
github.com/Sarwarhridoy4/FyClip---Advanced-Clipboard-Manager/internal/clipboard/manager.go:718.2,721.12 4 0
github.com/Sarwarhridoy4/FyClip---Advanced-Clipboard-Manager/internal/clipboard/manager.go:725.53,727.9 2 0
github.com/Sarwarhridoy4/FyClip---Advanced-Clipboard-Manager/internal/clipboard/manager.go:727.9,729.3 1 0
github.com/Sarwarhridoy4/FyClip---Advanced-Clipboard-Manager/internal/clipboard/manager.go:731.2,731.44 1 0
github.com/Sarwarhridoy4/FyClip---Advanced-Clipboard-Manager/internal/clipboard/manager.go:731.44,733.3 1 0
github.com/Sarwarhridoy4/FyClip---Advanced-Clipboard-Manager/internal/clipboard/manager.go:735.2,738.32 3 0
github.com/Sarwarhridoy4/FyClip---Advanced-Clipboard-Manager/internal/clipboard/manager.go:738.32,741.20 2 0
github.com/Sarwarhridoy4/FyClip---Advanced-Clipboard-Manager/internal/clipboard/manager.go:741.20,743.4 1 0
github.com/Sarwarhridoy4/FyClip---Advanced-Clipboard-Manager/internal/clipboard/manager.go:746.2,747.22 2 0
github.com/Sarwarhridoy4/FyClip---Advanced-Clipboard-Manager/internal/clipboard/manager.go:748.15,749.42 1 0
github.com/Sarwarhridoy4/FyClip---Advanced-Clipboard-Manager/internal/clipboard/manager.go:750.16,751.38 1 0
github.com/Sarwarhridoy4/FyClip---Advanced-Clipboard-Manager/internal/clipboard/manager.go:752.17,753.42 1 0
github.com/Sarwarhridoy4/FyClip---Advanced-Clipboard-Manager/internal/clipboard/manager.go:754.10,755.44 1 0
github.com/Sarwarhridoy4/FyClip---Advanced-Clipboard-Manager/internal/clipboard/manager.go:758.2,758.20 1 0
github.com/Sarwarhridoy4/FyClip---Advanced-Clipboard-Manager/internal/clipboard/manager.go:762.82,770.33 6 1
github.com/Sarwarhridoy4/FyClip---Advanced-Clipboard-Manager/internal/clipboard/manager.go:770.33,771.18 1 0
github.com/Sarwarhridoy4/FyClip---Advanced-Clipboard-Manager/internal/clipboard/manager.go:771.18,773.4 1 0
github.com/Sarwarhridoy4/FyClip---Advanced-Clipboard-Manager/internal/clipboard/manager.go:776.2,776.8 1 1
github.com/Sarwarhridoy4/FyClip---Advanced-Clipboard-Manager/internal/clipboard/manager.go:780.35,781.16 1 1
github.com/Sarwarhridoy4/FyClip---Advanced-Clipboard-Manager/internal/clipboard/manager.go:781.16,783.3 1 0
github.com/Sarwarhridoy4/FyClip---Advanced-Clipboard-Manager/internal/clipboard/manager.go:785.2,785.9 1 1
github.com/Sarwarhridoy4/FyClip---Advanced-Clipboard-Manager/internal/clipboard/manager.go:786.34,786.34 0 1
github.com/Sarwarhridoy4/FyClip---Advanced-Clipboard-Manager/internal/clipboard/manager.go:787.10,787.10 0 0
github.com/Sarwarhridoy4/FyClip---Advanced-Clipboard-Manager/internal/clipboard/manager.go:793.38,796.6 2 1
github.com/Sarwarhridoy4/FyClip---Advanced-Clipboard-Manager/internal/clipboard/manager.go:796.6,797.10 1 1
github.com/Sarwarhridoy4/FyClip---Advanced-Clipboard-Manager/internal/clipboard/manager.go:798.23,800.30 1 1
github.com/Sarwarhridoy4/FyClip---Advanced-Clipboard-Manager/internal/clipboard/manager.go:800.30,802.5 1 1
github.com/Sarwarhridoy4/FyClip---Advanced-Clipboard-Manager/internal/clipboard/manager.go:805.4,805.20 1 1
github.com/Sarwarhridoy4/FyClip---Advanced-Clipboard-Manager/internal/clipboard/manager.go:805.20,807.5 1 1
github.com/Sarwarhridoy4/FyClip---Advanced-Clipboard-Manager/internal/clipboard/manager.go:808.4,808.50 1 1
github.com/Sarwarhridoy4/FyClip---Advanced-Clipboard-Manager/internal/clipboard/manager.go:808.50,809.39 1 0
github.com/Sarwarhridoy4/FyClip---Advanced-Clipboard-Manager/internal/clipboard/manager.go:809.39,811.6 1 0
github.com/Sarwarhridoy4/FyClip---Advanced-Clipboard-Manager/internal/clipboard/manager.go:814.25,815.20 1 1
github.com/Sarwarhridoy4/FyClip---Advanced-Clipboard-Manager/internal/clipboard/manager.go:815.20,817.5 1 1
github.com/Sarwarhridoy4/FyClip---Advanced-Clipboard-Manager/internal/clipboard/manager.go:818.4,818.10 1 1
github.com/Sarwarhridoy4/FyClip---Advanced-Clipboard-Manager/internal/clipboard/manager.go:824.36,830.23 2 1
github.com/Sarwarhridoy4/FyClip---Advanced-Clipboard-Manager/internal/clipboard/manager.go:830.23,831.19 1 1
github.com/Sarwarhridoy4/FyClip---Advanced-Clipboard-Manager/internal/clipboard/manager.go:831.19,835.4 3 1
github.com/Sarwarhridoy4/FyClip---Advanced-Clipboard-Manager/internal/clipboard/manager.go:836.3,836.20 1 0
github.com/Sarwarhridoy4/FyClip---Advanced-Clipboard-Manager/internal/clipboard/manager.go:836.20,837.11 1 0
github.com/Sarwarhridoy4/FyClip---Advanced-Clipboard-Manager/internal/clipboard/manager.go:838.19,838.19 0 0
github.com/Sarwarhridoy4/FyClip---Advanced-Clipboard-Manager/internal/clipboard/manager.go:839.12,839.12 0 0
github.com/Sarwarhridoy4/FyClip---Advanced-Clipboard-Manager/internal/clipboard/manager.go:842.3,843.19 2 0
github.com/Sarwarhridoy4/FyClip---Advanced-Clipboard-Manager/internal/clipboard/manager.go:846.2,846.6 1 1
github.com/Sarwarhridoy4/FyClip---Advanced-Clipboard-Manager/internal/clipboard/manager.go:846.6,847.10 1 1
github.com/Sarwarhridoy4/FyClip---Advanced-Clipboard-Manager/internal/clipboard/manager.go:848.21,849.28 1 1
github.com/Sarwarhridoy4/FyClip---Advanced-Clipboard-Manager/internal/clipboard/manager.go:849.28,851.5 1 0
github.com/Sarwarhridoy4/FyClip---Advanced-Clipboard-Manager/internal/clipboard/manager.go:852.4,852.16 1 1
github.com/Sarwarhridoy4/FyClip---Advanced-Clipboard-Manager/internal/clipboard/manager.go:854.17,856.16 2 0
github.com/Sarwarhridoy4/FyClip---Advanced-Clipboard-Manager/internal/clipboard/manager.go:858.25,859.20 1 1
github.com/Sarwarhridoy4/FyClip---Advanced-Clipboard-Manager/internal/clipboard/manager.go:859.20,860.22 1 1
github.com/Sarwarhridoy4/FyClip---Advanced-Clipboard-Manager/internal/clipboard/manager.go:860.22,861.13 1 0
github.com/Sarwarhridoy4/FyClip---Advanced-Clipboard-Manager/internal/clipboard/manager.go:862.21,862.21 0 0
github.com/Sarwarhridoy4/FyClip---Advanced-Clipboard-Manager/internal/clipboard/manager.go:863.14,863.14 0 0
github.com/Sarwarhridoy4/FyClip---Advanced-Clipboard-Manager/internal/clipboard/manager.go:867.4,868.11 2 1
github.com/Sarwarhridoy4/FyClip---Advanced-Clipboard-Manager/internal/clipboard/manager.go:869.22,870.17 1 0
github.com/Sarwarhridoy4/FyClip---Advanced-Clipboard-Manager/internal/clipboard/manager.go:871.12,871.12 0 1
github.com/Sarwarhridoy4/FyClip---Advanced-Clipboard-Manager/internal/clipboard/manager.go:873.4,873.28 1 1
github.com/Sarwarhridoy4/FyClip---Advanced-Clipboard-Manager/internal/clipboard/manager.go:873.28,876.5 2 0
github.com/Sarwarhridoy4/FyClip---Advanced-Clipboard-Manager/internal/clipboard/manager.go:877.4,877.13 1 1
github.com/Sarwarhridoy4/FyClip---Advanced-Clipboard-Manager/internal/clipboard/manager.go:877.13,879.5 1 0
github.com/Sarwarhridoy4/FyClip---Advanced-Clipboard-Manager/internal/clipboard/manager.go:880.4,880.10 1 1
github.com/Sarwarhridoy4/FyClip---Advanced-Clipboard-Manager/internal/clipboard/manager.go:886.30,892.21 4 1
github.com/Sarwarhridoy4/FyClip---Advanced-Clipboard-Manager/internal/clipboard/manager.go:892.21,894.3 1 1
github.com/Sarwarhridoy4/FyClip---Advanced-Clipboard-Manager/internal/clipboard/manager.go:897.2,897.22 1 1
github.com/Sarwarhridoy4/FyClip---Advanced-Clipboard-Manager/internal/clipboard/manager.go:897.22,899.3 1 1
github.com/Sarwarhridoy4/FyClip---Advanced-Clipboard-Manager/internal/clipboard/manager.go:902.2,911.20 5 1
github.com/Sarwarhridoy4/FyClip---Advanced-Clipboard-Manager/internal/clipboard/manager.go:915.57,921.29 5 1
github.com/Sarwarhridoy4/FyClip---Advanced-Clipboard-Manager/internal/clipboard/manager.go:921.29,922.18 1 0
github.com/Sarwarhridoy4/FyClip---Advanced-Clipboard-Manager/internal/clipboard/manager.go:922.18,923.12 1 0
github.com/Sarwarhridoy4/FyClip---Advanced-Clipboard-Manager/internal/clipboard/manager.go:925.3,925.35 1 0
github.com/Sarwarhridoy4/FyClip---Advanced-Clipboard-Manager/internal/clipboard/manager.go:925.35,927.24 1 0
github.com/Sarwarhridoy4/FyClip---Advanced-Clipboard-Manager/internal/clipboard/manager.go:927.24,929.5 1 0
github.com/Sarwarhridoy4/FyClip---Advanced-Clipboard-Manager/internal/clipboard/manager.go:935.54,939.2 3 0
github.com/Sarwarhridoy4/FyClip---Advanced-Clipboard-Manager/internal/clipboard/manager.go:942.49,945.48 3 0
github.com/Sarwarhridoy4/FyClip---Advanced-Clipboard-Manager/internal/clipboard/manager.go:945.48,947.3 1 0
github.com/Sarwarhridoy4/FyClip---Advanced-Clipboard-Manager/internal/clipboard/manager.go:951.40,955.2 3 0
github.com/Sarwarhridoy4/FyClip---Advanced-Clipboard-Manager/internal/clipboard/manager.go:958.48,960.2 1 0
github.com/Sarwarhridoy4/FyClip---Advanced-Clipboard-Manager/internal/clipboard/manager.go:962.53,967.49 3 0
github.com/Sarwarhridoy4/FyClip---Advanced-Clipboard-Manager/internal/clipboard/manager.go:967.49,969.3 1 0
github.com/Sarwarhridoy4/FyClip---Advanced-Clipboard-Manager/internal/clipboard/manager.go:972.46,973.21 1 0
github.com/Sarwarhridoy4/FyClip---Advanced-Clipboard-Manager/internal/clipboard/manager.go:973.21,975.3 1 0
github.com/Sarwarhridoy4/FyClip---Advanced-Clipboard-Manager/internal/clipboard/manager.go:979.43,983.2 3 0
github.com/Sarwarhridoy4/FyClip---Advanced-Clipboard-Manager/internal/clipboard/manager.go:986.73,990.2 3 0
github.com/Sarwarhridoy4/FyClip---Advanced-Clipboard-Manager/internal/clipboard/manager.go:993.53,997.2 3 0
github.com/Sarwarhridoy4/FyClip---Advanced-Clipboard-Manager/internal/clipboard/manager.go:1000.56,1004.2 3 0
github.com/Sarwarhridoy4/FyClip---Advanced-Clipboard-Manager/internal/clipboard/manager.go:1007.50,1011.2 3 0
github.com/Sarwarhridoy4/FyClip---Advanced-Clipboard-Manager/internal/clipboard/manager.go:1014.56,1020.24 4 0
github.com/Sarwarhridoy4/FyClip---Advanced-Clipboard-Manager/internal/clipboard/manager.go:1020.24,1022.3 1 0
github.com/Sarwarhridoy4/FyClip---Advanced-Clipboard-Manager/internal/clipboard/manager.go:1023.2,1023.55 1 0
github.com/Sarwarhridoy4/FyClip---Advanced-Clipboard-Manager/internal/clipboard/manager.go:1027.55,1031.2 3 0
github.com/Sarwarhridoy4/FyClip---Advanced-Clipboard-Manager/internal/clipboard/manager.go:1034.56,1038.2 3 0
github.com/Sarwarhridoy4/FyClip---Advanced-Clipboard-Manager/internal/clipboard/manager.go:1041.50,1045.2 3 0
github.com/Sarwarhridoy4/FyClip---Advanced-Clipboard-Manager/internal/clipboard/manager.go:1048.59,1052.2 3 0
github.com/Sarwarhridoy4/FyClip---Advanced-Clipboard-Manager/internal/clipboard/manager.go:1055.104,1059.2 3 0
github.com/Sarwarhridoy4/FyClip---Advanced-Clipboard-Manager/internal/clipboard/monitor.go:40.69,45.103 2 1
github.com/Sarwarhridoy4/FyClip---Advanced-Clipboard-Manager/internal/clipboard/monitor.go:45.103,47.3 1 0
github.com/Sarwarhridoy4/FyClip---Advanced-Clipboard-Manager/internal/clipboard/monitor.go:49.2,54.3 1 1
github.com/Sarwarhridoy4/FyClip---Advanced-Clipboard-Manager/internal/clipboard/monitor.go:58.27,60.15 2 1
github.com/Sarwarhridoy4/FyClip---Advanced-Clipboard-Manager/internal/clipboard/monitor.go:60.15,63.3 2 0
github.com/Sarwarhridoy4/FyClip---Advanced-Clipboard-Manager/internal/clipboard/monitor.go:64.2,67.20 3 1
github.com/Sarwarhridoy4/FyClip---Advanced-Clipboard-Manager/internal/clipboard/monitor.go:71.26,75.16 3 1
github.com/Sarwarhridoy4/FyClip---Advanced-Clipboard-Manager/internal/clipboard/monitor.go:75.16,77.3 1 0
github.com/Sarwarhridoy4/FyClip---Advanced-Clipboard-Manager/internal/clipboard/monitor.go:79.2,80.9 2 1
github.com/Sarwarhridoy4/FyClip---Advanced-Clipboard-Manager/internal/clipboard/monitor.go:81.20,81.20 0 0
github.com/Sarwarhridoy4/FyClip---Advanced-Clipboard-Manager/internal/clipboard/monitor.go:82.10,83.20 1 1
github.com/Sarwarhridoy4/FyClip---Advanced-Clipboard-Manager/internal/clipboard/monitor.go:88.36,92.2 3 0
github.com/Sarwarhridoy4/FyClip---Advanced-Clipboard-Manager/internal/clipboard/monitor.go:95.45,96.12 1 1
github.com/Sarwarhridoy4/FyClip---Advanced-Clipboard-Manager/internal/clipboard/monitor.go:96.12,98.3 1 0
github.com/Sarwarhridoy4/FyClip---Advanced-Clipboard-Manager/internal/clipboard/monitor.go:99.2,101.15 3 1
github.com/Sarwarhridoy4/FyClip---Advanced-Clipboard-Manager/internal/clipboard/monitor.go:105.28,109.2 3 1
github.com/Sarwarhridoy4/FyClip---Advanced-Clipboard-Manager/internal/clipboard/monitor.go:112.35,116.2 3 1
github.com/Sarwarhridoy4/FyClip---Advanced-Clipboard-Manager/internal/clipboard/monitor.go:119.52,128.46 6 0
github.com/Sarwarhridoy4/FyClip---Advanced-Clipboard-Manager/internal/clipboard/monitor.go:128.46,133.3 4 0
github.com/Sarwarhridoy4/FyClip---Advanced-Clipboard-Manager/internal/clipboard/monitor.go:137.33,138.15 1 1
github.com/Sarwarhridoy4/FyClip---Advanced-Clipboard-Manager/internal/clipboard/monitor.go:138.15,139.31 1 1
github.com/Sarwarhridoy4/FyClip---Advanced-Clipboard-Manager/internal/clipboard/monitor.go:139.31,146.15 6 0
github.com/Sarwarhridoy4/FyClip---Advanced-Clipboard-Manager/internal/clipboard/monitor.go:146.15,148.5 1 0
github.com/Sarwarhridoy4/FyClip---Advanced-Clipboard-Manager/internal/clipboard/monitor.go:152.2,155.6 3 1
github.com/Sarwarhridoy4/FyClip---Advanced-Clipboard-Manager/internal/clipboard/monitor.go:155.6,156.10 1 1
github.com/Sarwarhridoy4/FyClip---Advanced-Clipboard-Manager/internal/clipboard/monitor.go:157.19,158.22 1 0
github.com/Sarwarhridoy4/FyClip---Advanced-Clipboard-Manager/internal/clipboard/monitor.go:160.21,161.10 1 1
github.com/Sarwarhridoy4/FyClip---Advanced-Clipboard-Manager/internal/clipboard/monitor.go:167.36,174.20 6 0
github.com/Sarwarhridoy4/FyClip---Advanced-Clipboard-Manager/internal/clipboard/monitor.go:174.20,176.3 1 0
github.com/Sarwarhridoy4/FyClip---Advanced-Clipboard-Manager/internal/clipboard/monitor.go:178.2,178.27 1 0
github.com/Sarwarhridoy4/FyClip---Advanced-Clipboard-Manager/internal/clipboard/monitor.go:178.27,179.37 1 0
github.com/Sarwarhridoy4/FyClip---Advanced-Clipboard-Manager/internal/clipboard/monitor.go:179.37,181.4 1 0
github.com/Sarwarhridoy4/FyClip---Advanced-Clipboard-Manager/internal/clipboard/monitor.go:182.3,184.16 3 0
github.com/Sarwarhridoy4/FyClip---Advanced-Clipboard-Manager/internal/clipboard/monitor.go:188.2,188.56 1 0
github.com/Sarwarhridoy4/FyClip---Advanced-Clipboard-Manager/internal/clipboard/monitor.go:188.56,191.3 2 0
github.com/Sarwarhridoy4/FyClip---Advanced-Clipboard-Manager/internal/clipboard/monitor.go:194.2,194.70 1 0
github.com/Sarwarhridoy4/FyClip---Advanced-Clipboard-Manager/internal/clipboard/monitor.go:194.70,197.3 2 0
github.com/Sarwarhridoy4/FyClip---Advanced-Clipboard-Manager/internal/clipboard/monitor.go:200.2,200.56 1 0
github.com/Sarwarhridoy4/FyClip---Advanced-Clipboard-Manager/internal/clipboard/monitor.go:200.56,203.3 2 0
github.com/Sarwarhridoy4/FyClip---Advanced-Clipboard-Manager/internal/clipboard/monitor.go:206.2,206.63 1 0
github.com/Sarwarhridoy4/FyClip---Advanced-Clipboard-Manager/internal/clipboard/monitor.go:206.63,208.3 1 0
github.com/Sarwarhridoy4/FyClip---Advanced-Clipboard-Manager/internal/clipboard/monitor.go:212.68,214.23 2 0
github.com/Sarwarhridoy4/FyClip---Advanced-Clipboard-Manager/internal/clipboard/monitor.go:214.23,216.3 1 0
github.com/Sarwarhridoy4/FyClip---Advanced-Clipboard-Manager/internal/clipboard/monitor.go:218.2,225.56 6 0
github.com/Sarwarhridoy4/FyClip---Advanced-Clipboard-Manager/internal/clipboard/monitor.go:225.56,227.3 1 0
github.com/Sarwarhridoy4/FyClip---Advanced-Clipboard-Manager/internal/clipboard/monitor.go:229.2,241.18 7 0
github.com/Sarwarhridoy4/FyClip---Advanced-Clipboard-Manager/internal/clipboard/monitor.go:241.18,242.28 1 0
github.com/Sarwarhridoy4/FyClip---Advanced-Clipboard-Manager/internal/clipboard/monitor.go:242.28,244.4 1 0
github.com/Sarwarhridoy4/FyClip---Advanced-Clipboard-Manager/internal/clipboard/monitor.go:245.3,247.28 3 0
github.com/Sarwarhridoy4/FyClip---Advanced-Clipboard-Manager/internal/clipboard/monitor.go:252.80,253.20 1 0
github.com/Sarwarhridoy4/FyClip---Advanced-Clipboard-Manager/internal/clipboard/monitor.go:253.20,255.3 1 0
github.com/Sarwarhridoy4/FyClip---Advanced-Clipboard-Manager/internal/clipboard/monitor.go:257.2,264.56 6 0
github.com/Sarwarhridoy4/FyClip---Advanced-Clipboard-Manager/internal/clipboard/monitor.go:264.56,266.3 1 0
github.com/Sarwarhridoy4/FyClip---Advanced-Clipboard-Manager/internal/clipboard/monitor.go:268.2,284.18 9 0
github.com/Sarwarhridoy4/FyClip---Advanced-Clipboard-Manager/internal/clipboard/monitor.go:284.18,285.28 1 0
github.com/Sarwarhridoy4/FyClip---Advanced-Clipboard-Manager/internal/clipboard/monitor.go:285.28,287.4 1 0
github.com/Sarwarhridoy4/FyClip---Advanced-Clipboard-Manager/internal/clipboard/monitor.go:288.3,290.28 3 0
github.com/Sarwarhridoy4/FyClip---Advanced-Clipboard-Manager/internal/clipboard/monitor.go:295.68,296.20 1 0
github.com/Sarwarhridoy4/FyClip---Advanced-Clipboard-Manager/internal/clipboard/monitor.go:296.20,298.3 1 0
github.com/Sarwarhridoy4/FyClip---Advanced-Clipboard-Manager/internal/clipboard/monitor.go:300.2,309.56 7 0
github.com/Sarwarhridoy4/FyClip---Advanced-Clipboard-Manager/internal/clipboard/monitor.go:309.56,311.3 1 0
github.com/Sarwarhridoy4/FyClip---Advanced-Clipboard-Manager/internal/clipboard/monitor.go:313.2,331.18 10 0
github.com/Sarwarhridoy4/FyClip---Advanced-Clipboard-Manager/internal/clipboard/monitor.go:331.18,332.28 1 0
github.com/Sarwarhridoy4/FyClip---Advanced-Clipboard-Manager/internal/clipboard/monitor.go:332.28,334.4 1 0
github.com/Sarwarhridoy4/FyClip---Advanced-Clipboard-Manager/internal/clipboard/monitor.go:335.3,337.28 3 0
github.com/Sarwarhridoy4/FyClip---Advanced-Clipboard-Manager/internal/clipboard/monitor.go:342.76,343.25 1 0
github.com/Sarwarhridoy4/FyClip---Advanced-Clipboard-Manager/internal/clipboard/monitor.go:343.25,345.3 1 0
github.com/Sarwarhridoy4/FyClip---Advanced-Clipboard-Manager/internal/clipboard/monitor.go:348.2,356.56 7 0
github.com/Sarwarhridoy4/FyClip---Advanced-Clipboard-Manager/internal/clipboard/monitor.go:356.56,358.3 1 0
github.com/Sarwarhridoy4/FyClip---Advanced-Clipboard-Manager/internal/clipboard/monitor.go:360.2,369.16 8 0
github.com/Sarwarhridoy4/FyClip---Advanced-Clipboard-Manager/internal/clipboard/monitor.go:369.16,372.3 2 0
github.com/Sarwarhridoy4/FyClip---Advanced-Clipboard-Manager/internal/clipboard/monitor.go:375.2,376.25 2 0
github.com/Sarwarhridoy4/FyClip---Advanced-Clipboard-Manager/internal/clipboard/monitor.go:376.25,378.3 1 0
github.com/Sarwarhridoy4/FyClip---Advanced-Clipboard-Manager/internal/clipboard/monitor.go:380.2,388.18 3 0
github.com/Sarwarhridoy4/FyClip---Advanced-Clipboard-Manager/internal/clipboard/monitor.go:388.18,389.28 1 0
github.com/Sarwarhridoy4/FyClip---Advanced-Clipboard-Manager/internal/clipboard/monitor.go:389.28,391.4 1 0
github.com/Sarwarhridoy4/FyClip---Advanced-Clipboard-Manager/internal/clipboard/monitor.go:392.3,394.28 3 0
github.com/Sarwarhridoy4/FyClip---Advanced-Clipboard-Manager/internal/clipboard/monitor.go:399.45,402.25 3 0
github.com/Sarwarhridoy4/FyClip---Advanced-Clipboard-Manager/internal/clipboard/monitor.go:402.25,403.15 1 0
github.com/Sarwarhridoy4/FyClip---Advanced-Clipboard-Manager/internal/clipboard/monitor.go:403.15,405.4 1 0
github.com/Sarwarhridoy4/FyClip---Advanced-Clipboard-Manager/internal/clipboard/monitor.go:405.9,405.22 1 0
github.com/Sarwarhridoy4/FyClip---Advanced-Clipboard-Manager/internal/clipboard/monitor.go:405.22,408.4 2 0
github.com/Sarwarhridoy4/FyClip---Advanced-Clipboard-Manager/internal/clipboard/monitor.go:408.9,408.20 1 0
github.com/Sarwarhridoy4/FyClip---Advanced-Clipboard-Manager/internal/clipboard/monitor.go:408.20,410.4 1 0
github.com/Sarwarhridoy4/FyClip---Advanced-Clipboard-Manager/internal/clipboard/monitor.go:412.2,412.43 1 0
github.com/Sarwarhridoy4/FyClip---Advanced-Clipboard-Manager/internal/clipboard/native.go:27.53,33.16 3 1
github.com/Sarwarhridoy4/FyClip---Advanced-Clipboard-Manager/internal/clipboard/native.go:33.16,34.30 1 0
github.com/Sarwarhridoy4/FyClip---Advanced-Clipboard-Manager/internal/clipboard/native.go:34.30,36.4 1 0
github.com/Sarwarhridoy4/FyClip---Advanced-Clipboard-Manager/internal/clipboard/native.go:36.9,38.4 1 0
github.com/Sarwarhridoy4/FyClip---Advanced-Clipboard-Manager/internal/clipboard/native.go:41.2,41.16 1 1
github.com/Sarwarhridoy4/FyClip---Advanced-Clipboard-Manager/internal/clipboard/native.go:45.49,48.51 2 0
github.com/Sarwarhridoy4/FyClip---Advanced-Clipboard-Manager/internal/clipboard/native.go:48.51,49.54 1 0
github.com/Sarwarhridoy4/FyClip---Advanced-Clipboard-Manager/internal/clipboard/native.go:49.54,53.4 3 0
github.com/Sarwarhridoy4/FyClip---Advanced-Clipboard-Manager/internal/clipboard/native.go:54.3,54.61 1 0
github.com/Sarwarhridoy4/FyClip---Advanced-Clipboard-Manager/internal/clipboard/native.go:57.2,57.50 1 0
github.com/Sarwarhridoy4/FyClip---Advanced-Clipboard-Manager/internal/clipboard/native.go:57.50,61.3 3 0
github.com/Sarwarhridoy4/FyClip---Advanced-Clipboard-Manager/internal/clipboard/native.go:63.2,64.22 2 0
github.com/Sarwarhridoy4/FyClip---Advanced-Clipboard-Manager/internal/clipboard/native.go:68.46,69.19 1 1
github.com/Sarwarhridoy4/FyClip---Advanced-Clipboard-Manager/internal/clipboard/native.go:69.19,71.3 1 0
github.com/Sarwarhridoy4/FyClip---Advanced-Clipboard-Manager/internal/clipboard/native.go:73.2,73.15 1 1
github.com/Sarwarhridoy4/FyClip---Advanced-Clipboard-Manager/internal/clipboard/native.go:73.15,74.31 1 1
github.com/Sarwarhridoy4/FyClip---Advanced-Clipboard-Manager/internal/clipboard/native.go:74.31,76.4 1 0
github.com/Sarwarhridoy4/FyClip---Advanced-Clipboard-Manager/internal/clipboard/native.go:79.2,79.18 1 1
github.com/Sarwarhridoy4/FyClip---Advanced-Clipboard-Manager/internal/clipboard/native.go:79.18,81.3 1 0
github.com/Sarwarhridoy4/FyClip---Advanced-Clipboard-Manager/internal/clipboard/native.go:81.8,81.24 1 1
github.com/Sarwarhridoy4/FyClip---Advanced-Clipboard-Manager/internal/clipboard/native.go:81.24,83.3 1 0
github.com/Sarwarhridoy4/FyClip---Advanced-Clipboard-Manager/internal/clipboard/native.go:85.2,85.42 1 1
github.com/Sarwarhridoy4/FyClip---Advanced-Clipboard-Manager/internal/clipboard/native.go:89.57,90.19 1 1
github.com/Sarwarhridoy4/FyClip---Advanced-Clipboard-Manager/internal/clipboard/native.go:90.19,92.3 1 0
github.com/Sarwarhridoy4/FyClip---Advanced-Clipboard-Manager/internal/clipboard/native.go:94.2,94.15 1 1
github.com/Sarwarhridoy4/FyClip---Advanced-Clipboard-Manager/internal/clipboard/native.go:94.15,95.31 1 1
github.com/Sarwarhridoy4/FyClip---Advanced-Clipboard-Manager/internal/clipboard/native.go:95.31,97.4 1 0
github.com/Sarwarhridoy4/FyClip---Advanced-Clipboard-Manager/internal/clipboard/native.go:100.2,100.18 1 1
github.com/Sarwarhridoy4/FyClip---Advanced-Clipboard-Manager/internal/clipboard/native.go:100.18,102.3 1 0
github.com/Sarwarhridoy4/FyClip---Advanced-Clipboard-Manager/internal/clipboard/native.go:102.8,102.24 1 1
github.com/Sarwarhridoy4/FyClip---Advanced-Clipboard-Manager/internal/clipboard/native.go:102.24,104.3 1 0
github.com/Sarwarhridoy4/FyClip---Advanced-Clipboard-Manager/internal/clipboard/native.go:106.2,107.22 2 1
github.com/Sarwarhridoy4/FyClip---Advanced-Clipboard-Manager/internal/clipboard/native.go:107.22,109.3 1 0
github.com/Sarwarhridoy4/FyClip---Advanced-Clipboard-Manager/internal/clipboard/native.go:111.2,111.16 1 1
github.com/Sarwarhridoy4/FyClip---Advanced-Clipboard-Manager/internal/clipboard/native.go:115.57,116.19 1 1
github.com/Sarwarhridoy4/FyClip---Advanced-Clipboard-Manager/internal/clipboard/native.go:116.19,118.3 1 0
github.com/Sarwarhridoy4/FyClip---Advanced-Clipboard-Manager/internal/clipboard/native.go:120.2,120.15 1 1
github.com/Sarwarhridoy4/FyClip---Advanced-Clipboard-Manager/internal/clipboard/native.go:120.15,121.31 1 1
github.com/Sarwarhridoy4/FyClip---Advanced-Clipboard-Manager/internal/clipboard/native.go:121.31,123.4 1 0
github.com/Sarwarhridoy4/FyClip---Advanced-Clipboard-Manager/internal/clipboard/native.go:126.2,126.18 1 1
github.com/Sarwarhridoy4/FyClip---Advanced-Clipboard-Manager/internal/clipboard/native.go:126.18,128.3 1 0
github.com/Sarwarhridoy4/FyClip---Advanced-Clipboard-Manager/internal/clipboard/native.go:128.8,128.24 1 1
github.com/Sarwarhridoy4/FyClip---Advanced-Clipboard-Manager/internal/clipboard/native.go:128.24,130.3 1 0
github.com/Sarwarhridoy4/FyClip---Advanced-Clipboard-Manager/internal/clipboard/native.go:132.2,133.12 2 1
github.com/Sarwarhridoy4/FyClip---Advanced-Clipboard-Manager/internal/clipboard/native.go:137.64,138.19 1 1
github.com/Sarwarhridoy4/FyClip---Advanced-Clipboard-Manager/internal/clipboard/native.go:138.19,140.3 1 0
github.com/Sarwarhridoy4/FyClip---Advanced-Clipboard-Manager/internal/clipboard/native.go:142.2,143.16 2 1
github.com/Sarwarhridoy4/FyClip---Advanced-Clipboard-Manager/internal/clipboard/native.go:143.16,145.3 1 0
github.com/Sarwarhridoy4/FyClip---Advanced-Clipboard-Manager/internal/clipboard/native.go:147.2,147.15 1 1
github.com/Sarwarhridoy4/FyClip---Advanced-Clipboard-Manager/internal/clipboard/native.go:147.15,148.31 1 1
github.com/Sarwarhridoy4/FyClip---Advanced-Clipboard-Manager/internal/clipboard/native.go:148.31,150.4 1 0
github.com/Sarwarhridoy4/FyClip---Advanced-Clipboard-Manager/internal/clipboard/native.go:153.2,153.18 1 1
github.com/Sarwarhridoy4/FyClip---Advanced-Clipboard-Manager/internal/clipboard/native.go:153.18,155.3 1 0
github.com/Sarwarhridoy4/FyClip---Advanced-Clipboard-Manager/internal/clipboard/native.go:155.8,155.24 1 1
github.com/Sarwarhridoy4/FyClip---Advanced-Clipboard-Manager/internal/clipboard/native.go:155.24,157.3 1 0
github.com/Sarwarhridoy4/FyClip---Advanced-Clipboard-Manager/internal/clipboard/native.go:159.2,160.12 2 1
github.com/Sarwarhridoy4/FyClip---Advanced-Clipboard-Manager/internal/clipboard/native.go:164.46,165.19 1 0
github.com/Sarwarhridoy4/FyClip---Advanced-Clipboard-Manager/internal/clipboard/native.go:165.19,167.3 1 0
github.com/Sarwarhridoy4/FyClip---Advanced-Clipboard-Manager/internal/clipboard/native.go:169.2,169.15 1 0
github.com/Sarwarhridoy4/FyClip---Advanced-Clipboard-Manager/internal/clipboard/native.go:169.15,170.31 1 0
github.com/Sarwarhridoy4/FyClip---Advanced-Clipboard-Manager/internal/clipboard/native.go:170.31,172.4 1 0
github.com/Sarwarhridoy4/FyClip---Advanced-Clipboard-Manager/internal/clipboard/native.go:176.2,176.17 1 0
github.com/Sarwarhridoy4/FyClip---Advanced-Clipboard-Manager/internal/clipboard/native.go:176.17,182.33 5 0
github.com/Sarwarhridoy4/FyClip---Advanced-Clipboard-Manager/internal/clipboard/native.go:182.33,184.4 1 0
github.com/Sarwarhridoy4/FyClip---Advanced-Clipboard-Manager/internal/clipboard/native.go:188.2,188.18 1 0
github.com/Sarwarhridoy4/FyClip---Advanced-Clipboard-Manager/internal/clipboard/native.go:188.18,194.33 5 0
github.com/Sarwarhridoy4/FyClip---Advanced-Clipboard-Manager/internal/clipboard/native.go:194.33,196.4 1 0
github.com/Sarwarhridoy4/FyClip---Advanced-Clipboard-Manager/internal/clipboard/native.go:199.2,199.12 1 0
github.com/Sarwarhridoy4/FyClip---Advanced-Clipboard-Manager/internal/clipboard/native.go:203.75,204.19 1 0
github.com/Sarwarhridoy4/FyClip---Advanced-Clipboard-Manager/internal/clipboard/native.go:204.19,206.3 1 0
github.com/Sarwarhridoy4/FyClip---Advanced-Clipboard-Manager/internal/clipboard/native.go:208.2,208.15 1 0
github.com/Sarwarhridoy4/FyClip---Advanced-Clipboard-Manager/internal/clipboard/native.go:208.15,209.31 1 0
github.com/Sarwarhridoy4/FyClip---Advanced-Clipboard-Manager/internal/clipboard/native.go:209.31,211.4 1 0
github.com/Sarwarhridoy4/FyClip---Advanced-Clipboard-Manager/internal/clipboard/native.go:215.2,215.56 1 0
github.com/Sarwarhridoy4/FyClip---Advanced-Clipboard-Manager/internal/clipboard/native.go:215.56,217.3 1 0
github.com/Sarwarhridoy4/FyClip---Advanced-Clipboard-Manager/internal/clipboard/native.go:221.2,222.12 2 0
github.com/Sarwarhridoy4/FyClip---Advanced-Clipboard-Manager/internal/clipboard/native.go:226.53,227.19 1 0
github.com/Sarwarhridoy4/FyClip---Advanced-Clipboard-Manager/internal/clipboard/native.go:227.19,229.3 1 0
github.com/Sarwarhridoy4/FyClip---Advanced-Clipboard-Manager/internal/clipboard/native.go:231.2,231.15 1 0
github.com/Sarwarhridoy4/FyClip---Advanced-Clipboard-Manager/internal/clipboard/native.go:231.15,232.31 1 0
github.com/Sarwarhridoy4/FyClip---Advanced-Clipboard-Manager/internal/clipboard/native.go:232.31,234.4 1 0
github.com/Sarwarhridoy4/FyClip---Advanced-Clipboard-Manager/internal/clipboard/native.go:238.2,239.23 2 0
github.com/Sarwarhridoy4/FyClip---Advanced-Clipboard-Manager/internal/clipboard/native.go:239.23,242.23 2 0
github.com/Sarwarhridoy4/FyClip---Advanced-Clipboard-Manager/internal/clipboard/native.go:242.23,244.4 1 0
github.com/Sarwarhridoy4/FyClip---Advanced-Clipboard-Manager/internal/clipboard/native.go:248.2,248.17 1 0
github.com/Sarwarhridoy4/FyClip---Advanced-Clipboard-Manager/internal/clipboard/native.go:248.17,254.33 5 0
github.com/Sarwarhridoy4/FyClip---Advanced-Clipboard-Manager/internal/clipboard/native.go:254.33,256.4 1 0
github.com/Sarwarhridoy4/FyClip---Advanced-Clipboard-Manager/internal/clipboard/native.go:260.2,260.18 1 0
github.com/Sarwarhridoy4/FyClip---Advanced-Clipboard-Manager/internal/clipboard/native.go:260.18,266.33 5 0
github.com/Sarwarhridoy4/FyClip---Advanced-Clipboard-Manager/internal/clipboard/native.go:266.33,268.4 1 0
github.com/Sarwarhridoy4/FyClip---Advanced-Clipboard-Manager/internal/clipboard/native.go:271.2,271.12 1 0
github.com/Sarwarhridoy4/FyClip---Advanced-Clipboard-Manager/internal/clipboard/native.go:275.44,278.29 3 0
github.com/Sarwarhridoy4/FyClip---Advanced-Clipboard-Manager/internal/clipboard/native.go:278.29,280.41 2 0
github.com/Sarwarhridoy4/FyClip---Advanced-Clipboard-Manager/internal/clipboard/native.go:280.41,287.4 5 0
github.com/Sarwarhridoy4/FyClip---Advanced-Clipboard-Manager/internal/clipboard/native.go:289.2,289.14 1 0
github.com/Sarwarhridoy4/FyClip---Advanced-Clipboard-Manager/internal/clipboard/native.go:293.32,296.60 2 0
github.com/Sarwarhridoy4/FyClip---Advanced-Clipboard-Manager/internal/clipboard/native.go:296.60,298.3 1 0
github.com/Sarwarhridoy4/FyClip---Advanced-Clipboard-Manager/internal/clipboard/native.go:300.2,300.65 1 0
github.com/Sarwarhridoy4/FyClip---Advanced-Clipboard-Manager/internal/clipboard/native.go:300.65,302.3 1 0
github.com/Sarwarhridoy4/FyClip---Advanced-Clipboard-Manager/internal/clipboard/native.go:303.2,303.14 1 0
github.com/Sarwarhridoy4/FyClip---Advanced-Clipboard-Manager/internal/clipboard/native.go:307.65,308.19 1 0
github.com/Sarwarhridoy4/FyClip---Advanced-Clipboard-Manager/internal/clipboard/native.go:308.19,310.3 1 0
github.com/Sarwarhridoy4/FyClip---Advanced-Clipboard-Manager/internal/clipboard/native.go:313.2,314.29 2 0
github.com/Sarwarhridoy4/FyClip---Advanced-Clipboard-Manager/internal/clipboard/native.go:314.29,317.3 1 0
github.com/Sarwarhridoy4/FyClip---Advanced-Clipboard-Manager/internal/clipboard/native.go:319.2,319.63 1 0
github.com/Sarwarhridoy4/FyClip---Advanced-Clipboard-Manager/internal/clipboard/native.go:319.63,321.3 1 0
github.com/Sarwarhridoy4/FyClip---Advanced-Clipboard-Manager/internal/clipboard/native.go:323.2,324.12 2 0
github.com/Sarwarhridoy4/FyClip---Advanced-Clipboard-Manager/internal/clipboard/native.go:328.53,334.16 5 0
github.com/Sarwarhridoy4/FyClip---Advanced-Clipboard-Manager/internal/clipboard/native.go:334.16,336.3 1 0
github.com/Sarwarhridoy4/FyClip---Advanced-Clipboard-Manager/internal/clipboard/native.go:337.2,337.12 1 0
github.com/Sarwarhridoy4/FyClip---Advanced-Clipboard-Manager/internal/clipboard/native.go:340.64,346.32 5 0
github.com/Sarwarhridoy4/FyClip---Advanced-Clipboard-Manager/internal/clipboard/native.go:346.32,348.3 1 0
github.com/Sarwarhridoy4/FyClip---Advanced-Clipboard-Manager/internal/clipboard/native.go:350.2,355.32 5 0
github.com/Sarwarhridoy4/FyClip---Advanced-Clipboard-Manager/internal/clipboard/native.go:355.32,357.3 1 0
github.com/Sarwarhridoy4/FyClip---Advanced-Clipboard-Manager/internal/clipboard/native.go:359.2,359.16 1 0
github.com/Sarwarhridoy4/FyClip---Advanced-Clipboard-Manager/internal/clipboard/native.go:362.64,369.2 5 0
github.com/Sarwarhridoy4/FyClip---Advanced-Clipboard-Manager/internal/clipboard/native.go:371.65,378.2 5 0
github.com/Sarwarhridoy4/FyClip---Advanced-Clipboard-Manager/internal/clipboard/native.go:381.49,387.16 5 0
github.com/Sarwarhridoy4/FyClip---Advanced-Clipboard-Manager/internal/clipboard/native.go:387.16,389.3 1 0
github.com/Sarwarhridoy4/FyClip---Advanced-Clipboard-Manager/internal/clipboard/native.go:390.2,390.12 1 0
github.com/Sarwarhridoy4/FyClip---Advanced-Clipboard-Manager/internal/clipboard/native.go:393.60,399.32 5 0
github.com/Sarwarhridoy4/FyClip---Advanced-Clipboard-Manager/internal/clipboard/native.go:399.32,401.3 1 0
github.com/Sarwarhridoy4/FyClip---Advanced-Clipboard-Manager/internal/clipboard/native.go:403.2,408.32 5 0
github.com/Sarwarhridoy4/FyClip---Advanced-Clipboard-Manager/internal/clipboard/native.go:408.32,410.3 1 0
github.com/Sarwarhridoy4/FyClip---Advanced-Clipboard-Manager/internal/clipboard/native.go:412.2,412.16 1 0
github.com/Sarwarhridoy4/FyClip---Advanced-Clipboard-Manager/internal/clipboard/native.go:415.60,422.2 5 0
github.com/Sarwarhridoy4/FyClip---Advanced-Clipboard-Manager/internal/clipboard/native.go:424.61,431.2 5 0
github.com/Sarwarhridoy4/FyClip---Advanced-Clipboard-Manager/internal/clipboard/native.go:434.42,435.19 1 1
github.com/Sarwarhridoy4/FyClip---Advanced-Clipboard-Manager/internal/clipboard/native.go:435.19,437.3 1 1
github.com/Sarwarhridoy4/FyClip---Advanced-Clipboard-Manager/internal/clipboard/native.go:440.2,440.78 1 1
github.com/Sarwarhridoy4/FyClip---Advanced-Clipboard-Manager/internal/clipboard/native.go:440.78,442.3 1 1
github.com/Sarwarhridoy4/FyClip---Advanced-Clipboard-Manager/internal/clipboard/native.go:445.2,445.40 1 1
github.com/Sarwarhridoy4/FyClip---Advanced-Clipboard-Manager/internal/clipboard/native.go:445.40,447.3 1 1
github.com/Sarwarhridoy4/FyClip---Advanced-Clipboard-Manager/internal/clipboard/native.go:449.2,449.14 1 1
github.com/Sarwarhridoy4/FyClip---Advanced-Clipboard-Manager/internal/clipboard/native.go:453.47,455.2 1 1
github.com/Sarwarhridoy4/FyClip---Advanced-Clipboard-Manager/internal/clipboard/native.go:458.45,459.18 1 1
github.com/Sarwarhridoy4/FyClip---Advanced-Clipboard-Manager/internal/clipboard/native.go:459.18,461.3 1 0
github.com/Sarwarhridoy4/FyClip---Advanced-Clipboard-Manager/internal/clipboard/native.go:462.2,462.17 1 1
github.com/Sarwarhridoy4/FyClip---Advanced-Clipboard-Manager/internal/clipboard/native.go:462.17,464.3 1 0
github.com/Sarwarhridoy4/FyClip---Advanced-Clipboard-Manager/internal/clipboard/native.go:465.2,465.17 1 1
github.com/Sarwarhridoy4/FyClip---Advanced-Clipboard-Manager/internal/clipboard/native.go:469.50,471.16 2 0
github.com/Sarwarhridoy4/FyClip---Advanced-Clipboard-Manager/internal/clipboard/native.go:471.16,473.3 1 0
github.com/Sarwarhridoy4/FyClip---Advanced-Clipboard-Manager/internal/clipboard/native.go:475.2,481.8 1 0
github.com/Sarwarhridoy4/FyClip---Advanced-Clipboard-Manager/internal/clipboard/search.go:17.44,23.2 1 1
github.com/Sarwarhridoy4/FyClip---Advanced-Clipboard-Manager/internal/clipboard/search.go:26.69,27.17 1 1
github.com/Sarwarhridoy4/FyClip---Advanced-Clipboard-Manager/internal/clipboard/search.go:27.17,29.3 1 0
github.com/Sarwarhridoy4/FyClip---Advanced-Clipboard-Manager/internal/clipboard/search.go:32.2,33.47 2 1
github.com/Sarwarhridoy4/FyClip---Advanced-Clipboard-Manager/internal/clipboard/search.go:33.47,36.3 2 1
github.com/Sarwarhridoy4/FyClip---Advanced-Clipboard-Manager/internal/clipboard/search.go:38.2,38.25 1 1
github.com/Sarwarhridoy4/FyClip---Advanced-Clipboard-Manager/internal/clipboard/search.go:38.25,40.3 1 0
github.com/Sarwarhridoy4/FyClip---Advanced-Clipboard-Manager/internal/clipboard/search.go:43.2,43.23 1 1
github.com/Sarwarhridoy4/FyClip---Advanced-Clipboard-Manager/internal/clipboard/search.go:43.23,45.3 1 0
github.com/Sarwarhridoy4/FyClip---Advanced-Clipboard-Manager/internal/clipboard/search.go:47.2,47.23 1 1
github.com/Sarwarhridoy4/FyClip---Advanced-Clipboard-Manager/internal/clipboard/search.go:47.23,49.3 1 0
github.com/Sarwarhridoy4/FyClip---Advanced-Clipboard-Manager/internal/clipboard/search.go:52.2,52.70 1 1
github.com/Sarwarhridoy4/FyClip---Advanced-Clipboard-Manager/internal/clipboard/search.go:56.74,57.20 1 1
github.com/Sarwarhridoy4/FyClip---Advanced-Clipboard-Manager/internal/clipboard/search.go:57.20,60.3 2 1
github.com/Sarwarhridoy4/FyClip---Advanced-Clipboard-Manager/internal/clipboard/search.go:61.2,61.41 1 1
github.com/Sarwarhridoy4/FyClip---Advanced-Clipboard-Manager/internal/clipboard/search.go:65.52,67.16 2 0
github.com/Sarwarhridoy4/FyClip---Advanced-Clipboard-Manager/internal/clipboard/search.go:67.16,70.3 1 0
github.com/Sarwarhridoy4/FyClip---Advanced-Clipboard-Manager/internal/clipboard/search.go:71.2,71.32 1 0
github.com/Sarwarhridoy4/FyClip---Advanced-Clipboard-Manager/internal/clipboard/search.go:75.70,76.20 1 0
github.com/Sarwarhridoy4/FyClip---Advanced-Clipboard-Manager/internal/clipboard/search.go:76.20,79.3 2 0
github.com/Sarwarhridoy4/FyClip---Advanced-Clipboard-Manager/internal/clipboard/search.go:82.2,82.38 1 0
github.com/Sarwarhridoy4/FyClip---Advanced-Clipboard-Manager/internal/clipboard/search.go:82.38,84.3 1 0
github.com/Sarwarhridoy4/FyClip---Advanced-Clipboard-Manager/internal/clipboard/search.go:87.2,87.38 1 0
github.com/Sarwarhridoy4/FyClip---Advanced-Clipboard-Manager/internal/clipboard/search.go:91.45,93.26 2 0
github.com/Sarwarhridoy4/FyClip---Advanced-Clipboard-Manager/internal/clipboard/search.go:93.26,94.61 1 0
github.com/Sarwarhridoy4/FyClip---Advanced-Clipboard-Manager/internal/clipboard/search.go:94.61,96.4 1 0
github.com/Sarwarhridoy4/FyClip---Advanced-Clipboard-Manager/internal/clipboard/search.go:98.2,98.27 1 0
github.com/Sarwarhridoy4/FyClip---Advanced-Clipboard-Manager/internal/clipboard/search.go:102.55,106.2 2 0
github.com/Sarwarhridoy4/FyClip---Advanced-Clipboard-Manager/internal/clipboard/sensitive.go:37.46,53.2 1 0
github.com/Sarwarhridoy4/FyClip---Advanced-Clipboard-Manager/internal/clipboard/sensitive.go:56.62,57.17 1 0
github.com/Sarwarhridoy4/FyClip---Advanced-Clipboard-Manager/internal/clipboard/sensitive.go:57.17,59.3 1 0
github.com/Sarwarhridoy4/FyClip---Advanced-Clipboard-Manager/internal/clipboard/sensitive.go:61.2,64.38 3 0
github.com/Sarwarhridoy4/FyClip---Advanced-Clipboard-Manager/internal/clipboard/sensitive.go:64.38,65.35 1 0
github.com/Sarwarhridoy4/FyClip---Advanced-Clipboard-Manager/internal/clipboard/sensitive.go:65.35,67.4 1 0
github.com/Sarwarhridoy4/FyClip---Advanced-Clipboard-Manager/internal/clipboard/sensitive.go:70.2,70.14 1 0
github.com/Sarwarhridoy4/FyClip---Advanced-Clipboard-Manager/internal/clipboard/sensitive.go:74.54,78.2 3 0
github.com/Sarwarhridoy4/FyClip---Advanced-Clipboard-Manager/internal/clipboard/sensitive.go:81.63,85.2 3 0
github.com/Sarwarhridoy4/FyClip---Advanced-Clipboard-Manager/internal/clipboard/sensitive.go:88.56,92.2 3 0
github.com/Sarwarhridoy4/FyClip---Advanced-Clipboard-Manager/internal/clipboard/sensitive.go:95.62,97.16 2 0
github.com/Sarwarhridoy4/FyClip---Advanced-Clipboard-Manager/internal/clipboard/sensitive.go:97.16,99.3 1 0
github.com/Sarwarhridoy4/FyClip---Advanced-Clipboard-Manager/internal/clipboard/sensitive.go:101.2,104.12 4 0
github.com/Sarwarhridoy4/FyClip---Advanced-Clipboard-Manager/internal/clipboard/sensitive.go:108.65,110.16 2 0
github.com/Sarwarhridoy4/FyClip---Advanced-Clipboard-Manager/internal/clipboard/sensitive.go:110.16,112.3 1 0
github.com/Sarwarhridoy4/FyClip---Advanced-Clipboard-Manager/internal/clipboard/sensitive.go:114.2,117.32 3 0
github.com/Sarwarhridoy4/FyClip---Advanced-Clipboard-Manager/internal/clipboard/sensitive.go:117.32,118.32 1 0
github.com/Sarwarhridoy4/FyClip---Advanced-Clipboard-Manager/internal/clipboard/sensitive.go:118.32,121.4 2 0
github.com/Sarwarhridoy4/FyClip---Advanced-Clipboard-Manager/internal/clipboard/sensitive.go:124.2,124.12 1 0
github.com/Sarwarhridoy4/FyClip---Advanced-Clipboard-Manager/internal/clipboard/sensitive.go:128.54,132.2 3 0
github.com/Sarwarhridoy4/FyClip---Advanced-Clipboard-Manager/internal/clipboard/sensitive.go:135.46,139.2 3 0
github.com/Sarwarhridoy4/FyClip---Advanced-Clipboard-Manager/internal/clipboard/sensitive.go:142.52,147.32 4 0
github.com/Sarwarhridoy4/FyClip---Advanced-Clipboard-Manager/internal/clipboard/sensitive.go:147.32,149.3 1 0
github.com/Sarwarhridoy4/FyClip---Advanced-Clipboard-Manager/internal/clipboard/sensitive.go:150.2,150.17 1 0
github.com/Sarwarhridoy4/FyClip---Advanced-Clipboard-Manager/internal/clipboard/sensitive.go:154.29,155.14 1 0
github.com/Sarwarhridoy4/FyClip---Advanced-Clipboard-Manager/internal/clipboard/sensitive.go:155.14,157.3 1 0
github.com/Sarwarhridoy4/FyClip---Advanced-Clipboard-Manager/internal/clipboard/sensitive.go:160.2,160.24 1 0
github.com/Sarwarhridoy4/FyClip---Advanced-Clipboard-Manager/internal/clipboard/sensitive.go:160.24,162.3 1 0
github.com/Sarwarhridoy4/FyClip---Advanced-Clipboard-Manager/internal/clipboard/sensitive.go:165.2,165.28 1 0
github.com/Sarwarhridoy4/FyClip---Advanced-Clipboard-Manager/internal/clipboard/sensitive.go:165.28,167.3 1 0
github.com/Sarwarhridoy4/FyClip---Advanced-Clipboard-Manager/internal/clipboard/sensitive.go:170.2,170.26 1 0
github.com/Sarwarhridoy4/FyClip---Advanced-Clipboard-Manager/internal/clipboard/sensitive.go:170.26,172.3 1 0
github.com/Sarwarhridoy4/FyClip---Advanced-Clipboard-Manager/internal/clipboard/sensitive.go:175.2,175.23 1 0
github.com/Sarwarhridoy4/FyClip---Advanced-Clipboard-Manager/internal/clipboard/sensitive.go:175.23,178.3 2 0
github.com/Sarwarhridoy4/FyClip---Advanced-Clipboard-Manager/internal/clipboard/sensitive.go:181.2,181.13 1 0
github.com/Sarwarhridoy4/FyClip---Advanced-Clipboard-Manager/internal/clipboard/sensitive.go:185.32,187.44 2 0
github.com/Sarwarhridoy4/FyClip---Advanced-Clipboard-Manager/internal/clipboard/sensitive.go:187.44,190.3 1 0
github.com/Sarwarhridoy4/FyClip---Advanced-Clipboard-Manager/internal/clipboard/sensitive.go:191.2,191.34 1 0
github.com/Sarwarhridoy4/FyClip---Advanced-Clipboard-Manager/internal/clipboard/snippet.go:31.58,36.2 1 1
github.com/Sarwarhridoy4/FyClip---Advanced-Clipboard-Manager/internal/clipboard/snippet.go:39.48,44.16 3 1
github.com/Sarwarhridoy4/FyClip---Advanced-Clipboard-Manager/internal/clipboard/snippet.go:44.16,45.25 1 1
github.com/Sarwarhridoy4/FyClip---Advanced-Clipboard-Manager/internal/clipboard/snippet.go:45.25,49.4 2 1
github.com/Sarwarhridoy4/FyClip---Advanced-Clipboard-Manager/internal/clipboard/snippet.go:50.3,50.13 1 0
github.com/Sarwarhridoy4/FyClip---Advanced-Clipboard-Manager/internal/clipboard/snippet.go:53.2,53.43 1 0
github.com/Sarwarhridoy4/FyClip---Advanced-Clipboard-Manager/internal/clipboard/snippet.go:57.48,60.16 3 1
github.com/Sarwarhridoy4/FyClip---Advanced-Clipboard-Manager/internal/clipboard/snippet.go:60.16,62.3 1 0
github.com/Sarwarhridoy4/FyClip---Advanced-Clipboard-Manager/internal/clipboard/snippet.go:64.2,64.39 1 1
github.com/Sarwarhridoy4/FyClip---Advanced-Clipboard-Manager/internal/clipboard/snippet.go:68.51,70.2 1 0
github.com/Sarwarhridoy4/FyClip---Advanced-Clipboard-Manager/internal/clipboard/snippet.go:73.69,74.32 1 0
github.com/Sarwarhridoy4/FyClip---Advanced-Clipboard-Manager/internal/clipboard/snippet.go:74.32,75.17 1 0
github.com/Sarwarhridoy4/FyClip---Advanced-Clipboard-Manager/internal/clipboard/snippet.go:75.17,77.4 1 0
github.com/Sarwarhridoy4/FyClip---Advanced-Clipboard-Manager/internal/clipboard/snippet.go:79.2,79.25 1 0
github.com/Sarwarhridoy4/FyClip---Advanced-Clipboard-Manager/internal/clipboard/snippet.go:83.81,84.32 1 0
github.com/Sarwarhridoy4/FyClip---Advanced-Clipboard-Manager/internal/clipboard/snippet.go:84.32,85.29 1 0
github.com/Sarwarhridoy4/FyClip---Advanced-Clipboard-Manager/internal/clipboard/snippet.go:85.29,87.4 1 0
github.com/Sarwarhridoy4/FyClip---Advanced-Clipboard-Manager/internal/clipboard/snippet.go:89.2,89.25 1 0
github.com/Sarwarhridoy4/FyClip---Advanced-Clipboard-Manager/internal/clipboard/snippet.go:93.61,100.2 5 0
github.com/Sarwarhridoy4/FyClip---Advanced-Clipboard-Manager/internal/clipboard/snippet.go:103.64,104.32 1 0
github.com/Sarwarhridoy4/FyClip---Advanced-Clipboard-Manager/internal/clipboard/snippet.go:104.32,105.25 1 0
github.com/Sarwarhridoy4/FyClip---Advanced-Clipboard-Manager/internal/clipboard/snippet.go:105.25,110.4 4 0
github.com/Sarwarhridoy4/FyClip---Advanced-Clipboard-Manager/internal/clipboard/snippet.go:112.2,112.40 1 0
github.com/Sarwarhridoy4/FyClip---Advanced-Clipboard-Manager/internal/clipboard/snippet.go:116.58,117.32 1 0
github.com/Sarwarhridoy4/FyClip---Advanced-Clipboard-Manager/internal/clipboard/snippet.go:117.32,118.17 1 0
github.com/Sarwarhridoy4/FyClip---Advanced-Clipboard-Manager/internal/clipboard/snippet.go:118.17,121.4 2 0
github.com/Sarwarhridoy4/FyClip---Advanced-Clipboard-Manager/internal/clipboard/snippet.go:123.2,123.40 1 0
github.com/Sarwarhridoy4/FyClip---Advanced-Clipboard-Manager/internal/clipboard/snippet.go:127.89,144.2 10 0
github.com/Sarwarhridoy4/FyClip---Advanced-Clipboard-Manager/internal/clipboard/snippet.go:147.52,149.32 2 0
github.com/Sarwarhridoy4/FyClip---Advanced-Clipboard-Manager/internal/clipboard/snippet.go:149.32,150.23 1 0
github.com/Sarwarhridoy4/FyClip---Advanced-Clipboard-Manager/internal/clipboard/snippet.go:150.23,152.4 1 0
github.com/Sarwarhridoy4/FyClip---Advanced-Clipboard-Manager/internal/clipboard/snippet.go:155.2,156.26 2 0
github.com/Sarwarhridoy4/FyClip---Advanced-Clipboard-Manager/internal/clipboard/snippet.go:156.26,158.3 1 0
github.com/Sarwarhridoy4/FyClip---Advanced-Clipboard-Manager/internal/clipboard/snippet.go:160.2,160.19 1 0
github.com/Sarwarhridoy4/FyClip---Advanced-Clipboard-Manager/internal/clipboard/snippet.go:164.37,192.2 2 1
github.com/Sarwarhridoy4/FyClip---Advanced-Clipboard-Manager/internal/clipboard/storage.go:28.52,29.20 1 1
github.com/Sarwarhridoy4/FyClip---Advanced-Clipboard-Manager/internal/clipboard/storage.go:29.20,31.17 2 1
github.com/Sarwarhridoy4/FyClip---Advanced-Clipboard-Manager/internal/clipboard/storage.go:31.17,33.4 1 0
github.com/Sarwarhridoy4/FyClip---Advanced-Clipboard-Manager/internal/clipboard/storage.go:34.3,34.21 1 1
github.com/Sarwarhridoy4/FyClip---Advanced-Clipboard-Manager/internal/clipboard/storage.go:38.2,39.53 2 1
github.com/Sarwarhridoy4/FyClip---Advanced-Clipboard-Manager/internal/clipboard/storage.go:39.53,41.3 1 0
github.com/Sarwarhridoy4/FyClip---Advanced-Clipboard-Manager/internal/clipboard/storage.go:43.2,50.16 4 1
github.com/Sarwarhridoy4/FyClip---Advanced-Clipboard-Manager/internal/clipboard/storage.go:50.16,52.3 1 0
github.com/Sarwarhridoy4/FyClip---Advanced-Clipboard-Manager/internal/clipboard/storage.go:53.2,56.15 2 1
github.com/Sarwarhridoy4/FyClip---Advanced-Clipboard-Manager/internal/clipboard/storage.go:60.54,61.52 1 1
github.com/Sarwarhridoy4/FyClip---Advanced-Clipboard-Manager/internal/clipboard/storage.go:61.52,64.58 2 1
github.com/Sarwarhridoy4/FyClip---Advanced-Clipboard-Manager/internal/clipboard/storage.go:64.58,66.4 1 0
github.com/Sarwarhridoy4/FyClip---Advanced-Clipboard-Manager/internal/clipboard/storage.go:67.3,67.86 1 1
github.com/Sarwarhridoy4/FyClip---Advanced-Clipboard-Manager/internal/clipboard/storage.go:67.86,69.4 1 0
github.com/Sarwarhridoy4/FyClip---Advanced-Clipboard-Manager/internal/clipboard/storage.go:70.3,70.18 1 1
github.com/Sarwarhridoy4/FyClip---Advanced-Clipboard-Manager/internal/clipboard/storage.go:71.8,71.23 1 1
github.com/Sarwarhridoy4/FyClip---Advanced-Clipboard-Manager/internal/clipboard/storage.go:71.23,73.3 1 0
github.com/Sarwarhridoy4/FyClip---Advanced-Clipboard-Manager/internal/clipboard/storage.go:76.2,77.16 2 1
github.com/Sarwarhridoy4/FyClip---Advanced-Clipboard-Manager/internal/clipboard/storage.go:77.16,79.3 1 0
github.com/Sarwarhridoy4/FyClip---Advanced-Clipboard-Manager/internal/clipboard/storage.go:80.2,81.16 2 1
github.com/Sarwarhridoy4/FyClip---Advanced-Clipboard-Manager/internal/clipboard/storage.go:81.16,83.3 1 0
github.com/Sarwarhridoy4/FyClip---Advanced-Clipboard-Manager/internal/clipboard/storage.go:84.2,84.20 1 1
github.com/Sarwarhridoy4/FyClip---Advanced-Clipboard-Manager/internal/clipboard/storage.go:84.20,86.3 1 0
github.com/Sarwarhridoy4/FyClip---Advanced-Clipboard-Manager/internal/clipboard/storage.go:87.2,87.17 1 1
github.com/Sarwarhridoy4/FyClip---Advanced-Clipboard-Manager/internal/clipboard/storage.go:91.42,96.16 4 1
github.com/Sarwarhridoy4/FyClip---Advanced-Clipboard-Manager/internal/clipboard/storage.go:96.16,97.25 1 1
github.com/Sarwarhridoy4/FyClip---Advanced-Clipboard-Manager/internal/clipboard/storage.go:97.25,99.4 1 1
github.com/Sarwarhridoy4/FyClip---Advanced-Clipboard-Manager/internal/clipboard/storage.go:100.3,100.65 1 0
github.com/Sarwarhridoy4/FyClip---Advanced-Clipboard-Manager/internal/clipboard/storage.go:104.2,105.16 2 1
github.com/Sarwarhridoy4/FyClip---Advanced-Clipboard-Manager/internal/clipboard/storage.go:105.16,107.3 1 0
github.com/Sarwarhridoy4/FyClip---Advanced-Clipboard-Manager/internal/clipboard/storage.go:109.2,110.62 2 1
github.com/Sarwarhridoy4/FyClip---Advanced-Clipboard-Manager/internal/clipboard/storage.go:110.62,112.3 1 0
github.com/Sarwarhridoy4/FyClip---Advanced-Clipboard-Manager/internal/clipboard/storage.go:114.2,114.19 1 1
github.com/Sarwarhridoy4/FyClip---Advanced-Clipboard-Manager/internal/clipboard/storage.go:118.44,123.16 4 1
github.com/Sarwarhridoy4/FyClip---Advanced-Clipboard-Manager/internal/clipboard/storage.go:123.16,125.3 1 0
github.com/Sarwarhridoy4/FyClip---Advanced-Clipboard-Manager/internal/clipboard/storage.go:128.2,129.16 2 1
github.com/Sarwarhridoy4/FyClip---Advanced-Clipboard-Manager/internal/clipboard/storage.go:129.16,131.3 1 0
github.com/Sarwarhridoy4/FyClip---Advanced-Clipboard-Manager/internal/clipboard/storage.go:134.2,135.68 2 1
github.com/Sarwarhridoy4/FyClip---Advanced-Clipboard-Manager/internal/clipboard/storage.go:135.68,137.3 1 0
github.com/Sarwarhridoy4/FyClip---Advanced-Clipboard-Manager/internal/clipboard/storage.go:140.2,140.56 1 1
github.com/Sarwarhridoy4/FyClip---Advanced-Clipboard-Manager/internal/clipboard/storage.go:140.56,143.3 2 0
github.com/Sarwarhridoy4/FyClip---Advanced-Clipboard-Manager/internal/clipboard/storage.go:145.2,145.12 1 1
github.com/Sarwarhridoy4/FyClip---Advanced-Clipboard-Manager/internal/clipboard/storage.go:149.36,153.2 3 1
github.com/Sarwarhridoy4/FyClip---Advanced-Clipboard-Manager/internal/clipboard/storage.go:156.35,158.2 1 1
github.com/Sarwarhridoy4/FyClip---Advanced-Clipboard-Manager/internal/clipboard/storage.go:161.33,165.69 3 1
github.com/Sarwarhridoy4/FyClip---Advanced-Clipboard-Manager/internal/clipboard/storage.go:165.69,167.3 1 0
github.com/Sarwarhridoy4/FyClip---Advanced-Clipboard-Manager/internal/clipboard/storage.go:169.2,169.12 1 1
github.com/Sarwarhridoy4/FyClip---Advanced-Clipboard-Manager/internal/clipboard/storage.go:174.60,176.16 2 1
github.com/Sarwarhridoy4/FyClip---Advanced-Clipboard-Manager/internal/clipboard/storage.go:176.16,178.3 1 1
github.com/Sarwarhridoy4/FyClip---Advanced-Clipboard-Manager/internal/clipboard/storage.go:180.2,181.16 2 1
github.com/Sarwarhridoy4/FyClip---Advanced-Clipboard-Manager/internal/clipboard/storage.go:181.16,183.3 1 0
github.com/Sarwarhridoy4/FyClip---Advanced-Clipboard-Manager/internal/clipboard/storage.go:185.2,186.59 2 1
github.com/Sarwarhridoy4/FyClip---Advanced-Clipboard-Manager/internal/clipboard/storage.go:186.59,188.3 1 0
github.com/Sarwarhridoy4/FyClip---Advanced-Clipboard-Manager/internal/clipboard/storage.go:190.2,191.24 2 1
github.com/Sarwarhridoy4/FyClip---Advanced-Clipboard-Manager/internal/clipboard/storage.go:196.61,198.16 2 1
github.com/Sarwarhridoy4/FyClip---Advanced-Clipboard-Manager/internal/clipboard/storage.go:198.16,200.3 1 0
github.com/Sarwarhridoy4/FyClip---Advanced-Clipboard-Manager/internal/clipboard/storage.go:202.2,203.16 2 1
github.com/Sarwarhridoy4/FyClip---Advanced-Clipboard-Manager/internal/clipboard/storage.go:203.16,205.3 1 0
github.com/Sarwarhridoy4/FyClip---Advanced-Clipboard-Manager/internal/clipboard/storage.go:207.2,208.33 2 1
github.com/Sarwarhridoy4/FyClip---Advanced-Clipboard-Manager/internal/clipboard/storage.go:208.33,210.3 1 1
github.com/Sarwarhridoy4/FyClip---Advanced-Clipboard-Manager/internal/clipboard/storage.go:212.2,214.16 3 1
github.com/Sarwarhridoy4/FyClip---Advanced-Clipboard-Manager/internal/clipboard/storage.go:214.16,216.3 1 1
github.com/Sarwarhridoy4/FyClip---Advanced-Clipboard-Manager/internal/clipboard/storage.go:217.2,217.23 1 1
